#
# There is insufficient memory for the Java Runtime Environment to continue.
# Native memory allocation (mmap) failed to map 132120576 bytes for G1 virtual space
# Possible reasons:
#   The system is out of physical RAM or swap space
#   The process is running with CompressedOops enabled, and the Java Heap may be blocking the growth of the native heap
# Possible solutions:
#   Reduce memory load on the system
#   Increase physical memory or swap space
#   Check if swap backing store is full
#   Decrease Java heap size (-Xmx/-Xms)
#   Decrease number of Java threads
#   Decrease Java thread stack sizes (-Xss)
#   Set larger code cache with -XX:ReservedCodeCacheSize=
#   JVM is running with Unscaled Compressed Oops mode in which the Java heap is
#     placed in the first 4GB address space. The Java Heap base address is the
#     maximum limit for the native heap growth. Please use -XX:HeapBaseMinAddress
#     to set the Java Heap base and to place the Java Heap above 4GB virtual address.
# This output file may be truncated or incomplete.
#
#  Out of Memory Error (os_windows.cpp:3769), pid=14208, tid=23248
#
# JRE version:  (17.0.6) (build )
# Java VM: OpenJDK 64-Bit Server VM (17.0.6+0-b2043.56-10027231, mixed mode, sharing, tiered, compressed oops, compressed class ptrs, g1 gc, windows-amd64)
# No core dump will be written. Minidumps are not enabled by default on client versions of Windows
#

---------------  S U M M A R Y ------------

Command Line: org.jetbrains.kotlin.cli.jvm.K2JVMCompiler @D:\Programing\summer_note\build\share_plus\20240113_15037405659724682187.compiler.options

Host: Intel(R) Core(TM) i7-9750H CPU @ 2.60GHz, 12 cores, 7G,  Windows 11 , 64 bit Build 22621 (10.0.22621.2506)
Time: Sat Jan 13 12:35:12 2024 Sri Lanka Standard Time elapsed time: 0.014801 seconds (0d 0h 0m 0s)

---------------  T H R E A D  ---------------

Current thread (0x000001a91c335cf0):  JavaThread "Unknown thread" [_thread_in_vm, id=23248, stack(0x00000082dec00000,0x00000082ded00000)]

Stack: [0x00000082dec00000,0x00000082ded00000]
Native frames: (J=compiled Java code, j=interpreted, Vv=VM code, C=native code)
V  [jvm.dll+0x683c9a]
V  [jvm.dll+0x8427a4]
V  [jvm.dll+0x843f9e]
V  [jvm.dll+0x844603]
V  [jvm.dll+0x249b75]
V  [jvm.dll+0x680b69]
V  [jvm.dll+0x67505a]
V  [jvm.dll+0x309acb]
V  [jvm.dll+0x310f86]
V  [jvm.dll+0x3608ee]
V  [jvm.dll+0x360b1f]
V  [jvm.dll+0x2dfbf8]
V  [jvm.dll+0x2e0b64]
V  [jvm.dll+0x814091]
V  [jvm.dll+0x36e6a1]
V  [jvm.dll+0x7f35cc]
V  [jvm.dll+0x3f0e8f]
V  [jvm.dll+0x3f29d1]
C  [jli.dll+0x526b]
C  [ucrtbase.dll+0x29363]
C  [KERNEL32.DLL+0x1257d]
C  [ntdll.dll+0x5aa58]


---------------  P R O C E S S  ---------------

Threads class SMR info:
_java_thread_list=0x00007ffb3113c058, length=0, elements={
}

Java Threads: ( => current thread )

Other Threads:
  0x000001a91c38f350 GCTaskThread "GC Thread#0" [stack: 0x00000082ded00000,0x00000082dee00000] [id=1896]
  0x000001a91c3a1e30 ConcurrentGCThread "G1 Main Marker" [stack: 0x00000082dee00000,0x00000082def00000] [id=10112]
  0x000001a91c3a2fe0 ConcurrentGCThread "G1 Conc#0" [stack: 0x00000082def00000,0x00000082df000000] [id=1240]

[error occurred during error reporting (printing all threads), id 0xc0000005, EXCEPTION_ACCESS_VIOLATION (0xc0000005) at pc=0x00007ffb308f0797]

VM state: not at safepoint (not fully initialized)

VM Mutex/Monitor currently owned by a thread:  ([mutex/lock_event])
[0x000001a91c32fc40] Heap_lock - owner thread: 0x000001a91c335cf0

Heap address: 0x0000000082400000, size: 2012 MB, Compressed Oops mode: 32-bit

CDS archive(s) mapped at: [0x0000000000000000-0x0000000000000000-0x0000000000000000), size 0, SharedBaseAddress: 0x0000000800000000, ArchiveRelocationMode: 0.
Narrow klass base: 0x0000000000000000, Narrow klass shift: 0, Narrow klass range: 0x0

GC Precious Log:
<Empty>

Heap:
 garbage-first heap   total 0K, used 0K [0x0000000082400000, 0x0000000100000000)
  region size 1024K, 0 young (0K), 0 survivors (0K)

[error occurred during error reporting (printing heap information), id 0xc0000005, EXCEPTION_ACCESS_VIOLATION (0xc0000005) at pc=0x00007ffb30cdda89]

GC Heap History (0 events):
No events

Dll operation events (1 events):
Event: 0.011 Loaded shared library D:\programs\AndroidStudio\jbr\bin\java.dll

Deoptimization events (0 events):
No events

Classes unloaded (0 events):
No events

Classes redefined (0 events):
No events

Internal exceptions (0 events):
No events

VM Operations (0 events):
No events

Events (0 events):
No events


Dynamic libraries:
0x00007ff71a5c0000 - 0x00007ff71a5ca000 	D:\programs\AndroidStudio\jbr\bin\java.exe
0x00007ffbd00d0000 - 0x00007ffbd02e7000 	C:\Windows\SYSTEM32\ntdll.dll
0x00007ffbcedf0000 - 0x00007ffbceeb4000 	C:\Windows\System32\KERNEL32.DLL
0x00007ffbcd990000 - 0x00007ffbcdd36000 	C:\Windows\System32\KERNELBASE.dll
0x00007ffbcd7d0000 - 0x00007ffbcd8e1000 	C:\Windows\System32\ucrtbase.dll
0x00007ffb9bd90000 - 0x00007ffb9bdab000 	D:\programs\AndroidStudio\jbr\bin\VCRUNTIME140.dll
0x00007ffba2150000 - 0x00007ffba2167000 	D:\programs\AndroidStudio\jbr\bin\jli.dll
0x00007ffbcfd90000 - 0x00007ffbcff3e000 	C:\Windows\System32\USER32.dll
0x00007ffbb9250000 - 0x00007ffbb94e3000 	C:\Windows\WinSxS\amd64_microsoft.windows.common-controls_6595b64144ccf1df_6.0.22621.2506_none_270c5ae97388e100\COMCTL32.dll
0x00007ffbcdd40000 - 0x00007ffbcdd66000 	C:\Windows\System32\win32u.dll
0x00007ffbcfca0000 - 0x00007ffbcfd47000 	C:\Windows\System32\msvcrt.dll
0x00007ffbcfa50000 - 0x00007ffbcfa79000 	C:\Windows\System32\GDI32.dll
0x00007ffbcd6b0000 - 0x00007ffbcd7c8000 	C:\Windows\System32\gdi32full.dll
0x00007ffbcd8f0000 - 0x00007ffbcd98a000 	C:\Windows\System32\msvcp_win.dll
0x00007ffbcfd50000 - 0x00007ffbcfd81000 	C:\Windows\System32\IMM32.DLL
0x00007ffba2140000 - 0x00007ffba214c000 	D:\programs\AndroidStudio\jbr\bin\vcruntime140_1.dll
0x00007ffb90a00000 - 0x00007ffb90a8d000 	D:\programs\AndroidStudio\jbr\bin\msvcp140.dll
0x00007ffb30600000 - 0x00007ffb3126e000 	D:\programs\AndroidStudio\jbr\bin\server\jvm.dll
0x00007ffbcf990000 - 0x00007ffbcfa43000 	C:\Windows\System32\ADVAPI32.dll
0x00007ffbce9a0000 - 0x00007ffbcea48000 	C:\Windows\System32\sechost.dll
0x00007ffbcddf0000 - 0x00007ffbcde18000 	C:\Windows\System32\bcrypt.dll
0x00007ffbcecd0000 - 0x00007ffbcede7000 	C:\Windows\System32\RPCRT4.dll
0x00007ffbc6990000 - 0x00007ffbc69c4000 	C:\Windows\SYSTEM32\WINMM.dll
0x00007ffbcaec0000 - 0x00007ffbcaeca000 	C:\Windows\SYSTEM32\VERSION.dll
0x00007ffbca2e0000 - 0x00007ffbca2e9000 	C:\Windows\SYSTEM32\WSOCK32.dll
0x00007ffbcde40000 - 0x00007ffbcdeb1000 	C:\Windows\System32\WS2_32.dll
0x00007ffbcc400000 - 0x00007ffbcc418000 	C:\Windows\SYSTEM32\kernel.appcore.dll
0x00007ffba1f10000 - 0x00007ffba1f1a000 	D:\programs\AndroidStudio\jbr\bin\jimage.dll
0x00007ffbc4340000 - 0x00007ffbc4573000 	C:\Windows\SYSTEM32\DBGHELP.DLL
0x00007ffbcf080000 - 0x00007ffbcf409000 	C:\Windows\System32\combase.dll
0x00007ffbcfa80000 - 0x00007ffbcfb57000 	C:\Windows\System32\OLEAUT32.dll
0x00007ffbc3fb0000 - 0x00007ffbc3fe2000 	C:\Windows\SYSTEM32\dbgcore.DLL
0x00007ffbcdd70000 - 0x00007ffbcddea000 	C:\Windows\System32\bcryptPrimitives.dll
0x00007ffb91690000 - 0x00007ffb916b5000 	D:\programs\AndroidStudio\jbr\bin\java.dll

dbghelp: loaded successfully - version: 4.0.5 - missing functions: none
symbol engine: initialized successfully - sym options: 0x614 - pdb path: .;D:\programs\AndroidStudio\jbr\bin;C:\Windows\SYSTEM32;C:\Windows\WinSxS\amd64_microsoft.windows.common-controls_6595b64144ccf1df_6.0.22621.2506_none_270c5ae97388e100;D:\programs\AndroidStudio\jbr\bin\server

VM Arguments:
java_command: org.jetbrains.kotlin.cli.jvm.K2JVMCompiler @D:\Programing\summer_note\build\share_plus\20240113_15037405659724682187.compiler.options
java_class_path (initial): C:\Users\SENESH\.gradle\caches\modules-2\files-2.1\org.jetbrains.kotlin\kotlin-compiler-embeddable\1.7.10\909803167c98606fcf22b4c848647c68e351d48d\kotlin-compiler-embeddable-1.7.10.jar;C:\Users\SENESH\.gradle\caches\modules-2\files-2.1\org.jetbrains.kotlin\kotlin-reflect\1.7.10\165e600dfea6185cf5efa700756294cc4904dbeb\kotlin-reflect-1.7.10.jar;C:\Users\SENESH\.gradle\caches\modules-2\files-2.1\org.jetbrains.kotlin\kotlin-stdlib\1.7.10\d2abf9e77736acc4450dc4a3f707fa2c10f5099d\kotlin-stdlib-1.7.10.jar;C:\Users\SENESH\.gradle\caches\modules-2\files-2.1\org.jetbrains.kotlin\kotlin-script-runtime\1.7.10\c99c87a6988d8fd8d5142e9ed5c9f34a7cf561ee\kotlin-script-runtime-1.7.10.jar;C:\Users\SENESH\.gradle\caches\modules-2\files-2.1\org.jetbrains.kotlin\kotlin-daemon-embeddable\1.7.10\3a9f7aef7080d3ae63126cbba4f827ed664f32fa\kotlin-daemon-embeddable-1.7.10.jar;C:\Users\SENESH\.gradle\caches\modules-2\files-2.1\org.jetbrains.intellij.deps\trove4j\1.0.20200330\3afb14d5f9ceb459d724e907a21145e8ff394f02\trove4j-1.0.20200330.jar;C:\Users\SENESH\.gradle\caches\modules-2\files-2.1\net.java.dev.jna\jna\5.6.0\330f2244e9030119ab3030fc3fededc86713d9cc\jna-5.6.0.jar;C:\Users\SENESH\.gradle\caches\modules-2\files-2.1\org.jetbrains.kotlin\kotlin-stdlib-common\1.7.10\bac80c520d0a9e3f3673bc2658c6ed02ef45a76a\kotlin-stdlib-common-1.7.10.jar;C:\Users\SENESH\.gradle\caches\modules-2\files-2.1\org.jetbrains\annotations\13.0\919f0dfe192fb4e063e7dacadee7f8bb9a2672a9\annotations-13.0.jar
Launcher Type: SUN_STANDARD

[Global flags]
     intx CICompilerCount                          = 4                                         {product} {ergonomic}
     uint ConcGCThreads                            = 3                                         {product} {ergonomic}
     uint G1ConcRefinementThreads                  = 10                                        {product} {ergonomic}
   size_t G1HeapRegionSize                         = 1048576                                   {product} {ergonomic}
    uintx GCDrainStackTargetSize                   = 64                                        {product} {ergonomic}
   size_t InitialHeapSize                          = 132120576                                 {product} {ergonomic}
   size_t MarkStackSize                            = 4194304                                   {product} {ergonomic}
   size_t MaxHeapSize                              = 2109734912                                {product} {ergonomic}
   size_t MinHeapDeltaBytes                        = 1048576                                   {product} {ergonomic}
   size_t MinHeapSize                              = 8388608                                   {product} {ergonomic}
    uintx NonNMethodCodeHeapSize                   = 5839372                                {pd product} {ergonomic}
    uintx NonProfiledCodeHeapSize                  = 122909434                              {pd product} {ergonomic}
    uintx ProfiledCodeHeapSize                     = 122909434                              {pd product} {ergonomic}
    uintx ReservedCodeCacheSize                    = 251658240                              {pd product} {ergonomic}
     bool SegmentedCodeCache                       = true                                      {product} {ergonomic}
   size_t SoftMaxHeapSize                          = 2109734912                             {manageable} {ergonomic}
     bool UseCompressedClassPointers               = true                           {product lp64_product} {ergonomic}
     bool UseCompressedOops                        = true                           {product lp64_product} {ergonomic}
     bool UseG1GC                                  = true                                      {product} {ergonomic}
     bool UseLargePagesIndividualAllocation        = false                                  {pd product} {ergonomic}

Logging:
Log output configuration:
 #0: stdout all=warning uptime,level,tags
 #1: stderr all=off uptime,level,tags

Environment Variables:
JAVA_HOME=D:\programs\AndroidStudio\jbr
CLASSPATH=D:\Programing\summer_note\android\\gradle\wrapper\gradle-wrapper.jar
PATH=D:\programs\AndroidStudio\jbr\bin;;D:\programs\VULKAN\Bin;C:\Program Files\Common Files\Oracle\Java\javapath;C:\Windows\system32;C:\Windows;C:\Windows\System32\Wbem;C:\Windows\System32\WindowsPowerShell\v1.0\;C:\Windows\System32\OpenSSH\;C:\Program Files\NVIDIA Corporation\NVIDIA NvDLISR;C:\Program Files\Microsoft SQL Server\150\Tools\Binn\;C:\Program Files\Microsoft SQL Server\Client SDK\ODBC\170\Tools\Binn\;C:\Program Files (x86)\NVIDIA Corporation\PhysX\Common;D:\programs\Microsoft VS Code\bin;D:\programs\Node\;D:\programs\Git\cmd;C:\Program Files\dotnet\;C:\Program Files (x86)\Windows Kits\10\Windows Performance Toolkit\;C:\ProgramData\chocolatey\bin;D:\programs\Anaconda;D:\programs\Anaconda\Library\mingw-w64\bin;D:\programs\Anaconda\Library\usr\bin;D:\programs\Anaconda\Library\bin;D:\programs\Anaconda\Scripts;C:\Users\SENESH\.cargo\bin;D:\programs\Python\Scripts\;D:\programs\Python\;C:\Users\SENESH\AppData\Local\Programs\Python\Launcher\;C:\Users\SENESH\AppData\Local\Microsoft\WindowsApps;C:\Users\SENESH\AppData\Roaming\npm;C:\Users\SENESH\AppData\Local\Programs\oh-my-posh\bin;D:\programs\LLVM\bin;D:\programs\CMake\bin;D:\programs\flutter\bin;D:\programs\ChocoTools\dart-sdk\bin;C:\Users\SENESH\AppData\Local\Pub\Cache\bin;D:\programs\ChocoTools\dart-sdk;D:\programs\JDK 21bin;D:\programs\Tomcat\apache-tomcat-10.0.27\bin;C:\Users\SENESH\.dotnet\tools;D:\programs\flutter\bin\mingit\cmd;D:\programs\flutter\bin\mingit\cmd
USERNAME=SENESH
OS=Windows_NT
PROCESSOR_IDENTIFIER=Intel64 Family 6 Model 158 Stepping 10, GenuineIntel
TMP=C:\Users\SENESH\AppData\Local\Temp
TEMP=C:\Users\SENESH\AppData\Local\Temp


JNI global refs:

[error occurred during error reporting (JNI global references), id 0xc0000005, EXCEPTION_ACCESS_VIOLATION (0xc0000005) at pc=0x00007ffb306b7a10]


---------------  S Y S T E M  ---------------

OS:
 Windows 11 , 64 bit Build 22621 (10.0.22621.2506)
OS uptime: 1 days 20:02 hours
Hyper-V role detected

CPU: total 12 (initial active 12) (6 cores per cpu, 2 threads per core) family 6 model 158 stepping 10 microcode 0xde, cx8, cmov, fxsr, ht, mmx, 3dnowpref, sse, sse2, sse3, ssse3, sse4.1, sse4.2, popcnt, lzcnt, tsc, tscinvbit, avx, avx2, aes, erms, clmul, bmi1, bmi2, adx, fma, vzeroupper, clflush, clflushopt, hv

Memory: 4k page, system-wide physical 8042M (273M free)
TotalPageFile size 24426M (AvailPageFile size 34M)
current process WorkingSet (physical memory assigned to process): 11M, peak: 11M
current process commit charge ("private bytes"): 64M, peak: 190M

vm_info: OpenJDK 64-Bit Server VM (17.0.6+0-b2043.56-10027231) for windows-amd64 JRE (17.0.6+0-b2043.56-10027231), built on Apr 28 2023 00:43:19 by "androidbuild" with MS VC++ 16.10 / 16.11 (VS2019)

END.
