#
# There is insufficient memory for the Java Runtime Environment to continue.
# Native memory allocation (malloc) failed to allocate 48416 bytes for Chunk::new
# Possible reasons:
#   The system is out of physical RAM or swap space
#   The process is running with CompressedOops enabled, and the Java Heap may be blocking the growth of the native heap
# Possible solutions:
#   Reduce memory load on the system
#   Increase physical memory or swap space
#   Check if swap backing store is full
#   Decrease Java heap size (-Xmx/-Xms)
#   Decrease number of Java threads
#   Decrease Java thread stack sizes (-Xss)
#   Set larger code cache with -XX:ReservedCodeCacheSize=
#   JVM is running with Zero Based Compressed Oops mode in which the Java heap is
#     placed in the first 32GB address space. The Java Heap base address is the
#     maximum limit for the native heap growth. Please use -XX:HeapBaseMinAddress
#     to set the Java Heap base and to place the Java Heap above 32GB virtual address.
# This output file may be truncated or incomplete.
#
#  Out of Memory Error (arena.cpp:189), pid=360, tid=15448
#
# JRE version: OpenJDK Runtime Environment (17.0.6) (build 17.0.6+0-b2043.56-10027231)
# Java VM: OpenJDK 64-Bit Server VM (17.0.6+0-b2043.56-10027231, mixed mode, tiered, compressed oops, compressed class ptrs, g1 gc, windows-amd64)
# No core dump will be written. Minidumps are not enabled by default on client versions of Windows
#

---------------  S U M M A R Y ------------

Command Line: --add-opens=java.base/java.util=ALL-UNNAMED --add-opens=java.base/java.lang=ALL-UNNAMED --add-opens=java.base/java.lang.invoke=ALL-UNNAMED --add-opens=java.prefs/java.util.prefs=ALL-UNNAMED --add-opens=java.base/java.nio.charset=ALL-UNNAMED --add-opens=java.base/java.net=ALL-UNNAMED --add-opens=java.base/java.util.concurrent.atomic=ALL-UNNAMED -Xmx4G -Dfile.encoding=windows-1252 -Duser.country=GB -Duser.language=en -Duser.variant -javaagent:C:\Users\SENESH\.gradle\wrapper\dists\gradle-8.1.1-bin\9wiye5v2saajue4irfo8ybqfp\gradle-8.1.1\lib\agents\gradle-instrumentation-agent-8.1.1.jar org.gradle.launcher.daemon.bootstrap.GradleDaemon 8.1.1

Host: Intel(R) Core(TM) i7-9750H CPU @ 2.60GHz, 12 cores, 7G,  Windows 11 , 64 bit Build 22621 (10.0.22621.2506)
Time: Sat Jan 13 17:24:33 2024 Sri Lanka Standard Time elapsed time: 27.646088 seconds (0d 0h 0m 27s)

---------------  T H R E A D  ---------------

Current thread (0x0000019c54c6f440):  JavaThread "C2 CompilerThread0" daemon [_thread_in_native, id=15448, stack(0x0000002458200000,0x0000002458300000)]


Current CompileTask:
C2:  27646 13483       4       org.gradle.internal.logging.text.AbstractLineChoppingStyledTextOutput$1::execute (9 bytes)

Stack: [0x0000002458200000,0x0000002458300000]
Native frames: (J=compiled Java code, j=interpreted, Vv=VM code, C=native code)
V  [jvm.dll+0x683c9a]
V  [jvm.dll+0x8427a4]
V  [jvm.dll+0x843f9e]
V  [jvm.dll+0x844603]
V  [jvm.dll+0x249b75]
V  [jvm.dll+0xabcac]
V  [jvm.dll+0xac27c]
V  [jvm.dll+0x368857]
V  [jvm.dll+0x1bcb65]
V  [jvm.dll+0x21c359]
V  [jvm.dll+0x21b621]
V  [jvm.dll+0x1a4fdd]
V  [jvm.dll+0x22b098]
V  [jvm.dll+0x229159]
V  [jvm.dll+0x7f81ec]
V  [jvm.dll+0x7f274a]
V  [jvm.dll+0x682ad5]
C  [ucrtbase.dll+0x29363]
C  [KERNEL32.DLL+0x1257d]
C  [ntdll.dll+0x5aa58]


---------------  P R O C E S S  ---------------

Threads class SMR info:
_java_thread_list=0x0000019c5870b4d0, length=154, elements={
0x0000019c354b3250, 0x0000019c54c33020, 0x0000019c543496e0, 0x0000019c54c0e390,
0x0000019c54c0f340, 0x0000019c54c41180, 0x0000019c54c41b30, 0x0000019c54c6f440,
0x0000019c54c6fee0, 0x0000019c54c7ddf0, 0x0000019c542f4790, 0x0000019c54efb470,
0x0000019c57e94ad0, 0x0000019c57a40350, 0x0000019c562e1310, 0x0000019c57ad66f0,
0x0000019c559a4230, 0x0000019c559a3890, 0x0000019c559a3d60, 0x0000019c559a5f10,
0x0000019c559a4bd0, 0x0000019c559a4700, 0x0000019c559a50a0, 0x0000019c559a5570,
0x0000019c559a5a40, 0x0000019c559a2ef0, 0x0000019c559a2a20, 0x0000019c559a63e0,
0x0000019c559a33c0, 0x0000019c57f79250, 0x0000019c57f753c0, 0x0000019c57f7a0c0,
0x0000019c57f79bf0, 0x0000019c57f76230, 0x0000019c57f78d80, 0x0000019c57f7aa60,
0x0000019c57f788b0, 0x0000019c57f74550, 0x0000019c57f75890, 0x0000019c57f74ef0,
0x0000019c57f75d60, 0x0000019c57f7b8d0, 0x0000019c57f770a0, 0x0000019c57f783e0,
0x0000019c57f77f10, 0x0000019c57f74080, 0x0000019c57f74a20, 0x0000019c5afff060,
0x0000019c5b0050a0, 0x0000019c5b002080, 0x0000019c5b002a20, 0x0000019c5b003890,
0x0000019c5afffa00, 0x0000019c5b004700, 0x0000019c5b003d60, 0x0000019c5b000870,
0x0000019c5b0068b0, 0x0000019c5b002ef0, 0x0000019c5b005570, 0x0000019c5b0033c0,
0x0000019c5b0063e0, 0x0000019c5b002550, 0x0000019c5b0003a0, 0x0000019c5b004230,
0x0000019c5b001bb0, 0x0000019c5b004bd0, 0x0000019c5b005a40, 0x0000019c5afffed0,
0x0000019c5b001210, 0x0000019c5b0016e0, 0x0000019c5a7bd740, 0x0000019c5a7bdc10,
0x0000019c5a7c15d0, 0x0000019c5a7c1aa0, 0x0000019c5a7bea80, 0x0000019c5a7be5b0,
0x0000019c5a7bcda0, 0x0000019c5a7bef50, 0x0000019c5a7c0760, 0x0000019c5a7bba60,
0x0000019c5a7be0e0, 0x0000019c5a7c0c30, 0x0000019c5a7c1100, 0x0000019c5a7bd270,
0x0000019c5a7bb590, 0x0000019c5a7bf420, 0x0000019c5a7c1f70, 0x0000019c5a7c0290,
0x0000019c5a7c2440, 0x0000019c5a7c2910, 0x0000019c5a7bf8f0, 0x0000019c5a7bfdc0,
0x0000019c5a7c2de0, 0x0000019c5a7bbf30, 0x0000019c5a7bc400, 0x0000019c5e101130,
0x0000019c5e0fc430, 0x0000019c5e0ff450, 0x0000019c5e101600, 0x0000019c5e102940,
0x0000019c5e0fd770, 0x0000019c5e102470, 0x0000019c5e0ff920, 0x0000019c5e0fef80,
0x0000019c5e0fcdd0, 0x0000019c5e0fdc40, 0x0000019c5e0fe110, 0x0000019c5e101ad0,
0x0000019c5e0fd2a0, 0x0000019c5e0ffdf0, 0x0000019c5e0fc900, 0x0000019c5e0fe5e0,
0x0000019c5e0feab0, 0x0000019c5e1002c0, 0x0000019c5e100790, 0x0000019c5e101fa0,
0x0000019c5a811460, 0x0000019c5a811930, 0x0000019c5a810f90, 0x0000019c5a811e00,
0x0000019c5a813140, 0x0000019c5a8122d0, 0x0000019c5a8127a0, 0x0000019c5a810120,
0x0000019c5a8105f0, 0x0000019c5a810ac0, 0x0000019c5a813610, 0x0000019c5a812c70,
0x0000019c5a80fc50, 0x0000019c617c5f30, 0x0000019c617c4bf0, 0x0000019c617c50c0,
0x0000019c617c5a60, 0x0000019c617c5590, 0x0000019c617c68d0, 0x0000019c617c6400,
0x0000019c617c2a40, 0x0000019c617c7c10, 0x0000019c617c38b0, 0x0000019c617c3d80,
0x0000019c617c33e0, 0x0000019c617c8a80, 0x0000019c617c80e0, 0x0000019c617c6da0,
0x0000019c617c7270, 0x0000019c617c8f50, 0x0000019c617c9420, 0x0000019c617c4250,
0x0000019c617c7740, 0x0000019c617c4720, 0x0000019c5ff04560, 0x0000019c5ff01070,
0x0000019c5ff053d0, 0x0000019c5ff01540
}

Java Threads: ( => current thread )
  0x0000019c354b3250 JavaThread "main" [_thread_blocked, id=2592, stack(0x0000002457500000,0x0000002457600000)]
  0x0000019c54c33020 JavaThread "Reference Handler" daemon [_thread_blocked, id=5100, stack(0x0000002457c00000,0x0000002457d00000)]
  0x0000019c543496e0 JavaThread "Finalizer" daemon [_thread_blocked, id=21576, stack(0x0000002457d00000,0x0000002457e00000)]
  0x0000019c54c0e390 JavaThread "Signal Dispatcher" daemon [_thread_blocked, id=18632, stack(0x0000002457e00000,0x0000002457f00000)]
  0x0000019c54c0f340 JavaThread "Attach Listener" daemon [_thread_blocked, id=22820, stack(0x0000002457f00000,0x0000002458000000)]
  0x0000019c54c41180 JavaThread "Service Thread" daemon [_thread_blocked, id=16456, stack(0x0000002458000000,0x0000002458100000)]
  0x0000019c54c41b30 JavaThread "Monitor Deflation Thread" daemon [_thread_blocked, id=20028, stack(0x0000002458100000,0x0000002458200000)]
=>0x0000019c54c6f440 JavaThread "C2 CompilerThread0" daemon [_thread_in_native, id=15448, stack(0x0000002458200000,0x0000002458300000)]
  0x0000019c54c6fee0 JavaThread "C1 CompilerThread0" daemon [_thread_blocked, id=10808, stack(0x0000002458300000,0x0000002458400000)]
  0x0000019c54c7ddf0 JavaThread "Sweeper thread" daemon [_thread_blocked, id=23460, stack(0x0000002458400000,0x0000002458500000)]
  0x0000019c542f4790 JavaThread "Common-Cleaner" daemon [_thread_blocked, id=14180, stack(0x0000002458500000,0x0000002458600000)]
  0x0000019c54efb470 JavaThread "Notification Thread" daemon [_thread_blocked, id=14104, stack(0x0000002458600000,0x0000002458700000)]
  0x0000019c57e94ad0 JavaThread "Daemon health stats" [_thread_blocked, id=1340, stack(0x0000002458d00000,0x0000002458e00000)]
  0x0000019c57a40350 JavaThread "Incoming local TCP Connector on port 12475" [_thread_in_native, id=12016, stack(0x0000002458e00000,0x0000002458f00000)]
  0x0000019c562e1310 JavaThread "Daemon periodic checks" [_thread_blocked, id=17644, stack(0x0000002458f00000,0x0000002459000000)]
  0x0000019c57ad66f0 JavaThread "Daemon" [_thread_blocked, id=16536, stack(0x0000002459000000,0x0000002459100000)]
  0x0000019c559a4230 JavaThread "Handler for socket connection from /127.0.0.1:12475 to /127.0.0.1:12476" [_thread_in_native, id=20652, stack(0x0000002459100000,0x0000002459200000)]
  0x0000019c559a3890 JavaThread "Cancel handler" [_thread_blocked, id=17460, stack(0x0000002459200000,0x0000002459300000)]
  0x0000019c559a3d60 JavaThread "Daemon worker" [_thread_blocked, id=9736, stack(0x0000002459300000,0x0000002459400000)]
  0x0000019c559a5f10 JavaThread "Asynchronous log dispatcher for DefaultDaemonConnection: socket connection from /127.0.0.1:12475 to /127.0.0.1:12476" [_thread_blocked, id=920, stack(0x0000002459400000,0x0000002459500000)]
  0x0000019c559a4bd0 JavaThread "Stdin handler" [_thread_blocked, id=12788, stack(0x0000002459500000,0x0000002459600000)]
  0x0000019c559a4700 JavaThread "Daemon client event forwarder" [_thread_blocked, id=16752, stack(0x0000002459600000,0x0000002459700000)]
  0x0000019c559a50a0 JavaThread "Cache worker for journal cache (C:\Users\SENESH\.gradle\caches\journal-1)" [_thread_blocked, id=5256, stack(0x0000002459d00000,0x0000002459e00000)]
  0x0000019c559a5570 JavaThread "File lock request listener" [_thread_in_native, id=7928, stack(0x0000002459e00000,0x0000002459f00000)]
  0x0000019c559a5a40 JavaThread "Cache worker for file hash cache (C:\Users\SENESH\.gradle\caches\8.1.1\fileHashes)" [_thread_blocked, id=10124, stack(0x000000245a000000,0x000000245a100000)]
  0x0000019c559a2ef0 JavaThread "File watcher server" daemon [_thread_in_native, id=21060, stack(0x000000245a100000,0x000000245a200000)]
  0x0000019c559a2a20 JavaThread "File watcher consumer" daemon [_thread_blocked, id=22372, stack(0x000000245a200000,0x000000245a300000)]
  0x0000019c559a63e0 JavaThread "Cache worker for checksums cache (D:\Programing\summer_note\android\.gradle\8.1.1\checksums)" [_thread_blocked, id=21272, stack(0x000000245a300000,0x000000245a400000)]
  0x0000019c559a33c0 JavaThread "Cache worker for cache directory md-rule (C:\Users\SENESH\.gradle\caches\8.1.1\md-rule)" [_thread_blocked, id=14376, stack(0x000000245a400000,0x000000245a500000)]
  0x0000019c57f79250 JavaThread "Cache worker for file content cache (C:\Users\SENESH\.gradle\caches\8.1.1\fileContent)" [_thread_blocked, id=21920, stack(0x000000245a500000,0x000000245a600000)]
  0x0000019c57f753c0 JavaThread "Cache worker for file hash cache (D:\Programing\summer_note\android\.gradle\8.1.1\fileHashes)" [_thread_blocked, id=6984, stack(0x000000245a600000,0x000000245a700000)]
  0x0000019c57f7a0c0 JavaThread "Cache worker for cache directory md-supplier (C:\Users\SENESH\.gradle\caches\8.1.1\md-supplier)" [_thread_blocked, id=22936, stack(0x000000245a700000,0x000000245a800000)]
  0x0000019c57f79bf0 JavaThread "Cache worker for execution history cache (C:\Users\SENESH\.gradle\caches\8.1.1\executionHistory)" [_thread_blocked, id=14332, stack(0x000000245a800000,0x000000245a900000)]
  0x0000019c57f76230 JavaThread "jar transforms" [_thread_blocked, id=9516, stack(0x000000245a900000,0x000000245aa00000)]
  0x0000019c57f78d80 JavaThread "Cache worker for kotlin-dsl (C:\Users\SENESH\.gradle\caches\8.1.1\kotlin-dsl)" [_thread_blocked, id=10544, stack(0x000000245aa00000,0x000000245ab00000)]
  0x0000019c57f7aa60 JavaThread "jar transforms Thread 2" [_thread_blocked, id=10112, stack(0x000000245ab00000,0x000000245ac00000)]
  0x0000019c57f788b0 JavaThread "jar transforms Thread 3" [_thread_blocked, id=20044, stack(0x000000245ac00000,0x000000245ad00000)]
  0x0000019c57f74550 JavaThread "Cache worker for dependencies-accessors (D:\Programing\summer_note\android\.gradle\8.1.1\dependencies-accessors)" [_thread_blocked, id=21636, stack(0x000000245ad00000,0x000000245ae00000)]
  0x0000019c57f75890 JavaThread "Cache worker for Build Output Cleanup Cache (D:\programs\flutter\packages\flutter_tools\gradle\.gradle\buildOutputCleanup)" [_thread_blocked, id=3708, stack(0x000000245ae00000,0x000000245af00000)]
  0x0000019c57f74ef0 JavaThread "jar transforms Thread 4" [_thread_blocked, id=13148, stack(0x000000245af00000,0x000000245b000000)]
  0x0000019c57f75d60 JavaThread "jar transforms Thread 5" [_thread_blocked, id=18244, stack(0x000000245b000000,0x000000245b100000)]
  0x0000019c57f7b8d0 JavaThread "Memory manager" [_thread_blocked, id=21892, stack(0x000000245b100000,0x000000245b200000)]
  0x0000019c57f770a0 JavaThread "jar transforms Thread 6" [_thread_blocked, id=13700, stack(0x000000245b200000,0x000000245b300000)]
  0x0000019c57f783e0 JavaThread "jar transforms Thread 7" [_thread_blocked, id=7380, stack(0x000000245b300000,0x000000245b400000)]
  0x0000019c57f77f10 JavaThread "included builds" [_thread_blocked, id=10504, stack(0x000000245b400000,0x000000245b500000)]
  0x0000019c57f74080 JavaThread "Execution worker" [_thread_blocked, id=2040, stack(0x000000245b500000,0x000000245b600000)]
  0x0000019c57f74a20 JavaThread "Execution worker Thread 2" [_thread_blocked, id=16628, stack(0x000000245b600000,0x000000245b700000)]
  0x0000019c5afff060 JavaThread "Execution worker Thread 3" [_thread_blocked, id=16664, stack(0x000000245b700000,0x000000245b800000)]
  0x0000019c5b0050a0 JavaThread "Execution worker Thread 4" [_thread_blocked, id=17484, stack(0x000000245b800000,0x000000245b900000)]
  0x0000019c5b002080 JavaThread "Execution worker Thread 5" [_thread_blocked, id=13812, stack(0x000000245b900000,0x000000245ba00000)]
  0x0000019c5b002a20 JavaThread "Execution worker Thread 6" [_thread_blocked, id=6276, stack(0x000000245ba00000,0x000000245bb00000)]
  0x0000019c5b003890 JavaThread "Execution worker Thread 7" [_thread_blocked, id=10492, stack(0x000000245bb00000,0x000000245bc00000)]
  0x0000019c5afffa00 JavaThread "Execution worker Thread 8" [_thread_blocked, id=6864, stack(0x000000245bc00000,0x000000245bd00000)]
  0x0000019c5b004700 JavaThread "Execution worker Thread 9" [_thread_blocked, id=9608, stack(0x000000245bd00000,0x000000245be00000)]
  0x0000019c5b003d60 JavaThread "Execution worker Thread 10" [_thread_blocked, id=1620, stack(0x000000245be00000,0x000000245bf00000)]
  0x0000019c5b000870 JavaThread "Execution worker Thread 11" [_thread_blocked, id=15176, stack(0x000000245bf00000,0x000000245c000000)]
  0x0000019c5b0068b0 JavaThread "Cache worker for execution history cache (D:\programs\flutter\packages\flutter_tools\gradle\.gradle\8.1.1\executionHistory)" [_thread_blocked, id=1908, stack(0x000000245c000000,0x000000245c100000)]
  0x0000019c5b002ef0 JavaThread "Unconstrained build operations" [_thread_blocked, id=4592, stack(0x000000245c100000,0x000000245c200000)]
  0x0000019c5b005570 JavaThread "Unconstrained build operations Thread 2" [_thread_blocked, id=8224, stack(0x000000245c200000,0x000000245c300000)]
  0x0000019c5b0033c0 JavaThread "Unconstrained build operations Thread 3" [_thread_blocked, id=9720, stack(0x000000245c300000,0x000000245c400000)]
  0x0000019c5b0063e0 JavaThread "Unconstrained build operations Thread 4" [_thread_blocked, id=13384, stack(0x000000245c400000,0x000000245c500000)]
  0x0000019c5b002550 JavaThread "Unconstrained build operations Thread 5" [_thread_blocked, id=2196, stack(0x000000245c500000,0x000000245c600000)]
  0x0000019c5b0003a0 JavaThread "Unconstrained build operations Thread 6" [_thread_blocked, id=17600, stack(0x000000245c600000,0x000000245c700000)]
  0x0000019c5b004230 JavaThread "Unconstrained build operations Thread 7" [_thread_blocked, id=15740, stack(0x000000245c700000,0x000000245c800000)]
  0x0000019c5b001bb0 JavaThread "Unconstrained build operations Thread 8" [_thread_blocked, id=21708, stack(0x000000245c800000,0x000000245c900000)]
  0x0000019c5b004bd0 JavaThread "Unconstrained build operations Thread 9" [_thread_blocked, id=8640, stack(0x000000245c900000,0x000000245ca00000)]
  0x0000019c5b005a40 JavaThread "Unconstrained build operations Thread 10" [_thread_blocked, id=6532, stack(0x000000245ca00000,0x000000245cb00000)]
  0x0000019c5afffed0 JavaThread "Unconstrained build operations Thread 11" [_thread_blocked, id=14076, stack(0x000000245cb00000,0x000000245cc00000)]
  0x0000019c5b001210 JavaThread "Unconstrained build operations Thread 12" [_thread_blocked, id=9696, stack(0x000000245cc00000,0x000000245cd00000)]
  0x0000019c5b0016e0 JavaThread "Unconstrained build operations Thread 13" [_thread_blocked, id=12296, stack(0x000000245cd00000,0x000000245ce00000)]
  0x0000019c5a7bd740 JavaThread "Unconstrained build operations Thread 14" [_thread_blocked, id=14772, stack(0x000000245ce00000,0x000000245cf00000)]
  0x0000019c5a7bdc10 JavaThread "Unconstrained build operations Thread 15" [_thread_blocked, id=14756, stack(0x000000245cf00000,0x000000245d000000)]
  0x0000019c5a7c15d0 JavaThread "Unconstrained build operations Thread 16" [_thread_blocked, id=10252, stack(0x000000245d000000,0x000000245d100000)]
  0x0000019c5a7c1aa0 JavaThread "Unconstrained build operations Thread 17" [_thread_blocked, id=14292, stack(0x000000245d100000,0x000000245d200000)]
  0x0000019c5a7bea80 JavaThread "Unconstrained build operations Thread 18" [_thread_blocked, id=13380, stack(0x000000245d200000,0x000000245d300000)]
  0x0000019c5a7be5b0 JavaThread "Unconstrained build operations Thread 19" [_thread_blocked, id=15032, stack(0x000000245d300000,0x000000245d400000)]
  0x0000019c5a7bcda0 JavaThread "Unconstrained build operations Thread 20" [_thread_blocked, id=19468, stack(0x000000245d400000,0x000000245d500000)]
  0x0000019c5a7bef50 JavaThread "Unconstrained build operations Thread 21" [_thread_blocked, id=8796, stack(0x000000245d500000,0x000000245d600000)]
  0x0000019c5a7c0760 JavaThread "jar transforms Thread 8" [_thread_blocked, id=11024, stack(0x000000245d600000,0x000000245d700000)]
  0x0000019c5a7bba60 JavaThread "jar transforms Thread 9" [_thread_blocked, id=14296, stack(0x000000245d700000,0x000000245d800000)]
  0x0000019c5a7be0e0 JavaThread "jar transforms Thread 10" [_thread_blocked, id=1720, stack(0x000000245d800000,0x000000245d900000)]
  0x0000019c5a7c0c30 JavaThread "jar transforms Thread 11" [_thread_blocked, id=11420, stack(0x000000245d900000,0x000000245da00000)]
  0x0000019c5a7c1100 JavaThread "jar transforms Thread 12" [_thread_blocked, id=13580, stack(0x000000245da00000,0x000000245db00000)]
  0x0000019c5a7bd270 JavaThread "Cache worker for Build Output Cleanup Cache (D:\Programing\summer_note\android\.gradle\buildOutputCleanup)" [_thread_blocked, id=13752, stack(0x000000245db00000,0x000000245dc00000)]
  0x0000019c5a7bb590 JavaThread "Unconstrained build operations Thread 22" [_thread_blocked, id=11496, stack(0x000000245dc00000,0x000000245dd00000)]
  0x0000019c5a7bf420 JavaThread "Unconstrained build operations Thread 23" [_thread_blocked, id=17620, stack(0x000000245dd00000,0x000000245de00000)]
  0x0000019c5a7c1f70 JavaThread "Unconstrained build operations Thread 24" [_thread_blocked, id=10120, stack(0x000000245de00000,0x000000245df00000)]
  0x0000019c5a7c0290 JavaThread "Unconstrained build operations Thread 25" [_thread_blocked, id=17836, stack(0x000000245df00000,0x000000245e000000)]
  0x0000019c5a7c2440 JavaThread "Unconstrained build operations Thread 26" [_thread_blocked, id=1152, stack(0x000000245e000000,0x000000245e100000)]
  0x0000019c5a7c2910 JavaThread "Unconstrained build operations Thread 27" [_thread_blocked, id=20968, stack(0x000000245e100000,0x000000245e200000)]
  0x0000019c5a7bf8f0 JavaThread "Unconstrained build operations Thread 28" [_thread_blocked, id=21896, stack(0x000000245e200000,0x000000245e300000)]
  0x0000019c5a7bfdc0 JavaThread "Unconstrained build operations Thread 29" [_thread_blocked, id=5080, stack(0x000000245e300000,0x000000245e400000)]
  0x0000019c5a7c2de0 JavaThread "Unconstrained build operations Thread 30" [_thread_blocked, id=21984, stack(0x000000245e400000,0x000000245e500000)]
  0x0000019c5a7bbf30 JavaThread "Unconstrained build operations Thread 31" [_thread_blocked, id=22264, stack(0x000000245e500000,0x000000245e600000)]
  0x0000019c5a7bc400 JavaThread "Unconstrained build operations Thread 32" [_thread_blocked, id=19296, stack(0x000000245e600000,0x000000245e700000)]
  0x0000019c5e101130 JavaThread "Unconstrained build operations Thread 33" [_thread_blocked, id=11836, stack(0x000000245e700000,0x000000245e800000)]
  0x0000019c5e0fc430 JavaThread "Unconstrained build operations Thread 34" [_thread_blocked, id=17400, stack(0x000000245e800000,0x000000245e900000)]
  0x0000019c5e0ff450 JavaThread "Unconstrained build operations Thread 35" [_thread_blocked, id=10100, stack(0x000000245e900000,0x000000245ea00000)]
  0x0000019c5e101600 JavaThread "Unconstrained build operations Thread 36" [_thread_blocked, id=6500, stack(0x000000245ea00000,0x000000245eb00000)]
  0x0000019c5e102940 JavaThread "Unconstrained build operations Thread 37" [_thread_blocked, id=11404, stack(0x000000245eb00000,0x000000245ec00000)]
  0x0000019c5e0fd770 JavaThread "Unconstrained build operations Thread 38" [_thread_blocked, id=14328, stack(0x000000245ec00000,0x000000245ed00000)]
  0x0000019c5e102470 JavaThread "Unconstrained build operations Thread 39" [_thread_blocked, id=6672, stack(0x000000245ed00000,0x000000245ee00000)]
  0x0000019c5e0ff920 JavaThread "Unconstrained build operations Thread 40" [_thread_blocked, id=19920, stack(0x000000245ee00000,0x000000245ef00000)]
  0x0000019c5e0fef80 JavaThread "Unconstrained build operations Thread 41" [_thread_blocked, id=22660, stack(0x000000245ef00000,0x000000245f000000)]
  0x0000019c5e0fcdd0 JavaThread "Unconstrained build operations Thread 42" [_thread_blocked, id=15248, stack(0x000000245f000000,0x000000245f100000)]
  0x0000019c5e0fdc40 JavaThread "Unconstrained build operations Thread 43" [_thread_blocked, id=21640, stack(0x000000245f100000,0x000000245f200000)]
  0x0000019c5e0fe110 JavaThread "Unconstrained build operations Thread 44" [_thread_blocked, id=15996, stack(0x000000245f200000,0x000000245f300000)]
  0x0000019c5e101ad0 JavaThread "Unconstrained build operations Thread 45" [_thread_blocked, id=13496, stack(0x000000245f300000,0x000000245f400000)]
  0x0000019c5e0fd2a0 JavaThread "Unconstrained build operations Thread 46" [_thread_blocked, id=21536, stack(0x000000245f400000,0x000000245f500000)]
  0x0000019c5e0ffdf0 JavaThread "Unconstrained build operations Thread 47" [_thread_blocked, id=13136, stack(0x000000245f500000,0x000000245f600000)]
  0x0000019c5e0fc900 JavaThread "Unconstrained build operations Thread 48" [_thread_blocked, id=8532, stack(0x000000245f600000,0x000000245f700000)]
  0x0000019c5e0fe5e0 JavaThread "Unconstrained build operations Thread 49" [_thread_blocked, id=22124, stack(0x000000245f700000,0x000000245f800000)]
  0x0000019c5e0feab0 JavaThread "Unconstrained build operations Thread 50" [_thread_blocked, id=20924, stack(0x000000245f800000,0x000000245f900000)]
  0x0000019c5e1002c0 JavaThread "Unconstrained build operations Thread 51" [_thread_blocked, id=14212, stack(0x000000245f900000,0x000000245fa00000)]
  0x0000019c5e100790 JavaThread "Unconstrained build operations Thread 52" [_thread_blocked, id=16792, stack(0x000000245fa00000,0x000000245fb00000)]
  0x0000019c5e101fa0 JavaThread "Unconstrained build operations Thread 53" [_thread_blocked, id=23528, stack(0x000000245fb00000,0x000000245fc00000)]
  0x0000019c5a811460 JavaThread "Unconstrained build operations Thread 54" [_thread_blocked, id=20636, stack(0x000000245fc00000,0x000000245fd00000)]
  0x0000019c5a811930 JavaThread "Unconstrained build operations Thread 55" [_thread_blocked, id=16084, stack(0x000000245fd00000,0x000000245fe00000)]
  0x0000019c5a810f90 JavaThread "Unconstrained build operations Thread 56" [_thread_blocked, id=3276, stack(0x000000245fe00000,0x000000245ff00000)]
  0x0000019c5a811e00 JavaThread "Unconstrained build operations Thread 57" [_thread_blocked, id=19788, stack(0x0000002460000000,0x0000002460100000)]
  0x0000019c5a813140 JavaThread "Unconstrained build operations Thread 58" [_thread_blocked, id=9920, stack(0x0000002460100000,0x0000002460200000)]
  0x0000019c5a8122d0 JavaThread "Unconstrained build operations Thread 59" [_thread_blocked, id=2104, stack(0x0000002460200000,0x0000002460300000)]
  0x0000019c5a8127a0 JavaThread "Unconstrained build operations Thread 60" [_thread_blocked, id=22960, stack(0x0000002460300000,0x0000002460400000)]
  0x0000019c5a810120 JavaThread "Unconstrained build operations Thread 61" [_thread_blocked, id=12348, stack(0x0000002460400000,0x0000002460500000)]
  0x0000019c5a8105f0 JavaThread "Unconstrained build operations Thread 62" [_thread_blocked, id=19740, stack(0x0000002460500000,0x0000002460600000)]
  0x0000019c5a810ac0 JavaThread "Unconstrained build operations Thread 63" [_thread_blocked, id=8828, stack(0x0000002460600000,0x0000002460700000)]
  0x0000019c5a813610 JavaThread "Unconstrained build operations Thread 64" [_thread_blocked, id=14288, stack(0x0000002460700000,0x0000002460800000)]
  0x0000019c5a812c70 JavaThread "Unconstrained build operations Thread 65" [_thread_blocked, id=20144, stack(0x0000002460800000,0x0000002460900000)]
  0x0000019c5a80fc50 JavaThread "Unconstrained build operations Thread 66" [_thread_blocked, id=6008, stack(0x0000002460900000,0x0000002460a00000)]
  0x0000019c617c5f30 JavaThread "Unconstrained build operations Thread 67" [_thread_blocked, id=21048, stack(0x0000002460a00000,0x0000002460b00000)]
  0x0000019c617c4bf0 JavaThread "Unconstrained build operations Thread 68" [_thread_blocked, id=10816, stack(0x0000002460b00000,0x0000002460c00000)]
  0x0000019c617c50c0 JavaThread "Unconstrained build operations Thread 69" [_thread_blocked, id=8472, stack(0x0000002460c00000,0x0000002460d00000)]
  0x0000019c617c5a60 JavaThread "Unconstrained build operations Thread 70" [_thread_blocked, id=16064, stack(0x0000002460d00000,0x0000002460e00000)]
  0x0000019c617c5590 JavaThread "Unconstrained build operations Thread 71" [_thread_blocked, id=22080, stack(0x0000002460e00000,0x0000002460f00000)]
  0x0000019c617c68d0 JavaThread "Unconstrained build operations Thread 72" [_thread_blocked, id=15080, stack(0x0000002460f00000,0x0000002461000000)]
  0x0000019c617c6400 JavaThread "Unconstrained build operations Thread 73" [_thread_blocked, id=13060, stack(0x0000002461000000,0x0000002461100000)]
  0x0000019c617c2a40 JavaThread "Unconstrained build operations Thread 74" [_thread_blocked, id=23116, stack(0x0000002461100000,0x0000002461200000)]
  0x0000019c617c7c10 JavaThread "Unconstrained build operations Thread 75" [_thread_blocked, id=8936, stack(0x0000002461200000,0x0000002461300000)]
  0x0000019c617c38b0 JavaThread "Unconstrained build operations Thread 76" [_thread_blocked, id=17684, stack(0x0000002461300000,0x0000002461400000)]
  0x0000019c617c3d80 JavaThread "Unconstrained build operations Thread 77" [_thread_blocked, id=15632, stack(0x0000002461400000,0x0000002461500000)]
  0x0000019c617c33e0 JavaThread "Unconstrained build operations Thread 78" [_thread_blocked, id=21228, stack(0x0000002461500000,0x0000002461600000)]
  0x0000019c617c8a80 JavaThread "Unconstrained build operations Thread 79" [_thread_blocked, id=11020, stack(0x0000002461600000,0x0000002461700000)]
  0x0000019c617c80e0 JavaThread "Unconstrained build operations Thread 80" [_thread_blocked, id=8408, stack(0x0000002461700000,0x0000002461800000)]
  0x0000019c617c6da0 JavaThread "Unconstrained build operations Thread 81" [_thread_blocked, id=13884, stack(0x0000002461800000,0x0000002461900000)]
  0x0000019c617c7270 JavaThread "Unconstrained build operations Thread 82" [_thread_blocked, id=1304, stack(0x0000002461900000,0x0000002461a00000)]
  0x0000019c617c8f50 JavaThread "Unconstrained build operations Thread 83" [_thread_blocked, id=19580, stack(0x0000002461a00000,0x0000002461b00000)]
  0x0000019c617c9420 JavaThread "Unconstrained build operations Thread 84" [_thread_blocked, id=21028, stack(0x0000002461b00000,0x0000002461c00000)]
  0x0000019c617c4250 JavaThread "Unconstrained build operations Thread 85" [_thread_blocked, id=9252, stack(0x0000002461c00000,0x0000002461d00000)]
  0x0000019c617c7740 JavaThread "Unconstrained build operations Thread 86" [_thread_blocked, id=13976, stack(0x0000002461d00000,0x0000002461e00000)]
  0x0000019c617c4720 JavaThread "Unconstrained build operations Thread 87" [_thread_blocked, id=7068, stack(0x0000002461e00000,0x0000002461f00000)]
  0x0000019c5ff04560 JavaThread "Cache worker for execution history cache (D:\Programing\summer_note\android\.gradle\8.1.1\executionHistory)" [_thread_blocked, id=13072, stack(0x0000002461f00000,0x0000002462000000)]
  0x0000019c5ff01070 JavaThread "Exec process" [_thread_in_native, id=18740, stack(0x0000002462000000,0x0000002462100000)]
  0x0000019c5ff053d0 JavaThread "Exec process Thread 2" [_thread_in_native, id=7464, stack(0x0000002462100000,0x0000002462200000)]
  0x0000019c5ff01540 JavaThread "Exec process Thread 3" [_thread_in_native, id=9632, stack(0x0000002462200000,0x0000002462300000)]

Other Threads:
  0x0000019c5435ec10 VMThread "VM Thread" [stack: 0x0000002457b00000,0x0000002457c00000] [id=11568]
  0x0000019c35539540 WatcherThread [stack: 0x0000002458700000,0x0000002458800000] [id=2064]
  0x0000019c3551fb80 GCTaskThread "GC Thread#0" [stack: 0x0000002457600000,0x0000002457700000] [id=11832]
  0x0000019c55c59980 GCTaskThread "GC Thread#1" [stack: 0x0000002458900000,0x0000002458a00000] [id=22176]
  0x0000019c55c59c30 GCTaskThread "GC Thread#2" [stack: 0x0000002458a00000,0x0000002458b00000] [id=16824]
  0x0000019c55a6eb70 GCTaskThread "GC Thread#3" [stack: 0x0000002458b00000,0x0000002458c00000] [id=4628]
  0x0000019c554b6650 GCTaskThread "GC Thread#4" [stack: 0x0000002458c00000,0x0000002458d00000] [id=18084]
  0x0000019c5769b800 GCTaskThread "GC Thread#5" [stack: 0x0000002458800000,0x0000002458900000] [id=20816]
  0x0000019c5769c2c0 GCTaskThread "GC Thread#6" [stack: 0x0000002459700000,0x0000002459800000] [id=17048]
  0x0000019c5769d030 GCTaskThread "GC Thread#7" [stack: 0x0000002459800000,0x0000002459900000] [id=22768]
  0x0000019c5769b550 GCTaskThread "GC Thread#8" [stack: 0x0000002459900000,0x0000002459a00000] [id=8460]
  0x0000019c5769c010 GCTaskThread "GC Thread#9" [stack: 0x0000002459a00000,0x0000002459b00000] [id=3852]
  0x0000019c35531ad0 ConcurrentGCThread "G1 Main Marker" [stack: 0x0000002457700000,0x0000002457800000] [id=17804]
  0x0000019c355334f0 ConcurrentGCThread "G1 Conc#0" [stack: 0x0000002457800000,0x0000002457900000] [id=14016]
  0x0000019c5769bab0 ConcurrentGCThread "G1 Conc#1" [stack: 0x0000002459b00000,0x0000002459c00000] [id=21244]
  0x0000019c5769cd80 ConcurrentGCThread "G1 Conc#2" [stack: 0x0000002459c00000,0x0000002459d00000] [id=5700]
  0x0000019c3556e5a0 ConcurrentGCThread "G1 Refine#0" [stack: 0x0000002457900000,0x0000002457a00000] [id=4968]
  0x0000019c5b460560 ConcurrentGCThread "G1 Refine#1" [stack: 0x000000245ff00000,0x0000002460000000] [id=21964]
  0x0000019c541c0160 ConcurrentGCThread "G1 Service" [stack: 0x0000002457a00000,0x0000002457b00000] [id=4148]

Threads with active compile tasks:
C2 CompilerThread0    27685 13483       4       org.gradle.internal.logging.text.AbstractLineChoppingStyledTextOutput$1::execute (9 bytes)

VM state: not at safepoint (normal execution)

VM Mutex/Monitor currently owned by a thread: None

Heap address: 0x0000000700000000, size: 4096 MB, Compressed Oops mode: Zero based, Oop shift amount: 3

CDS archive(s) not mapped
Compressed class space mapped at: 0x0000000800000000-0x0000000840000000, reserved size: 1073741824
Narrow klass base: 0x0000000800000000, Narrow klass shift: 0, Narrow klass range: 0x40000000

GC Precious Log:
 CPUs: 12 total, 12 available
 Memory: 8042M
 Large Page Support: Disabled
 NUMA Support: Disabled
 Compressed Oops: Enabled (Zero based)
 Heap Region Size: 2M
 Heap Min Capacity: 8M
 Heap Initial Capacity: 126M
 Heap Max Capacity: 4G
 Pre-touch: Disabled
 Parallel Workers: 10
 Concurrent Workers: 3
 Concurrent Refinement Workers: 10
 Periodic GC: Disabled

Heap:
 garbage-first heap   total 335872K, used 213238K [0x0000000700000000, 0x0000000800000000)
  region size 2048K, 40 young (81920K), 4 survivors (8192K)
 Metaspace       used 104408K, committed 105408K, reserved 1146880K
  class space    used 14523K, committed 14976K, reserved 1048576K

Heap Regions: E=young(eden), S=young(survivor), O=old, HS=humongous(starts), HC=humongous(continues), CS=collection set, F=free, OA=open archive, CA=closed archive, TAMS=top-at-mark-start (previous, next)
|   0|0x0000000700000000, 0x0000000700200000, 0x0000000700200000|100%|HS|  |TAMS 0x0000000700200000, 0x0000000700000000| Complete 
|   1|0x0000000700200000, 0x0000000700400000, 0x0000000700400000|100%|HC|  |TAMS 0x0000000700400000, 0x0000000700200000| Complete 
|   2|0x0000000700400000, 0x0000000700600000, 0x0000000700600000|100%| O|  |TAMS 0x0000000700600000, 0x0000000700400000| Untracked 
|   3|0x0000000700600000, 0x0000000700800000, 0x0000000700800000|100%| O|  |TAMS 0x0000000700800000, 0x0000000700600000| Untracked 
|   4|0x0000000700800000, 0x00000007009e7e00, 0x0000000700a00000| 95%| O|  |TAMS 0x00000007009e7e00, 0x0000000700800000| Untracked 
|   5|0x0000000700a00000, 0x0000000700c00000, 0x0000000700c00000|100%| O|  |TAMS 0x0000000700c00000, 0x0000000700a00000| Untracked 
|   6|0x0000000700c00000, 0x0000000700e00000, 0x0000000700e00000|100%| O|  |TAMS 0x0000000700e00000, 0x0000000700c00000| Untracked 
|   7|0x0000000700e00000, 0x0000000701000000, 0x0000000701000000|100%| O|  |TAMS 0x0000000701000000, 0x0000000700e00000| Untracked 
|   8|0x0000000701000000, 0x0000000701200000, 0x0000000701200000|100%| O|  |TAMS 0x0000000701200000, 0x0000000701000000| Untracked 
|   9|0x0000000701200000, 0x0000000701400000, 0x0000000701400000|100%| O|  |TAMS 0x0000000701400000, 0x0000000701200000| Untracked 
|  10|0x0000000701400000, 0x0000000701600000, 0x0000000701600000|100%| O|  |TAMS 0x0000000701600000, 0x0000000701400000| Untracked 
|  11|0x0000000701600000, 0x0000000701800000, 0x0000000701800000|100%| O|  |TAMS 0x0000000701800000, 0x0000000701600000| Untracked 
|  12|0x0000000701800000, 0x0000000701a00000, 0x0000000701a00000|100%| O|  |TAMS 0x0000000701a00000, 0x0000000701800000| Untracked 
|  13|0x0000000701a00000, 0x0000000701c00000, 0x0000000701c00000|100%| O|  |TAMS 0x0000000701c00000, 0x0000000701a00000| Untracked 
|  14|0x0000000701c00000, 0x0000000701e00000, 0x0000000701e00000|100%| O|  |TAMS 0x0000000701e00000, 0x0000000701c00000| Untracked 
|  15|0x0000000701e00000, 0x0000000702000000, 0x0000000702000000|100%| O|  |TAMS 0x0000000702000000, 0x0000000701e00000| Untracked 
|  16|0x0000000702000000, 0x0000000702200000, 0x0000000702200000|100%| O|  |TAMS 0x0000000702200000, 0x0000000702000000| Untracked 
|  17|0x0000000702200000, 0x0000000702400000, 0x0000000702400000|100%| O|  |TAMS 0x0000000702400000, 0x0000000702200000| Untracked 
|  18|0x0000000702400000, 0x0000000702600000, 0x0000000702600000|100%| O|  |TAMS 0x0000000702600000, 0x0000000702400000| Untracked 
|  19|0x0000000702600000, 0x0000000702800000, 0x0000000702800000|100%|HS|  |TAMS 0x0000000702800000, 0x0000000702600000| Complete 
|  20|0x0000000702800000, 0x0000000702800000, 0x0000000702a00000|  0%| F|  |TAMS 0x0000000702800000, 0x0000000702800000| Untracked 
|  21|0x0000000702a00000, 0x0000000702c00000, 0x0000000702c00000|100%| O|  |TAMS 0x0000000702c00000, 0x0000000702a00000| Untracked 
|  22|0x0000000702c00000, 0x0000000702e00000, 0x0000000702e00000|100%| O|  |TAMS 0x0000000702e00000, 0x0000000702c00000| Untracked 
|  23|0x0000000702e00000, 0x0000000703000000, 0x0000000703000000|100%| O|  |TAMS 0x0000000703000000, 0x0000000702e00000| Untracked 
|  24|0x0000000703000000, 0x0000000703200000, 0x0000000703200000|100%| O|  |TAMS 0x0000000703200000, 0x0000000703000000| Untracked 
|  25|0x0000000703200000, 0x0000000703400000, 0x0000000703400000|100%| O|  |TAMS 0x0000000703400000, 0x0000000703200000| Untracked 
|  26|0x0000000703400000, 0x0000000703600000, 0x0000000703600000|100%|HS|  |TAMS 0x0000000703600000, 0x0000000703400000| Complete 
|  27|0x0000000703600000, 0x0000000703800000, 0x0000000703800000|100%|HC|  |TAMS 0x0000000703800000, 0x0000000703600000| Complete 
|  28|0x0000000703800000, 0x0000000703a00000, 0x0000000703a00000|100%| O|  |TAMS 0x0000000703a00000, 0x0000000703800000| Untracked 
|  29|0x0000000703a00000, 0x0000000703c00000, 0x0000000703c00000|100%| O|  |TAMS 0x0000000703c00000, 0x0000000703a00000| Untracked 
|  30|0x0000000703c00000, 0x0000000703e00000, 0x0000000703e00000|100%| O|  |TAMS 0x0000000703e00000, 0x0000000703c00000| Untracked 
|  31|0x0000000703e00000, 0x0000000704000000, 0x0000000704000000|100%| O|  |TAMS 0x0000000704000000, 0x0000000703e00000| Untracked 
|  32|0x0000000704000000, 0x0000000704200000, 0x0000000704200000|100%| O|  |TAMS 0x0000000704200000, 0x0000000704000000| Untracked 
|  33|0x0000000704200000, 0x0000000704400000, 0x0000000704400000|100%| O|  |TAMS 0x0000000704400000, 0x0000000704200000| Untracked 
|  34|0x0000000704400000, 0x0000000704600000, 0x0000000704600000|100%| O|  |TAMS 0x0000000704600000, 0x0000000704400000| Untracked 
|  35|0x0000000704600000, 0x0000000704800000, 0x0000000704800000|100%|HS|  |TAMS 0x0000000704800000, 0x0000000704600000| Complete 
|  36|0x0000000704800000, 0x0000000704a00000, 0x0000000704a00000|100%|HC|  |TAMS 0x0000000704a00000, 0x0000000704800000| Complete 
|  37|0x0000000704a00000, 0x0000000704c00000, 0x0000000704c00000|100%| O|  |TAMS 0x0000000704c00000, 0x0000000704a00000| Untracked 
|  38|0x0000000704c00000, 0x0000000704e00000, 0x0000000704e00000|100%| O|  |TAMS 0x0000000704e00000, 0x0000000704c00000| Untracked 
|  39|0x0000000704e00000, 0x0000000705000000, 0x0000000705000000|100%| O|  |TAMS 0x0000000705000000, 0x0000000704e00000| Untracked 
|  40|0x0000000705000000, 0x0000000705200000, 0x0000000705200000|100%| O|  |TAMS 0x0000000705200000, 0x0000000705000000| Untracked 
|  41|0x0000000705200000, 0x0000000705400000, 0x0000000705400000|100%| O|  |TAMS 0x0000000705400000, 0x0000000705200000| Untracked 
|  42|0x0000000705400000, 0x0000000705600000, 0x0000000705600000|100%| O|  |TAMS 0x0000000705600000, 0x0000000705400000| Untracked 
|  43|0x0000000705600000, 0x0000000705800000, 0x0000000705800000|100%| O|  |TAMS 0x0000000705800000, 0x0000000705600000| Untracked 
|  44|0x0000000705800000, 0x0000000705a00000, 0x0000000705a00000|100%| O|  |TAMS 0x0000000705a00000, 0x0000000705800000| Untracked 
|  45|0x0000000705a00000, 0x0000000705c00000, 0x0000000705c00000|100%| O|  |TAMS 0x0000000705c00000, 0x0000000705a00000| Untracked 
|  46|0x0000000705c00000, 0x0000000705e00000, 0x0000000705e00000|100%| O|  |TAMS 0x0000000705e00000, 0x0000000705c00000| Untracked 
|  47|0x0000000705e00000, 0x0000000706000000, 0x0000000706000000|100%| O|  |TAMS 0x0000000706000000, 0x0000000705e00000| Untracked 
|  48|0x0000000706000000, 0x0000000706200000, 0x0000000706200000|100%| O|  |TAMS 0x0000000706200000, 0x0000000706000000| Untracked 
|  49|0x0000000706200000, 0x0000000706400000, 0x0000000706400000|100%| O|  |TAMS 0x0000000706400000, 0x0000000706200000| Untracked 
|  50|0x0000000706400000, 0x0000000706600000, 0x0000000706600000|100%| O|  |TAMS 0x0000000706600000, 0x0000000706400000| Untracked 
|  51|0x0000000706600000, 0x0000000706800000, 0x0000000706800000|100%| O|  |TAMS 0x0000000706800000, 0x0000000706600000| Untracked 
|  52|0x0000000706800000, 0x0000000706a00000, 0x0000000706a00000|100%| O|  |TAMS 0x0000000706a00000, 0x0000000706800000| Complete 
|  53|0x0000000706a00000, 0x0000000706c00000, 0x0000000706c00000|100%| O|  |TAMS 0x0000000706c00000, 0x0000000706a00000| Untracked 
|  54|0x0000000706c00000, 0x0000000706e00000, 0x0000000706e00000|100%| O|  |TAMS 0x0000000706e00000, 0x0000000706c00000| Untracked 
|  55|0x0000000706e00000, 0x0000000707000000, 0x0000000707000000|100%| O|  |TAMS 0x0000000707000000, 0x0000000706e00000| Untracked 
|  56|0x0000000707000000, 0x0000000707200000, 0x0000000707200000|100%| O|  |TAMS 0x0000000707200000, 0x0000000707000000| Untracked 
|  57|0x0000000707200000, 0x0000000707400000, 0x0000000707400000|100%| O|  |TAMS 0x0000000707400000, 0x0000000707200000| Untracked 
|  58|0x0000000707400000, 0x0000000707600000, 0x0000000707600000|100%| O|  |TAMS 0x0000000707600000, 0x0000000707400000| Untracked 
|  59|0x0000000707600000, 0x0000000707800000, 0x0000000707800000|100%| O|  |TAMS 0x0000000707800000, 0x0000000707600000| Untracked 
|  60|0x0000000707800000, 0x0000000707a00000, 0x0000000707a00000|100%| O|  |TAMS 0x0000000707a00000, 0x0000000707800000| Untracked 
|  61|0x0000000707a00000, 0x0000000707c00000, 0x0000000707c00000|100%| O|  |TAMS 0x0000000707c00000, 0x0000000707a00000| Untracked 
|  62|0x0000000707c00000, 0x0000000707e00000, 0x0000000707e00000|100%| O|  |TAMS 0x0000000707e00000, 0x0000000707c00000| Untracked 
|  63|0x0000000707e00000, 0x0000000708000000, 0x0000000708000000|100%| O|  |TAMS 0x0000000708000000, 0x0000000707e00000| Untracked 
|  64|0x0000000708000000, 0x0000000708200000, 0x0000000708200000|100%| O|  |TAMS 0x0000000708200000, 0x0000000708000000| Untracked 
|  65|0x0000000708200000, 0x0000000708400000, 0x0000000708400000|100%| O|  |TAMS 0x0000000708400000, 0x0000000708200000| Untracked 
|  66|0x0000000708400000, 0x0000000708600000, 0x0000000708600000|100%| O|  |TAMS 0x0000000708600000, 0x0000000708400000| Untracked 
|  67|0x0000000708600000, 0x0000000708692600, 0x0000000708800000| 28%| O|  |TAMS 0x0000000708692600, 0x0000000708600000| Untracked 
|  68|0x0000000708800000, 0x0000000708800000, 0x0000000708a00000|  0%| F|  |TAMS 0x0000000708800000, 0x0000000708800000| Untracked 
|  69|0x0000000708a00000, 0x0000000708a00000, 0x0000000708c00000|  0%| F|  |TAMS 0x0000000708a00000, 0x0000000708a00000| Untracked 
|  70|0x0000000708c00000, 0x0000000708c00000, 0x0000000708e00000|  0%| F|  |TAMS 0x0000000708c00000, 0x0000000708c00000| Untracked 
|  71|0x0000000708e00000, 0x0000000708e00000, 0x0000000709000000|  0%| F|  |TAMS 0x0000000708e00000, 0x0000000708e00000| Untracked 
|  72|0x0000000709000000, 0x0000000709000000, 0x0000000709200000|  0%| F|  |TAMS 0x0000000709000000, 0x0000000709000000| Untracked 
|  73|0x0000000709200000, 0x0000000709200000, 0x0000000709400000|  0%| F|  |TAMS 0x0000000709200000, 0x0000000709200000| Untracked 
|  74|0x0000000709400000, 0x0000000709400000, 0x0000000709600000|  0%| F|  |TAMS 0x0000000709400000, 0x0000000709400000| Untracked 
|  75|0x0000000709600000, 0x0000000709600000, 0x0000000709800000|  0%| F|  |TAMS 0x0000000709600000, 0x0000000709600000| Untracked 
|  76|0x0000000709800000, 0x0000000709800000, 0x0000000709a00000|  0%| F|  |TAMS 0x0000000709800000, 0x0000000709800000| Untracked 
|  77|0x0000000709a00000, 0x0000000709a00000, 0x0000000709c00000|  0%| F|  |TAMS 0x0000000709a00000, 0x0000000709a00000| Untracked 
|  78|0x0000000709c00000, 0x0000000709c00000, 0x0000000709e00000|  0%| F|  |TAMS 0x0000000709c00000, 0x0000000709c00000| Untracked 
|  79|0x0000000709e00000, 0x0000000709e00000, 0x000000070a000000|  0%| F|  |TAMS 0x0000000709e00000, 0x0000000709e00000| Untracked 
|  80|0x000000070a000000, 0x000000070a000000, 0x000000070a200000|  0%| F|  |TAMS 0x000000070a000000, 0x000000070a000000| Untracked 
|  81|0x000000070a200000, 0x000000070a200000, 0x000000070a400000|  0%| F|  |TAMS 0x000000070a200000, 0x000000070a200000| Untracked 
|  82|0x000000070a400000, 0x000000070a400000, 0x000000070a600000|  0%| F|  |TAMS 0x000000070a400000, 0x000000070a400000| Untracked 
|  83|0x000000070a600000, 0x000000070a600000, 0x000000070a800000|  0%| F|  |TAMS 0x000000070a600000, 0x000000070a600000| Untracked 
|  84|0x000000070a800000, 0x000000070a800000, 0x000000070aa00000|  0%| F|  |TAMS 0x000000070a800000, 0x000000070a800000| Untracked 
|  85|0x000000070aa00000, 0x000000070abc3510, 0x000000070ac00000| 88%| S|CS|TAMS 0x000000070aa00000, 0x000000070aa00000| Complete 
|  86|0x000000070ac00000, 0x000000070ae00000, 0x000000070ae00000|100%| S|CS|TAMS 0x000000070ac00000, 0x000000070ac00000| Complete 
|  87|0x000000070ae00000, 0x000000070b000000, 0x000000070b000000|100%| S|CS|TAMS 0x000000070ae00000, 0x000000070ae00000| Complete 
|  88|0x000000070b000000, 0x000000070b200000, 0x000000070b200000|100%| S|CS|TAMS 0x000000070b000000, 0x000000070b000000| Complete 
|  89|0x000000070b200000, 0x000000070b200000, 0x000000070b400000|  0%| F|  |TAMS 0x000000070b200000, 0x000000070b200000| Untracked 
|  90|0x000000070b400000, 0x000000070b400000, 0x000000070b600000|  0%| F|  |TAMS 0x000000070b400000, 0x000000070b400000| Untracked 
|  91|0x000000070b600000, 0x000000070b600000, 0x000000070b800000|  0%| F|  |TAMS 0x000000070b600000, 0x000000070b600000| Untracked 
|  92|0x000000070b800000, 0x000000070b800000, 0x000000070ba00000|  0%| F|  |TAMS 0x000000070b800000, 0x000000070b800000| Untracked 
|  93|0x000000070ba00000, 0x000000070ba00000, 0x000000070bc00000|  0%| F|  |TAMS 0x000000070ba00000, 0x000000070ba00000| Untracked 
|  94|0x000000070bc00000, 0x000000070bc00000, 0x000000070be00000|  0%| F|  |TAMS 0x000000070bc00000, 0x000000070bc00000| Untracked 
|  95|0x000000070be00000, 0x000000070be00000, 0x000000070c000000|  0%| F|  |TAMS 0x000000070be00000, 0x000000070be00000| Untracked 
|  96|0x000000070c000000, 0x000000070c000000, 0x000000070c200000|  0%| F|  |TAMS 0x000000070c000000, 0x000000070c000000| Untracked 
|  97|0x000000070c200000, 0x000000070c200000, 0x000000070c400000|  0%| F|  |TAMS 0x000000070c200000, 0x000000070c200000| Untracked 
|  98|0x000000070c400000, 0x000000070c400000, 0x000000070c600000|  0%| F|  |TAMS 0x000000070c400000, 0x000000070c400000| Untracked 
|  99|0x000000070c600000, 0x000000070c600000, 0x000000070c800000|  0%| F|  |TAMS 0x000000070c600000, 0x000000070c600000| Untracked 
| 100|0x000000070c800000, 0x000000070c800000, 0x000000070ca00000|  0%| F|  |TAMS 0x000000070c800000, 0x000000070c800000| Untracked 
| 101|0x000000070ca00000, 0x000000070ca00000, 0x000000070cc00000|  0%| F|  |TAMS 0x000000070ca00000, 0x000000070ca00000| Untracked 
| 102|0x000000070cc00000, 0x000000070cc00000, 0x000000070ce00000|  0%| F|  |TAMS 0x000000070cc00000, 0x000000070cc00000| Untracked 
| 103|0x000000070ce00000, 0x000000070ce00000, 0x000000070d000000|  0%| F|  |TAMS 0x000000070ce00000, 0x000000070ce00000| Untracked 
| 104|0x000000070d000000, 0x000000070d000000, 0x000000070d200000|  0%| F|  |TAMS 0x000000070d000000, 0x000000070d000000| Untracked 
| 105|0x000000070d200000, 0x000000070d200000, 0x000000070d400000|  0%| F|  |TAMS 0x000000070d200000, 0x000000070d200000| Untracked 
| 106|0x000000070d400000, 0x000000070d400000, 0x000000070d600000|  0%| F|  |TAMS 0x000000070d400000, 0x000000070d400000| Untracked 
| 107|0x000000070d600000, 0x000000070d600000, 0x000000070d800000|  0%| F|  |TAMS 0x000000070d600000, 0x000000070d600000| Untracked 
| 108|0x000000070d800000, 0x000000070d800000, 0x000000070da00000|  0%| F|  |TAMS 0x000000070d800000, 0x000000070d800000| Untracked 
| 109|0x000000070da00000, 0x000000070da00000, 0x000000070dc00000|  0%| F|  |TAMS 0x000000070da00000, 0x000000070da00000| Untracked 
| 110|0x000000070dc00000, 0x000000070dc00000, 0x000000070de00000|  0%| F|  |TAMS 0x000000070dc00000, 0x000000070dc00000| Untracked 
| 111|0x000000070de00000, 0x000000070de00000, 0x000000070e000000|  0%| F|  |TAMS 0x000000070de00000, 0x000000070de00000| Untracked 
| 112|0x000000070e000000, 0x000000070e000000, 0x000000070e200000|  0%| F|  |TAMS 0x000000070e000000, 0x000000070e000000| Untracked 
| 113|0x000000070e200000, 0x000000070e200000, 0x000000070e400000|  0%| F|  |TAMS 0x000000070e200000, 0x000000070e200000| Untracked 
| 114|0x000000070e400000, 0x000000070e400000, 0x000000070e600000|  0%| F|  |TAMS 0x000000070e400000, 0x000000070e400000| Untracked 
| 115|0x000000070e600000, 0x000000070e600000, 0x000000070e800000|  0%| F|  |TAMS 0x000000070e600000, 0x000000070e600000| Untracked 
| 116|0x000000070e800000, 0x000000070e800000, 0x000000070ea00000|  0%| F|  |TAMS 0x000000070e800000, 0x000000070e800000| Untracked 
| 117|0x000000070ea00000, 0x000000070ea00000, 0x000000070ec00000|  0%| F|  |TAMS 0x000000070ea00000, 0x000000070ea00000| Untracked 
| 118|0x000000070ec00000, 0x000000070ec00000, 0x000000070ee00000|  0%| F|  |TAMS 0x000000070ec00000, 0x000000070ec00000| Untracked 
| 119|0x000000070ee00000, 0x000000070ee00000, 0x000000070f000000|  0%| F|  |TAMS 0x000000070ee00000, 0x000000070ee00000| Untracked 
| 120|0x000000070f000000, 0x000000070f000000, 0x000000070f200000|  0%| F|  |TAMS 0x000000070f000000, 0x000000070f000000| Untracked 
| 121|0x000000070f200000, 0x000000070f200000, 0x000000070f400000|  0%| F|  |TAMS 0x000000070f200000, 0x000000070f200000| Untracked 
| 122|0x000000070f400000, 0x000000070f400000, 0x000000070f600000|  0%| F|  |TAMS 0x000000070f400000, 0x000000070f400000| Untracked 
| 123|0x000000070f600000, 0x000000070f600000, 0x000000070f800000|  0%| F|  |TAMS 0x000000070f600000, 0x000000070f600000| Untracked 
| 124|0x000000070f800000, 0x000000070f800000, 0x000000070fa00000|  0%| F|  |TAMS 0x000000070f800000, 0x000000070f800000| Untracked 
| 125|0x000000070fa00000, 0x000000070fa00000, 0x000000070fc00000|  0%| F|  |TAMS 0x000000070fa00000, 0x000000070fa00000| Untracked 
| 126|0x000000070fc00000, 0x000000070fc00000, 0x000000070fe00000|  0%| F|  |TAMS 0x000000070fc00000, 0x000000070fc00000| Untracked 
| 127|0x000000070fe00000, 0x000000070fe00000, 0x0000000710000000|  0%| F|  |TAMS 0x000000070fe00000, 0x000000070fe00000| Untracked 
| 128|0x0000000710000000, 0x0000000710091138, 0x0000000710200000| 28%| E|  |TAMS 0x0000000710000000, 0x0000000710000000| Complete 
| 129|0x0000000710200000, 0x0000000710400000, 0x0000000710400000|100%| E|CS|TAMS 0x0000000710200000, 0x0000000710200000| Complete 
| 130|0x0000000710400000, 0x0000000710600000, 0x0000000710600000|100%| E|CS|TAMS 0x0000000710400000, 0x0000000710400000| Complete 
| 131|0x0000000710600000, 0x0000000710800000, 0x0000000710800000|100%| E|CS|TAMS 0x0000000710600000, 0x0000000710600000| Complete 
| 132|0x0000000710800000, 0x0000000710a00000, 0x0000000710a00000|100%| E|CS|TAMS 0x0000000710800000, 0x0000000710800000| Complete 
| 133|0x0000000710a00000, 0x0000000710c00000, 0x0000000710c00000|100%| E|CS|TAMS 0x0000000710a00000, 0x0000000710a00000| Complete 
| 134|0x0000000710c00000, 0x0000000710e00000, 0x0000000710e00000|100%| E|CS|TAMS 0x0000000710c00000, 0x0000000710c00000| Complete 
| 135|0x0000000710e00000, 0x0000000711000000, 0x0000000711000000|100%| E|CS|TAMS 0x0000000710e00000, 0x0000000710e00000| Complete 
| 136|0x0000000711000000, 0x0000000711200000, 0x0000000711200000|100%| E|CS|TAMS 0x0000000711000000, 0x0000000711000000| Complete 
| 137|0x0000000711200000, 0x0000000711400000, 0x0000000711400000|100%| E|CS|TAMS 0x0000000711200000, 0x0000000711200000| Complete 
| 138|0x0000000711400000, 0x0000000711600000, 0x0000000711600000|100%| E|CS|TAMS 0x0000000711400000, 0x0000000711400000| Complete 
| 139|0x0000000711600000, 0x0000000711800000, 0x0000000711800000|100%| E|CS|TAMS 0x0000000711600000, 0x0000000711600000| Complete 
| 140|0x0000000711800000, 0x0000000711a00000, 0x0000000711a00000|100%| E|CS|TAMS 0x0000000711800000, 0x0000000711800000| Complete 
| 141|0x0000000711a00000, 0x0000000711c00000, 0x0000000711c00000|100%| E|CS|TAMS 0x0000000711a00000, 0x0000000711a00000| Complete 
| 142|0x0000000711c00000, 0x0000000711e00000, 0x0000000711e00000|100%| E|CS|TAMS 0x0000000711c00000, 0x0000000711c00000| Complete 
| 143|0x0000000711e00000, 0x0000000712000000, 0x0000000712000000|100%| E|CS|TAMS 0x0000000711e00000, 0x0000000711e00000| Complete 
| 144|0x0000000712000000, 0x0000000712200000, 0x0000000712200000|100%| E|CS|TAMS 0x0000000712000000, 0x0000000712000000| Complete 
| 145|0x0000000712200000, 0x0000000712400000, 0x0000000712400000|100%| E|CS|TAMS 0x0000000712200000, 0x0000000712200000| Complete 
| 146|0x0000000712400000, 0x0000000712600000, 0x0000000712600000|100%| E|CS|TAMS 0x0000000712400000, 0x0000000712400000| Complete 
| 147|0x0000000712600000, 0x0000000712800000, 0x0000000712800000|100%| E|CS|TAMS 0x0000000712600000, 0x0000000712600000| Complete 
| 148|0x0000000712800000, 0x0000000712a00000, 0x0000000712a00000|100%| E|CS|TAMS 0x0000000712800000, 0x0000000712800000| Complete 
| 149|0x0000000712a00000, 0x0000000712c00000, 0x0000000712c00000|100%| E|CS|TAMS 0x0000000712a00000, 0x0000000712a00000| Complete 
| 150|0x0000000712c00000, 0x0000000712e00000, 0x0000000712e00000|100%| E|CS|TAMS 0x0000000712c00000, 0x0000000712c00000| Complete 
| 151|0x0000000712e00000, 0x0000000713000000, 0x0000000713000000|100%| E|CS|TAMS 0x0000000712e00000, 0x0000000712e00000| Complete 
| 152|0x0000000713000000, 0x0000000713200000, 0x0000000713200000|100%| E|CS|TAMS 0x0000000713000000, 0x0000000713000000| Complete 
| 153|0x0000000713200000, 0x0000000713400000, 0x0000000713400000|100%| E|CS|TAMS 0x0000000713200000, 0x0000000713200000| Complete 
| 154|0x0000000713400000, 0x0000000713600000, 0x0000000713600000|100%| E|CS|TAMS 0x0000000713400000, 0x0000000713400000| Complete 
| 155|0x0000000713600000, 0x0000000713800000, 0x0000000713800000|100%| E|  |TAMS 0x0000000713600000, 0x0000000713600000| Complete 
| 156|0x0000000713800000, 0x0000000713a00000, 0x0000000713a00000|100%| E|CS|TAMS 0x0000000713800000, 0x0000000713800000| Complete 
| 157|0x0000000713a00000, 0x0000000713c00000, 0x0000000713c00000|100%| E|CS|TAMS 0x0000000713a00000, 0x0000000713a00000| Complete 
| 158|0x0000000713c00000, 0x0000000713e00000, 0x0000000713e00000|100%| E|CS|TAMS 0x0000000713c00000, 0x0000000713c00000| Complete 
| 159|0x0000000713e00000, 0x0000000714000000, 0x0000000714000000|100%| E|CS|TAMS 0x0000000713e00000, 0x0000000713e00000| Complete 
| 160|0x0000000714000000, 0x0000000714200000, 0x0000000714200000|100%| E|CS|TAMS 0x0000000714000000, 0x0000000714000000| Complete 
| 161|0x0000000714200000, 0x0000000714400000, 0x0000000714400000|100%| E|CS|TAMS 0x0000000714200000, 0x0000000714200000| Complete 
| 162|0x0000000714400000, 0x0000000714600000, 0x0000000714600000|100%| E|CS|TAMS 0x0000000714400000, 0x0000000714400000| Complete 
| 163|0x0000000714600000, 0x0000000714800000, 0x0000000714800000|100%| E|CS|TAMS 0x0000000714600000, 0x0000000714600000| Complete 

Card table byte_map: [0x0000019c486c0000,0x0000019c48ec0000] _byte_map_base: 0x0000019c44ec0000

Marking Bits (Prev, Next): (CMBitMap*) 0x0000019c355201d0, (CMBitMap*) 0x0000019c35520190
 Prev Bits: [0x0000019c4d6c0000, 0x0000019c516c0000)
 Next Bits: [0x0000019c496c0000, 0x0000019c4d6c0000)

Polling page: 0x0000019c34c70000

Metaspace:

Usage:
  Non-class:     87.78 MB used.
      Class:     14.18 MB used.
       Both:    101.96 MB used.

Virtual space:
  Non-class space:       96.00 MB reserved,      88.31 MB ( 92%) committed,  12 nodes.
      Class space:        1.00 GB reserved,      14.62 MB (  1%) committed,  1 nodes.
             Both:        1.09 GB reserved,     102.94 MB (  9%) committed. 

Chunk freelists:
   Non-Class:  3.26 MB
       Class:  1.39 MB
        Both:  4.64 MB

MaxMetaspaceSize: unlimited
CompressedClassSpaceSize: 1.00 GB
Initial GC threshold: 21.00 MB
Current GC threshold: 170.25 MB
CDS: off
MetaspaceReclaimPolicy: balanced
 - commit_granule_bytes: 65536.
 - commit_granule_words: 8192.
 - virtual_space_node_default_size: 1048576.
 - enlarge_chunks_in_place: 1.
 - new_chunks_are_fully_committed: 0.
 - uncommit_free_chunks: 1.
 - use_allocation_guard: 0.
 - handle_deallocations: 1.


Internal statistics:

num_allocs_failed_limit: 6.
num_arena_births: 1236.
num_arena_deaths: 0.
num_vsnodes_births: 13.
num_vsnodes_deaths: 0.
num_space_committed: 1647.
num_space_uncommitted: 0.
num_chunks_returned_to_freelist: 6.
num_chunks_taken_from_freelist: 5367.
num_chunk_merges: 0.
num_chunk_splits: 3457.
num_chunks_enlarged: 2223.
num_purges: 0.
num_inconsistent_stats: 0.

CodeHeap 'non-profiled nmethods': size=120000Kb used=7771Kb max_used=7771Kb free=112228Kb
 bounds [0x0000019c40440000, 0x0000019c40be0000, 0x0000019c47970000]
CodeHeap 'profiled nmethods': size=120000Kb used=23720Kb max_used=23720Kb free=96279Kb
 bounds [0x0000019c38970000, 0x0000019c3a0a0000, 0x0000019c3fea0000]
CodeHeap 'non-nmethods': size=5760Kb used=2400Kb max_used=2514Kb free=3359Kb
 bounds [0x0000019c3fea0000, 0x0000019c40150000, 0x0000019c40440000]
 total_blobs=12832 nmethods=11899 adapters=845
 compilation: enabled
              stopped_count=0, restarted_count=0
 full_count=0

Compilation events (20 events):
Event: 27.638 Thread 0x0000019c54c6fee0 13491       1       java.nio.DirectByteBuffer::isReadOnly (2 bytes)
Event: 27.638 Thread 0x0000019c54c6fee0 nmethod 13491 0x0000019c40bd6410 code [0x0000019c40bd65a0, 0x0000019c40bd6678]
Event: 27.638 Thread 0x0000019c54c6fee0 13492       1       org.gradle.internal.serialize.Serializers$StatefulSerializerAdapter::access$000 (5 bytes)
Event: 27.638 Thread 0x0000019c54c6fee0 nmethod 13492 0x0000019c40bd6710 code [0x0000019c40bd68a0, 0x0000019c40bd6958]
Event: 27.638 Thread 0x0000019c54c6fee0 13493       1       org.gradle.launcher.daemon.protocol.OutputMessage::getEvent (5 bytes)
Event: 27.639 Thread 0x0000019c54c6fee0 nmethod 13493 0x0000019c40bd6a10 code [0x0000019c40bd6ba0, 0x0000019c40bd6c78]
Event: 27.639 Thread 0x0000019c54c6fee0 13494       3       org.gradle.internal.io.StreamByteBuffer$StreamByteBufferOutputStream::write (22 bytes)
Event: 27.639 Thread 0x0000019c54c6fee0 nmethod 13494 0x0000019c3a094910 code [0x0000019c3a094ac0, 0x0000019c3a094c98]
Event: 27.639 Thread 0x0000019c54c6fee0 13495       3       org.gradle.internal.io.StreamByteBuffer$StreamByteBufferChunk::write (32 bytes)
Event: 27.639 Thread 0x0000019c54c6fee0 nmethod 13495 0x0000019c3a094e10 code [0x0000019c3a094fc0, 0x0000019c3a095178]
Event: 27.639 Thread 0x0000019c54c6fee0 13496       3       org.gradle.internal.operations.logging.LoggingBuildOperationProgressBroadcaster::onOutput (105 bytes)
Event: 27.640 Thread 0x0000019c54c6fee0 nmethod 13496 0x0000019c3a095290 code [0x0000019c3a0954a0, 0x0000019c3a095f98]
Event: 27.640 Thread 0x0000019c54c6fee0 13500       2       org.gradle.internal.logging.text.AbstractLineChoppingStyledTextOutput::doAppend (43 bytes)
Event: 27.640 Thread 0x0000019c54c6fee0 nmethod 13500 0x0000019c3a096110 code [0x0000019c3a0962e0, 0x0000019c3a0965c8]
Event: 27.640 Thread 0x0000019c54c6fee0 13498       3       sun.nio.cs.SingleByte$Decoder::decodeLoop (28 bytes)
Event: 27.641 Thread 0x0000019c54c6fee0 nmethod 13498 0x0000019c3a096790 code [0x0000019c3a096960, 0x0000019c3a096d78]
Event: 27.641 Thread 0x0000019c54c6fee0 13499       3       sun.nio.cs.SingleByte$Decoder::decodeArrayLoop (205 bytes)
Event: 27.643 Thread 0x0000019c54c6fee0 nmethod 13499 0x0000019c3a096f10 code [0x0000019c3a097320, 0x0000019c3a098f58]
Event: 27.643 Thread 0x0000019c54c6fee0 13501   !   3       org.gradle.internal.logging.sink.OutputEventTransformer::invokeListener (28 bytes)
Event: 27.643 Thread 0x0000019c54c6fee0 nmethod 13501 0x0000019c3a099a90 code [0x0000019c3a099c40, 0x0000019c3a099f08]

GC Heap History (20 events):
Event: 14.833 GC heap before
{Heap before GC invocations=44 (full 0):
 garbage-first heap   total 163840K, used 132088K [0x0000000700000000, 0x0000000800000000)
  region size 2048K, 22 young (45056K), 2 survivors (4096K)
 Metaspace       used 90888K, committed 91712K, reserved 1130496K
  class space    used 12613K, committed 12992K, reserved 1048576K
}
Event: 14.837 GC heap after
{Heap after GC invocations=45 (full 0):
 garbage-first heap   total 163840K, used 94171K [0x0000000700000000, 0x0000000800000000)
  region size 2048K, 3 young (6144K), 3 survivors (6144K)
 Metaspace       used 90888K, committed 91712K, reserved 1130496K
  class space    used 12613K, committed 12992K, reserved 1048576K
}
Event: 15.316 GC heap before
{Heap before GC invocations=45 (full 0):
 garbage-first heap   total 163840K, used 135131K [0x0000000700000000, 0x0000000800000000)
  region size 2048K, 23 young (47104K), 3 survivors (6144K)
 Metaspace       used 92348K, committed 93120K, reserved 1130496K
  class space    used 12811K, committed 13184K, reserved 1048576K
}
Event: 15.322 GC heap after
{Heap after GC invocations=46 (full 0):
 garbage-first heap   total 196608K, used 98067K [0x0000000700000000, 0x0000000800000000)
  region size 2048K, 2 young (4096K), 2 survivors (4096K)
 Metaspace       used 92348K, committed 93120K, reserved 1130496K
  class space    used 12811K, committed 13184K, reserved 1048576K
}
Event: 16.480 GC heap before
{Heap before GC invocations=47 (full 0):
 garbage-first heap   total 196608K, used 157459K [0x0000000700000000, 0x0000000800000000)
  region size 2048K, 32 young (65536K), 2 survivors (4096K)
 Metaspace       used 93901K, committed 94784K, reserved 1130496K
  class space    used 13052K, committed 13440K, reserved 1048576K
}
Event: 16.489 GC heap after
{Heap after GC invocations=48 (full 0):
 garbage-first heap   total 196608K, used 113334K [0x0000000700000000, 0x0000000800000000)
  region size 2048K, 4 young (8192K), 4 survivors (8192K)
 Metaspace       used 93901K, committed 94784K, reserved 1130496K
  class space    used 13052K, committed 13440K, reserved 1048576K
}
Event: 18.122 GC heap before
{Heap before GC invocations=48 (full 0):
 garbage-first heap   total 196608K, used 154294K [0x0000000700000000, 0x0000000800000000)
  region size 2048K, 25 young (51200K), 4 survivors (8192K)
 Metaspace       used 94502K, committed 95424K, reserved 1138688K
  class space    used 13115K, committed 13504K, reserved 1048576K
}
Event: 18.131 GC heap after
{Heap after GC invocations=49 (full 0):
 garbage-first heap   total 196608K, used 121648K [0x0000000700000000, 0x0000000800000000)
  region size 2048K, 4 young (8192K), 4 survivors (8192K)
 Metaspace       used 94502K, committed 95424K, reserved 1138688K
  class space    used 13115K, committed 13504K, reserved 1048576K
}
Event: 18.672 GC heap before
{Heap before GC invocations=50 (full 0):
 garbage-first heap   total 219136K, used 156464K [0x0000000700000000, 0x0000000800000000)
  region size 2048K, 21 young (43008K), 4 survivors (8192K)
 Metaspace       used 95026K, committed 95936K, reserved 1138688K
  class space    used 13177K, committed 13568K, reserved 1048576K
}
Event: 18.680 GC heap after
{Heap after GC invocations=51 (full 0):
 garbage-first heap   total 219136K, used 128029K [0x0000000700000000, 0x0000000800000000)
  region size 2048K, 3 young (6144K), 3 survivors (6144K)
 Metaspace       used 95026K, committed 95936K, reserved 1138688K
  class space    used 13177K, committed 13568K, reserved 1048576K
}
Event: 18.732 GC heap before
{Heap before GC invocations=51 (full 0):
 garbage-first heap   total 219136K, used 132125K [0x0000000700000000, 0x0000000800000000)
  region size 2048K, 5 young (10240K), 3 survivors (6144K)
 Metaspace       used 95041K, committed 95936K, reserved 1138688K
  class space    used 13177K, committed 13568K, reserved 1048576K
}
Event: 18.737 GC heap after
{Heap after GC invocations=52 (full 0):
 garbage-first heap   total 219136K, used 129314K [0x0000000700000000, 0x0000000800000000)
  region size 2048K, 1 young (2048K), 1 survivors (2048K)
 Metaspace       used 95041K, committed 95936K, reserved 1138688K
  class space    used 13177K, committed 13568K, reserved 1048576K
}
Event: 19.290 GC heap before
{Heap before GC invocations=52 (full 0):
 garbage-first heap   total 219136K, used 174370K [0x0000000700000000, 0x0000000800000000)
  region size 2048K, 23 young (47104K), 1 survivors (2048K)
 Metaspace       used 98140K, committed 99072K, reserved 1138688K
  class space    used 13681K, committed 14080K, reserved 1048576K
}
Event: 19.295 GC heap after
{Heap after GC invocations=53 (full 0):
 garbage-first heap   total 219136K, used 132148K [0x0000000700000000, 0x0000000800000000)
  region size 2048K, 3 young (6144K), 3 survivors (6144K)
 Metaspace       used 98140K, committed 99072K, reserved 1138688K
  class space    used 13681K, committed 14080K, reserved 1048576K
}
Event: 20.260 GC heap before
{Heap before GC invocations=54 (full 0):
 garbage-first heap   total 233472K, used 173108K [0x0000000700000000, 0x0000000800000000)
  region size 2048K, 23 young (47104K), 3 survivors (6144K)
 Metaspace       used 101585K, committed 102528K, reserved 1138688K
  class space    used 14110K, committed 14528K, reserved 1048576K
}
Event: 20.271 GC heap after
{Heap after GC invocations=55 (full 0):
 garbage-first heap   total 233472K, used 136372K [0x0000000700000000, 0x0000000800000000)
  region size 2048K, 3 young (6144K), 3 survivors (6144K)
 Metaspace       used 101585K, committed 102528K, reserved 1138688K
  class space    used 14110K, committed 14528K, reserved 1048576K
}
Event: 20.348 GC heap before
{Heap before GC invocations=55 (full 0):
 garbage-first heap   total 233472K, used 140468K [0x0000000700000000, 0x0000000800000000)
  region size 2048K, 5 young (10240K), 3 survivors (6144K)
 Metaspace       used 101855K, committed 102848K, reserved 1138688K
  class space    used 14157K, committed 14592K, reserved 1048576K
}
Event: 20.352 GC heap after
{Heap after GC invocations=56 (full 0):
 garbage-first heap   total 233472K, used 136411K [0x0000000700000000, 0x0000000800000000)
  region size 2048K, 1 young (2048K), 1 survivors (2048K)
 Metaspace       used 101855K, committed 102848K, reserved 1138688K
  class space    used 14157K, committed 14592K, reserved 1048576K
}
Event: 21.186 GC heap before
{Heap before GC invocations=56 (full 0):
 garbage-first heap   total 233472K, used 183515K [0x0000000700000000, 0x0000000800000000)
  region size 2048K, 25 young (51200K), 1 survivors (2048K)
 Metaspace       used 103235K, committed 104256K, reserved 1138688K
  class space    used 14343K, committed 14784K, reserved 1048576K
}
Event: 21.193 GC heap after
{Heap after GC invocations=57 (full 0):
 garbage-first heap   total 335872K, used 143606K [0x0000000700000000, 0x0000000800000000)
  region size 2048K, 4 young (8192K), 4 survivors (8192K)
 Metaspace       used 103235K, committed 104256K, reserved 1138688K
  class space    used 14343K, committed 14784K, reserved 1048576K
}

Dll operation events (3 events):
Event: 0.008 Loaded shared library D:\programs\AndroidStudio\jbr\bin\java.dll
Event: 0.122 Loaded shared library D:\programs\AndroidStudio\jbr\bin\zip.dll
Event: 0.362 Loaded shared library D:\programs\AndroidStudio\jbr\bin\verify.dll

Deoptimization events (20 events):
Event: 27.634 Thread 0x0000019c5ff053d0 Uncommon trap: trap_request=0xffffffc6 fr.pc=0x0000019c4087e518 relative=0x0000000000000098
Event: 27.635 Thread 0x0000019c5ff053d0 Uncommon trap: reason=bimorphic_or_optimized_type_check action=maybe_recompile pc=0x0000019c4087e518 method=org.gradle.internal.logging.sink.OutputEventRenderer.onOutput(Lorg/gradle/internal/logging/events/OutputEvent;)V @ 1 c2
Event: 27.635 Thread 0x0000019c5ff053d0 DEOPT PACKING pc=0x0000019c4087e518 sp=0x00000024621feb20
Event: 27.635 Thread 0x0000019c5ff053d0 DEOPT UNPACKING pc=0x0000019c3fef69a3 sp=0x00000024621fea60 mode 2
Event: 27.635 Thread 0x0000019c5ff053d0 Uncommon trap: trap_request=0xffffffde fr.pc=0x0000019c407f77d0 relative=0x00000000000015f0
Event: 27.635 Thread 0x0000019c5ff053d0 Uncommon trap: reason=class_check action=maybe_recompile pc=0x0000019c407f77d0 method=org.gradle.internal.logging.sink.OutputEventTransformer.onOutput(Lorg/gradle/internal/logging/events/OutputEvent;)V @ 215 c2
Event: 27.635 Thread 0x0000019c5ff053d0 DEOPT PACKING pc=0x0000019c407f77d0 sp=0x00000024621fe9e0
Event: 27.635 Thread 0x0000019c5ff053d0 DEOPT UNPACKING pc=0x0000019c3fef69a3 sp=0x00000024621fe9d8 mode 2
Event: 27.635 Thread 0x0000019c5ff053d0 Uncommon trap: trap_request=0xffffffc6 fr.pc=0x0000019c4087e518 relative=0x0000000000000098
Event: 27.635 Thread 0x0000019c5ff053d0 Uncommon trap: reason=bimorphic_or_optimized_type_check action=maybe_recompile pc=0x0000019c4087e518 method=org.gradle.internal.logging.sink.OutputEventRenderer.onOutput(Lorg/gradle/internal/logging/events/OutputEvent;)V @ 1 c2
Event: 27.635 Thread 0x0000019c5ff053d0 DEOPT PACKING pc=0x0000019c4087e518 sp=0x00000024621feb20
Event: 27.635 Thread 0x0000019c5ff053d0 DEOPT UNPACKING pc=0x0000019c3fef69a3 sp=0x00000024621fea60 mode 2
Event: 27.635 Thread 0x0000019c5ff053d0 Uncommon trap: trap_request=0xffffffde fr.pc=0x0000019c407f77d0 relative=0x00000000000015f0
Event: 27.635 Thread 0x0000019c5ff053d0 Uncommon trap: reason=class_check action=maybe_recompile pc=0x0000019c407f77d0 method=org.gradle.internal.logging.sink.OutputEventTransformer.onOutput(Lorg/gradle/internal/logging/events/OutputEvent;)V @ 215 c2
Event: 27.635 Thread 0x0000019c5ff053d0 DEOPT PACKING pc=0x0000019c407f77d0 sp=0x00000024621fe9e0
Event: 27.635 Thread 0x0000019c5ff053d0 DEOPT UNPACKING pc=0x0000019c3fef69a3 sp=0x00000024621fe9d8 mode 2
Event: 27.636 Thread 0x0000019c5ff053d0 Uncommon trap: trap_request=0xffffffc6 fr.pc=0x0000019c4071523c relative=0x000000000000005c
Event: 27.636 Thread 0x0000019c5ff053d0 Uncommon trap: reason=bimorphic_or_optimized_type_check action=maybe_recompile pc=0x0000019c4071523c method=org.gradle.internal.logging.sink.OutputEventRenderer.onOutput(Lorg/gradle/internal/logging/events/OutputEvent;)V @ 1 c2
Event: 27.636 Thread 0x0000019c5ff053d0 DEOPT PACKING pc=0x0000019c4071523c sp=0x00000024621feac0
Event: 27.636 Thread 0x0000019c5ff053d0 DEOPT UNPACKING pc=0x0000019c3fef69a3 sp=0x00000024621fea60 mode 2

Classes unloaded (0 events):
No events

Classes redefined (0 events):
No events

Internal exceptions (20 events):
Event: 22.443 Thread 0x0000019c5b0050a0 Exception <a 'java/lang/ClassNotFoundException'{0x0000000710565c60}: org/gradle/process/internal/DefaultExecAction_DecoratedBeanInfo> (0x0000000710565c60) 
thrown [s\src\hotspot\share\classfile\systemDictionary.cpp, line 256]
Event: 22.444 Thread 0x0000019c5b0050a0 Exception <a 'java/lang/ClassNotFoundException'{0x0000000710578760}: org/gradle/process/internal/DefaultExecActionBeanInfo> (0x0000000710578760) 
thrown [s\src\hotspot\share\classfile\systemDictionary.cpp, line 256]
Event: 22.444 Thread 0x0000019c5b0050a0 Exception <a 'java/lang/ClassNotFoundException'{0x000000071058bb80}: org/gradle/process/internal/DefaultExecHandleBuilderBeanInfo> (0x000000071058bb80) 
thrown [s\src\hotspot\share\classfile\systemDictionary.cpp, line 256]
Event: 22.445 Thread 0x0000019c5b0050a0 Exception <a 'java/lang/ClassNotFoundException'{0x000000071059fc70}: org/gradle/process/internal/AbstractExecHandleBuilderBeanInfo> (0x000000071059fc70) 
thrown [s\src\hotspot\share\classfile\systemDictionary.cpp, line 256]
Event: 22.445 Thread 0x0000019c5b0050a0 Exception <a 'java/lang/ClassNotFoundException'{0x00000007105b3e38}: org/gradle/process/internal/DefaultProcessForkOptionsBeanInfo> (0x00000007105b3e38) 
thrown [s\src\hotspot\share\classfile\systemDictionary.cpp, line 256]
Event: 22.445 Thread 0x0000019c5b0050a0 Exception <a 'java/lang/ClassNotFoundException'{0x00000007105c8590}: org/gradle/process/internal/DefaultProcessForkOptionsCustomizer> (0x00000007105c8590) 
thrown [s\src\hotspot\share\classfile\systemDictionary.cpp, line 256]
Event: 22.446 Thread 0x0000019c5b0050a0 Exception <a 'java/lang/ClassNotFoundException'{0x00000007105eb000}: org/gradle/process/internal/AbstractExecHandleBuilderCustomizer> (0x00000007105eb000) 
thrown [s\src\hotspot\share\classfile\systemDictionary.cpp, line 256]
Event: 22.447 Thread 0x0000019c5b0050a0 Exception <a 'java/lang/ClassNotFoundException'{0x0000000710213110}: org/gradle/process/internal/DefaultExecHandleBuilderCustomizer> (0x0000000710213110) 
thrown [s\src\hotspot\share\classfile\systemDictionary.cpp, line 256]
Event: 22.448 Thread 0x0000019c5b0050a0 Exception <a 'java/lang/ClassNotFoundException'{0x0000000710259128}: org/gradle/process/internal/DefaultExecActionCustomizer> (0x0000000710259128) 
thrown [s\src\hotspot\share\classfile\systemDictionary.cpp, line 256]
Event: 22.449 Thread 0x0000019c5b0050a0 Exception <a 'java/lang/ClassNotFoundException'{0x00000007102762f8}: org/gradle/process/internal/DefaultExecAction_DecoratedCustomizer> (0x00000007102762f8) 
thrown [s\src\hotspot\share\classfile\systemDictionary.cpp, line 256]
Event: 22.451 Thread 0x0000019c5b0050a0 Exception <a 'java/lang/ClassNotFoundException'{0x00000007102b3cc0}: org/gradle/api/logging/LogLevelBeanInfo> (0x00000007102b3cc0) 
thrown [s\src\hotspot\share\classfile\systemDictionary.cpp, line 256]
Event: 22.452 Thread 0x0000019c5b0050a0 Exception <a 'java/lang/ClassNotFoundException'{0x00000007102c5580}: org/gradle/api/logging/LogLevelCustomizer> (0x00000007102c5580) 
thrown [s\src\hotspot\share\classfile\systemDictionary.cpp, line 256]
Event: 22.455 Thread 0x0000019c5b0050a0 Exception <a 'java/lang/ClassNotFoundException'{0x00000007103114b0}: org/gradle/internal/logging/services/DefaultLoggingManagerBeanInfo> (0x00000007103114b0) 
thrown [s\src\hotspot\share\classfile\systemDictionary.cpp, line 256]
Event: 22.455 Thread 0x0000019c5b0050a0 Exception <a 'java/lang/ClassNotFoundException'{0x00000007103238e0}: org/gradle/internal/logging/services/DefaultLoggingManagerCustomizer> (0x00000007103238e0) 
thrown [s\src\hotspot\share\classfile\systemDictionary.cpp, line 256]
Event: 22.457 Thread 0x0000019c5b0050a0 Exception <a 'java/lang/ClassNotFoundException'{0x00000007103594c8}: java/lang/BooleanBeanInfo> (0x00000007103594c8) 
thrown [s\src\hotspot\share\classfile\systemDictionary.cpp, line 256]
Event: 22.457 Thread 0x0000019c5b0050a0 Exception <a 'java/lang/ClassNotFoundException'{0x000000071035fd80}: java/lang/BooleanCustomizer> (0x000000071035fd80) 
thrown [s\src\hotspot\share\classfile\systemDictionary.cpp, line 256]
Event: 22.472 Thread 0x0000019c5ff01070 Exception <a 'java/lang/NoSuchMethodError'{0x00000007103d6530}: 'void java.lang.invoke.DirectMethodHandle$Holder.invokeStatic(java.lang.Object, long)'> (0x00000007103d6530) 
thrown [s\src\hotspot\share\interpreter\linkResolver.cpp, line 771]
Event: 22.473 Thread 0x0000019c5ff01070 Exception <a 'java/lang/NoSuchMethodError'{0x00000007103db898}: 'java.lang.Object java.lang.invoke.DirectMethodHandle$Holder.newInvokeSpecial(java.lang.Object, long)'> (0x00000007103db898) 
thrown [s\src\hotspot\share\interpreter\linkResolver.cpp, line 771]
Event: 22.474 Thread 0x0000019c5ff01070 Exception <a 'java/lang/NoSuchMethodError'{0x00000007103e4ed0}: 'java.lang.Object java.lang.invoke.DirectMethodHandle$Holder.invokeStatic(java.lang.Object, java.lang.Object, long, java.lang.Object)'> (0x00000007103e4ed0) 
thrown [s\src\hotspot\share\interpreter\linkResolver.cpp, line 771]
Event: 22.475 Thread 0x0000019c5ff01070 Exception <a 'java/lang/NoSuchMethodError'{0x00000007103e86a8}: 'java.lang.Object java.lang.invoke.DirectMethodHandle$Holder.invokeStaticInit(java.lang.Object, java.lang.Object, long, java.lang.Object)'> (0x00000007103e86a8) 
thrown [s\src\hotspot\share\interpreter\linkResolver.cpp, line 771]

VM Operations (20 events):
Event: 21.410 Executing VM operation: HandshakeAllThreads
Event: 21.411 Executing VM operation: HandshakeAllThreads done
Event: 21.816 Executing VM operation: ICBufferFull
Event: 21.816 Executing VM operation: ICBufferFull done
Event: 22.375 Executing VM operation: HandshakeAllThreads
Event: 22.375 Executing VM operation: HandshakeAllThreads done
Event: 22.408 Executing VM operation: HandshakeAllThreads
Event: 22.408 Executing VM operation: HandshakeAllThreads done
Event: 22.410 Executing VM operation: HandshakeAllThreads
Event: 22.410 Executing VM operation: HandshakeAllThreads done
Event: 22.412 Executing VM operation: HandshakeAllThreads
Event: 22.412 Executing VM operation: HandshakeAllThreads done
Event: 22.413 Executing VM operation: HandshakeAllThreads
Event: 22.413 Executing VM operation: HandshakeAllThreads done
Event: 22.477 Executing VM operation: HandshakeAllThreads
Event: 22.478 Executing VM operation: HandshakeAllThreads done
Event: 23.479 Executing VM operation: Cleanup
Event: 23.479 Executing VM operation: Cleanup done
Event: 27.633 Executing VM operation: HandshakeAllThreads
Event: 27.633 Executing VM operation: HandshakeAllThreads done

Events (20 events):
Event: 22.457 loading class java/lang/BooleanBeanInfo
Event: 22.457 loading class java/lang/BooleanBeanInfo done
Event: 22.457 loading class java/lang/BooleanCustomizer
Event: 22.457 loading class java/lang/BooleanCustomizer done
Event: 22.457 loading class java/lang/BooleanCustomizer
Event: 22.457 loading class java/lang/BooleanCustomizer done
Event: 22.464 Thread 0x0000019c5ff01070 Thread added: 0x0000019c5ff01070
Event: 22.464 loading class java/lang/ProcessImpl
Event: 22.465 loading class java/lang/ProcessImpl done
Event: 22.473 loading class java/lang/ProcessHandleImpl
Event: 22.474 loading class java/lang/ProcessHandleImpl done
Event: 22.475 loading class java/lang/ProcessImpl$2
Event: 22.475 loading class java/lang/ProcessImpl$2 done
Event: 22.475 loading class java/lang/Process$PipeInputStream
Event: 22.475 loading class java/lang/Process$PipeInputStream done
Event: 22.478 loading class jdk/internal/event/ProcessStartEvent
Event: 22.478 loading class jdk/internal/event/ProcessStartEvent done
Event: 22.479 Thread 0x0000019c5ff053d0 Thread added: 0x0000019c5ff053d0
Event: 22.479 Thread 0x0000019c5ff01540 Thread added: 0x0000019c5ff01540
Event: 23.370 Thread 0x0000019c593054a0 Thread exited: 0x0000019c593054a0


Dynamic libraries:
0x00007ff7e6860000 - 0x00007ff7e686a000 	D:\programs\AndroidStudio\jbr\bin\java.exe
0x00007ffbd00d0000 - 0x00007ffbd02e7000 	C:\Windows\SYSTEM32\ntdll.dll
0x00007ffbcedf0000 - 0x00007ffbceeb4000 	C:\Windows\System32\KERNEL32.DLL
0x00007ffbcd990000 - 0x00007ffbcdd36000 	C:\Windows\System32\KERNELBASE.dll
0x00007ffbcd7d0000 - 0x00007ffbcd8e1000 	C:\Windows\System32\ucrtbase.dll
0x00007ffbb5140000 - 0x00007ffbb5157000 	D:\programs\AndroidStudio\jbr\bin\jli.dll
0x00007ffbcaef0000 - 0x00007ffbcaf0b000 	D:\programs\AndroidStudio\jbr\bin\VCRUNTIME140.dll
0x00007ffbcfd90000 - 0x00007ffbcff3e000 	C:\Windows\System32\USER32.dll
0x00007ffbcdd40000 - 0x00007ffbcdd66000 	C:\Windows\System32\win32u.dll
0x00007ffbb9250000 - 0x00007ffbb94e3000 	C:\Windows\WinSxS\amd64_microsoft.windows.common-controls_6595b64144ccf1df_6.0.22621.2506_none_270c5ae97388e100\COMCTL32.dll
0x00007ffbcfa50000 - 0x00007ffbcfa79000 	C:\Windows\System32\GDI32.dll
0x00007ffbcfca0000 - 0x00007ffbcfd47000 	C:\Windows\System32\msvcrt.dll
0x00007ffbcd6b0000 - 0x00007ffbcd7c8000 	C:\Windows\System32\gdi32full.dll
0x00007ffbcd8f0000 - 0x00007ffbcd98a000 	C:\Windows\System32\msvcp_win.dll
0x00007ffbcfd50000 - 0x00007ffbcfd81000 	C:\Windows\System32\IMM32.DLL
0x00007ffbcaee0000 - 0x00007ffbcaeec000 	D:\programs\AndroidStudio\jbr\bin\vcruntime140_1.dll
0x00007ffb75ce0000 - 0x00007ffb75d6d000 	D:\programs\AndroidStudio\jbr\bin\msvcp140.dll
0x00007ffb73710000 - 0x00007ffb7437e000 	D:\programs\AndroidStudio\jbr\bin\server\jvm.dll
0x00007ffbcf990000 - 0x00007ffbcfa43000 	C:\Windows\System32\ADVAPI32.dll
0x00007ffbce9a0000 - 0x00007ffbcea48000 	C:\Windows\System32\sechost.dll
0x00007ffbcddf0000 - 0x00007ffbcde18000 	C:\Windows\System32\bcrypt.dll
0x00007ffbcecd0000 - 0x00007ffbcede7000 	C:\Windows\System32\RPCRT4.dll
0x00007ffbc6990000 - 0x00007ffbc69c4000 	C:\Windows\SYSTEM32\WINMM.dll
0x00007ffbcafc0000 - 0x00007ffbcafc9000 	C:\Windows\SYSTEM32\WSOCK32.dll
0x00007ffbcaec0000 - 0x00007ffbcaeca000 	C:\Windows\SYSTEM32\VERSION.dll
0x00007ffbcde40000 - 0x00007ffbcdeb1000 	C:\Windows\System32\WS2_32.dll
0x00007ffbcc400000 - 0x00007ffbcc418000 	C:\Windows\SYSTEM32\kernel.appcore.dll
0x00007ffbcac00000 - 0x00007ffbcac0a000 	D:\programs\AndroidStudio\jbr\bin\jimage.dll
0x00007ffbc4340000 - 0x00007ffbc4573000 	C:\Windows\SYSTEM32\DBGHELP.DLL
0x00007ffbcf080000 - 0x00007ffbcf409000 	C:\Windows\System32\combase.dll
0x00007ffbcfa80000 - 0x00007ffbcfb57000 	C:\Windows\System32\OLEAUT32.dll
0x00007ffbc3fb0000 - 0x00007ffbc3fe2000 	C:\Windows\SYSTEM32\dbgcore.DLL
0x00007ffbcdd70000 - 0x00007ffbcddea000 	C:\Windows\System32\bcryptPrimitives.dll
0x00007ffbc7500000 - 0x00007ffbc750e000 	D:\programs\AndroidStudio\jbr\bin\instrument.dll
0x00007ffbc7dc0000 - 0x00007ffbc7de5000 	D:\programs\AndroidStudio\jbr\bin\java.dll
0x00007ffbc7ae0000 - 0x00007ffbc7af8000 	D:\programs\AndroidStudio\jbr\bin\zip.dll
0x00007ffbcdfc0000 - 0x00007ffbce81a000 	C:\Windows\System32\SHELL32.dll
0x00007ffbcb310000 - 0x00007ffbcbc06000 	C:\Windows\SYSTEM32\windows.storage.dll
0x00007ffbcb1d0000 - 0x00007ffbcb30e000 	C:\Windows\SYSTEM32\wintypes.dll
0x00007ffbcdec0000 - 0x00007ffbcdfb3000 	C:\Windows\System32\SHCORE.dll
0x00007ffbce890000 - 0x00007ffbce8ee000 	C:\Windows\System32\shlwapi.dll
0x00007ffbcd340000 - 0x00007ffbcd366000 	C:\Windows\SYSTEM32\profapi.dll
0x00007ffbc7880000 - 0x00007ffbc7899000 	D:\programs\AndroidStudio\jbr\bin\net.dll
0x00007ffbc7650000 - 0x00007ffbc7787000 	C:\Windows\SYSTEM32\WINHTTP.dll
0x00007ffbcc880000 - 0x00007ffbcc8e9000 	C:\Windows\system32\mswsock.dll
0x00007ffbc7840000 - 0x00007ffbc7856000 	D:\programs\AndroidStudio\jbr\bin\nio.dll
0x00007ffbca570000 - 0x00007ffbca580000 	D:\programs\AndroidStudio\jbr\bin\verify.dll
0x00007ffba6440000 - 0x00007ffba6467000 	C:\Users\SENESH\.gradle\native\68d5fa5c4cc2d200863cafc0d521ce42e7d3e7ee720ec0a83991735586a16f82\windows-amd64\native-platform.dll
0x00007ffb73120000 - 0x00007ffb73264000 	C:\Users\SENESH\.gradle\native\e376f236ea51e6404a007f0833ffe2c6e607c4080706a723a18a27aeea778392\windows-amd64\native-platform-file-events.dll
0x00007ffbca2e0000 - 0x00007ffbca2e9000 	D:\programs\AndroidStudio\jbr\bin\management.dll
0x00007ffbc7870000 - 0x00007ffbc787b000 	D:\programs\AndroidStudio\jbr\bin\management_ext.dll
0x00007ffbcf500000 - 0x00007ffbcf508000 	C:\Windows\System32\PSAPI.DLL
0x00007ffbccb20000 - 0x00007ffbccb3b000 	C:\Windows\SYSTEM32\CRYPTSP.dll
0x00007ffbcc360000 - 0x00007ffbcc395000 	C:\Windows\system32\rsaenh.dll
0x00007ffbcc940000 - 0x00007ffbcc96c000 	C:\Windows\SYSTEM32\USERENV.dll
0x00007ffbccb50000 - 0x00007ffbccb5c000 	C:\Windows\SYSTEM32\CRYPTBASE.dll
0x00007ffbcbeb0000 - 0x00007ffbcbedd000 	C:\Windows\SYSTEM32\IPHLPAPI.DLL
0x00007ffbcf4f0000 - 0x00007ffbcf4f9000 	C:\Windows\System32\NSI.dll
0x00007ffbc7110000 - 0x00007ffbc7129000 	C:\Windows\SYSTEM32\dhcpcsvc6.DLL
0x00007ffbc70a0000 - 0x00007ffbc70bf000 	C:\Windows\SYSTEM32\dhcpcsvc.DLL
0x00007ffbcbee0000 - 0x00007ffbcbfd9000 	C:\Windows\SYSTEM32\DNSAPI.dll
0x00007ffbb7920000 - 0x00007ffbb7928000 	C:\Windows\system32\wshunix.dll

dbghelp: loaded successfully - version: 4.0.5 - missing functions: none
symbol engine: initialized successfully - sym options: 0x614 - pdb path: .;D:\programs\AndroidStudio\jbr\bin;C:\Windows\SYSTEM32;C:\Windows\WinSxS\amd64_microsoft.windows.common-controls_6595b64144ccf1df_6.0.22621.2506_none_270c5ae97388e100;D:\programs\AndroidStudio\jbr\bin\server;C:\Users\SENESH\.gradle\native\68d5fa5c4cc2d200863cafc0d521ce42e7d3e7ee720ec0a83991735586a16f82\windows-amd64;C:\Users\SENESH\.gradle\native\e376f236ea51e6404a007f0833ffe2c6e607c4080706a723a18a27aeea778392\windows-amd64

VM Arguments:
jvm_args: --add-opens=java.base/java.util=ALL-UNNAMED --add-opens=java.base/java.lang=ALL-UNNAMED --add-opens=java.base/java.lang.invoke=ALL-UNNAMED --add-opens=java.prefs/java.util.prefs=ALL-UNNAMED --add-opens=java.base/java.nio.charset=ALL-UNNAMED --add-opens=java.base/java.net=ALL-UNNAMED --add-opens=java.base/java.util.concurrent.atomic=ALL-UNNAMED -Xmx4G -Dfile.encoding=windows-1252 -Duser.country=GB -Duser.language=en -Duser.variant -javaagent:C:\Users\SENESH\.gradle\wrapper\dists\gradle-8.1.1-bin\9wiye5v2saajue4irfo8ybqfp\gradle-8.1.1\lib\agents\gradle-instrumentation-agent-8.1.1.jar 
java_command: org.gradle.launcher.daemon.bootstrap.GradleDaemon 8.1.1
java_class_path (initial): C:\Users\SENESH\.gradle\wrapper\dists\gradle-8.1.1-bin\9wiye5v2saajue4irfo8ybqfp\gradle-8.1.1\lib\gradle-launcher-8.1.1.jar
Launcher Type: SUN_STANDARD

[Global flags]
     intx CICompilerCount                          = 4                                         {product} {ergonomic}
     uint ConcGCThreads                            = 3                                         {product} {ergonomic}
     uint G1ConcRefinementThreads                  = 10                                        {product} {ergonomic}
   size_t G1HeapRegionSize                         = 2097152                                   {product} {ergonomic}
    uintx GCDrainStackTargetSize                   = 64                                        {product} {ergonomic}
   size_t InitialHeapSize                          = 132120576                                 {product} {ergonomic}
   size_t MarkStackSize                            = 4194304                                   {product} {ergonomic}
   size_t MaxHeapSize                              = 4294967296                                {product} {command line}
   size_t MaxNewSize                               = 2575302656                                {product} {ergonomic}
   size_t MinHeapDeltaBytes                        = 2097152                                   {product} {ergonomic}
   size_t MinHeapSize                              = 8388608                                   {product} {ergonomic}
    uintx NonNMethodCodeHeapSize                   = 5839372                                {pd product} {ergonomic}
    uintx NonProfiledCodeHeapSize                  = 122909434                              {pd product} {ergonomic}
    uintx ProfiledCodeHeapSize                     = 122909434                              {pd product} {ergonomic}
    uintx ReservedCodeCacheSize                    = 251658240                              {pd product} {ergonomic}
     bool SegmentedCodeCache                       = true                                      {product} {ergonomic}
   size_t SoftMaxHeapSize                          = 4294967296                             {manageable} {ergonomic}
     bool UseCompressedClassPointers               = true                           {product lp64_product} {ergonomic}
     bool UseCompressedOops                        = true                           {product lp64_product} {ergonomic}
     bool UseG1GC                                  = true                                      {product} {ergonomic}
     bool UseLargePagesIndividualAllocation        = false                                  {pd product} {ergonomic}

Logging:
Log output configuration:
 #0: stdout all=warning uptime,level,tags
 #1: stderr all=off uptime,level,tags

Environment Variables:
JAVA_HOME=D:\programs\AndroidStudio\jbr
CLASSPATH=D:\Programing\summer_note\android\\gradle\wrapper\gradle-wrapper.jar
PATH=D:\programs\AndroidStudio\jbr\bin;;D:\programs\VULKAN\Bin;C:\Program Files\Common Files\Oracle\Java\javapath;C:\Windows\system32;C:\Windows;C:\Windows\System32\Wbem;C:\Windows\System32\WindowsPowerShell\v1.0\;C:\Windows\System32\OpenSSH\;C:\Program Files\NVIDIA Corporation\NVIDIA NvDLISR;C:\Program Files\Microsoft SQL Server\150\Tools\Binn\;C:\Program Files\Microsoft SQL Server\Client SDK\ODBC\170\Tools\Binn\;C:\Program Files (x86)\NVIDIA Corporation\PhysX\Common;D:\programs\Microsoft VS Code\bin;D:\programs\Node\;D:\programs\Git\cmd;C:\Program Files\dotnet\;C:\Program Files (x86)\Windows Kits\10\Windows Performance Toolkit\;C:\ProgramData\chocolatey\bin;D:\programs\Anaconda;D:\programs\Anaconda\Library\mingw-w64\bin;D:\programs\Anaconda\Library\usr\bin;D:\programs\Anaconda\Library\bin;D:\programs\Anaconda\Scripts;C:\Users\SENESH\.cargo\bin;D:\programs\Python\Scripts\;D:\programs\Python\;C:\Users\SENESH\AppData\Local\Programs\Python\Launcher\;C:\Users\SENESH\AppData\Local\Microsoft\WindowsApps;C:\Users\SENESH\AppData\Roaming\npm;C:\Users\SENESH\AppData\Local\Programs\oh-my-posh\bin;D:\programs\LLVM\bin;D:\programs\CMake\bin;D:\programs\flutter\bin;D:\programs\ChocoTools\dart-sdk\bin;C:\Users\SENESH\AppData\Local\Pub\Cache\bin;D:\programs\ChocoTools\dart-sdk;D:\programs\JDK 21bin;D:\programs\Tomcat\apache-tomcat-10.0.27\bin;C:\Users\SENESH\.dotnet\tools;D:\programs\flutter\bin\mingit\cmd
USERNAME=SENESH
OS=Windows_NT
PROCESSOR_IDENTIFIER=Intel64 Family 6 Model 158 Stepping 10, GenuineIntel
TMP=C:\Users\SENESH\AppData\Local\Temp
TEMP=C:\Users\SENESH\AppData\Local\Temp


JNI global refs:
JNI global refs: 27, weak refs: 4

JNI global refs memory usage: 843, weak refs: 841


---------------  S Y S T E M  ---------------

OS:
 Windows 11 , 64 bit Build 22621 (10.0.22621.2506)
OS uptime: 2 days 0:51 hours
Hyper-V role detected

CPU: total 12 (initial active 12) (6 cores per cpu, 2 threads per core) family 6 model 158 stepping 10 microcode 0xde, cx8, cmov, fxsr, ht, mmx, 3dnowpref, sse, sse2, sse3, ssse3, sse4.1, sse4.2, popcnt, lzcnt, tsc, tscinvbit, avx, avx2, aes, erms, clmul, bmi1, bmi2, adx, fma, vzeroupper, clflush, clflushopt, hv

Memory: 4k page, system-wide physical 8042M (152M free)
TotalPageFile size 24426M (AvailPageFile size 0M)
current process WorkingSet (physical memory assigned to process): 500M, peak: 540M
current process commit charge ("private bytes"): 641M, peak: 670M

vm_info: OpenJDK 64-Bit Server VM (17.0.6+0-b2043.56-10027231) for windows-amd64 JRE (17.0.6+0-b2043.56-10027231), built on Apr 28 2023 00:43:19 by "androidbuild" with MS VC++ 16.10 / 16.11 (VS2019)

END.
