#
# There is insufficient memory for the Java Runtime Environment to continue.
# Native memory allocation (mmap) failed to map 65536 bytes for Failed to commit metaspace.
# Possible reasons:
#   The system is out of physical RAM or swap space
#   The process is running with CompressedOops enabled, and the Java Heap may be blocking the growth of the native heap
# Possible solutions:
#   Reduce memory load on the system
#   Increase physical memory or swap space
#   Check if swap backing store is full
#   Decrease Java heap size (-Xmx/-Xms)
#   Decrease number of Java threads
#   Decrease Java thread stack sizes (-Xss)
#   Set larger code cache with -XX:ReservedCodeCacheSize=
#   JVM is running with Unscaled Compressed Oops mode in which the Java heap is
#     placed in the first 4GB address space. The Java Heap base address is the
#     maximum limit for the native heap growth. Please use -XX:HeapBaseMinAddress
#     to set the Java Heap base and to place the Java Heap above 4GB virtual address.
# This output file may be truncated or incomplete.
#
#  Out of Memory Error (virtualSpaceNode.cpp:110), pid=15000, tid=700
#
# JRE version: OpenJDK Runtime Environment (17.0.6) (build 17.0.6+0-b2043.56-10027231)
# Java VM: OpenJDK 64-Bit Server VM (17.0.6+0-b2043.56-10027231, mixed mode, tiered, compressed oops, compressed class ptrs, g1 gc, windows-amd64)
# No core dump will be written. Minidumps are not enabled by default on client versions of Windows
#

---------------  S U M M A R Y ------------

Command Line: org.jetbrains.kotlin.cli.jvm.K2JVMCompiler @D:\Programing\summer_note\build\share_plus\20240113_11369266892908391045.compiler.options

Host: Intel(R) Core(TM) i7-9750H CPU @ 2.60GHz, 12 cores, 7G,  Windows 11 , 64 bit Build 22621 (10.0.22621.2506)
Time: Sat Jan 13 17:45:32 2024 Sri Lanka Standard Time elapsed time: 0.634743 seconds (0d 0h 0m 0s)

---------------  T H R E A D  ---------------

Current thread (0x000001bdfca24e60):  JavaThread "main" [_thread_in_vm, id=700, stack(0x0000008f27300000,0x0000008f27400000)]

Stack: [0x0000008f27300000,0x0000008f27400000]
Native frames: (J=compiled Java code, j=interpreted, Vv=VM code, C=native code)
V  [jvm.dll+0x683c9a]
V  [jvm.dll+0x8427a4]
V  [jvm.dll+0x843f9e]
V  [jvm.dll+0x844603]
V  [jvm.dll+0x249b75]
V  [jvm.dll+0x83e7fb]
V  [jvm.dll+0x628006]
V  [jvm.dll+0x1c194e]
V  [jvm.dll+0x62a941]
V  [jvm.dll+0x6289a6]
V  [jvm.dll+0x23db6f]
V  [jvm.dll+0x632795]
V  [jvm.dll+0x1eda2b]
V  [jvm.dll+0x1edf65]
V  [jvm.dll+0x1ee884]
V  [jvm.dll+0x1e3dcc]
V  [jvm.dll+0x547fed]
V  [jvm.dll+0x7bd3d5]
V  [jvm.dll+0x7bd4ee]
V  [jvm.dll+0x41182a]
V  [jvm.dll+0x4179a9]
C  [java.dll+0x17ec]

Java frames: (J=compiled Java code, j=interpreted, Vv=VM code)
J 512  java.lang.ClassLoader.defineClass1(Ljava/lang/ClassLoader;Ljava/lang/String;[BIILjava/security/ProtectionDomain;Ljava/lang/String;)Ljava/lang/Class; java.base@17.0.6 (0 bytes) @ 0x000001bd87aee85b [0x000001bd87aee7a0+0x00000000000000bb]
J 508 c1 java.lang.ClassLoader.defineClass(Ljava/lang/String;[BIILjava/security/ProtectionDomain;)Ljava/lang/Class; java.base@17.0.6 (43 bytes) @ 0x000001bd800f0fc4 [0x000001bd800f0c80+0x0000000000000344]
J 524 c1 java.security.SecureClassLoader.defineClass(Ljava/lang/String;[BIILjava/security/CodeSource;)Ljava/lang/Class; java.base@17.0.6 (16 bytes) @ 0x000001bd800f990c [0x000001bd800f9840+0x00000000000000cc]
J 483 c1 jdk.internal.loader.BuiltinClassLoader.defineClass(Ljava/lang/String;Ljdk/internal/loader/Resource;)Ljava/lang/Class; java.base@17.0.6 (121 bytes) @ 0x000001bd800e5aac [0x000001bd800e4820+0x000000000000128c]
J 377 c1 jdk.internal.loader.BuiltinClassLoader.findClassOnClassPathOrNull(Ljava/lang/String;)Ljava/lang/Class; java.base@17.0.6 (64 bytes) @ 0x000001bd8009317c [0x000001bd80092100+0x000000000000107c]
J 278 c1 jdk.internal.loader.BuiltinClassLoader.loadClassOrNull(Ljava/lang/String;Z)Ljava/lang/Class; java.base@17.0.6 (143 bytes) @ 0x000001bd8005c684 [0x000001bd8005b7c0+0x0000000000000ec4]
J 310 c1 jdk.internal.loader.ClassLoaders$AppClassLoader.loadClass(Ljava/lang/String;Z)Ljava/lang/Class; java.base@17.0.6 (40 bytes) @ 0x000001bd80069674 [0x000001bd80069060+0x0000000000000614]
J 309 c1 java.lang.ClassLoader.loadClass(Ljava/lang/String;)Ljava/lang/Class; java.base@17.0.6 (7 bytes) @ 0x000001bd80068cbc [0x000001bd80068bc0+0x00000000000000fc]
v  ~StubRoutines::call_stub
j  kotlin.collections.IndexingIterable.iterator()Ljava/util/Iterator;+0
j  kotlin.reflect.jvm.internal.impl.metadata.jvm.deserialization.JvmNameResolver.<clinit>()V+672
v  ~StubRoutines::call_stub
j  kotlin.reflect.jvm.internal.impl.metadata.jvm.deserialization.JvmProtoBufUtil.readNameResolver(Ljava/io/InputStream;[Ljava/lang/String;)Lkotlin/reflect/jvm/internal/impl/metadata/jvm/deserialization/JvmNameResolver;+0
j  kotlin.reflect.jvm.internal.impl.metadata.jvm.deserialization.JvmProtoBufUtil.readClassDataFrom([B[Ljava/lang/String;)Lkotlin/Pair;+33
j  kotlin.reflect.jvm.internal.impl.metadata.jvm.deserialization.JvmProtoBufUtil.readClassDataFrom([Ljava/lang/String;[Ljava/lang/String;)Lkotlin/Pair;+29
j  kotlin.reflect.jvm.internal.impl.load.kotlin.DeserializedDescriptorResolver.readClassData$descriptors_jvm(Lkotlin/reflect/jvm/internal/impl/load/kotlin/KotlinJvmBinaryClass;)Lkotlin/reflect/jvm/internal/impl/serialization/deserialization/ClassData;+57
j  kotlin.reflect.jvm.internal.impl.load.kotlin.DeserializedDescriptorResolver.resolveClass(Lkotlin/reflect/jvm/internal/impl/load/kotlin/KotlinJvmBinaryClass;)Lkotlin/reflect/jvm/internal/impl/descriptors/ClassDescriptor;+8
j  kotlin.reflect.jvm.internal.impl.load.java.lazy.descriptors.LazyJavaPackageScope.resolveKotlinBinaryClass(Lkotlin/reflect/jvm/internal/impl/load/kotlin/KotlinJvmBinaryClass;)Lkotlin/reflect/jvm/internal/impl/load/java/lazy/descriptors/LazyJavaPackageScope$KotlinClassLookupResult;+40
j  kotlin.reflect.jvm.internal.impl.load.java.lazy.descriptors.LazyJavaPackageScope.access$resolveKotlinBinaryClass(Lkotlin/reflect/jvm/internal/impl/load/java/lazy/descriptors/LazyJavaPackageScope;Lkotlin/reflect/jvm/internal/impl/load/kotlin/KotlinJvmBinaryClass;)Lkotlin/reflect/jvm/internal/impl/load/java/lazy/descriptors/LazyJavaPackageScope$KotlinClassLookupResult;+2
j  kotlin.reflect.jvm.internal.impl.load.java.lazy.descriptors.LazyJavaPackageScope$classes$1.invoke(Lkotlin/reflect/jvm/internal/impl/load/java/lazy/descriptors/LazyJavaPackageScope$FindClassRequest;)Lkotlin/reflect/jvm/internal/impl/descriptors/ClassDescriptor;+144
j  kotlin.reflect.jvm.internal.impl.load.java.lazy.descriptors.LazyJavaPackageScope$classes$1.invoke(Ljava/lang/Object;)Ljava/lang/Object;+5
j  kotlin.reflect.jvm.internal.impl.storage.LockBasedStorageManager$MapBasedMemoizedFunction.invoke(Ljava/lang/Object;)Ljava/lang/Object;+182
j  kotlin.reflect.jvm.internal.impl.load.java.lazy.descriptors.LazyJavaPackageScope.findClassifier(Lkotlin/reflect/jvm/internal/impl/name/Name;Lkotlin/reflect/jvm/internal/impl/load/java/structure/JavaClass;)Lkotlin/reflect/jvm/internal/impl/descriptors/ClassDescriptor;+61
j  kotlin.reflect.jvm.internal.impl.load.java.lazy.descriptors.LazyJavaPackageScope.getContributedClassifier(Lkotlin/reflect/jvm/internal/impl/name/Name;Lkotlin/reflect/jvm/internal/impl/incremental/components/LookupLocation;)Lkotlin/reflect/jvm/internal/impl/descriptors/ClassDescriptor;+15
j  kotlin.reflect.jvm.internal.impl.load.java.lazy.descriptors.JvmPackageScope.getContributedClassifier(Lkotlin/reflect/jvm/internal/impl/name/Name;Lkotlin/reflect/jvm/internal/impl/incremental/components/LookupLocation;)Lkotlin/reflect/jvm/internal/impl/descriptors/ClassifierDescriptor;+24
j  kotlin.reflect.jvm.internal.impl.resolve.scopes.ChainedMemberScope.getContributedClassifier(Lkotlin/reflect/jvm/internal/impl/name/Name;Lkotlin/reflect/jvm/internal/impl/incremental/components/LookupLocation;)Lkotlin/reflect/jvm/internal/impl/descriptors/ClassifierDescriptor;+62
j  kotlin.reflect.jvm.internal.impl.resolve.scopes.AbstractScopeAdapter.getContributedClassifier(Lkotlin/reflect/jvm/internal/impl/name/Name;Lkotlin/reflect/jvm/internal/impl/incremental/components/LookupLocation;)Lkotlin/reflect/jvm/internal/impl/descriptors/ClassifierDescriptor;+18
j  kotlin.reflect.jvm.internal.impl.descriptors.FindClassInModuleKt.findClassifierAcrossModuleDependencies(Lkotlin/reflect/jvm/internal/impl/descriptors/ModuleDescriptor;Lkotlin/reflect/jvm/internal/impl/name/ClassId;)Lkotlin/reflect/jvm/internal/impl/descriptors/ClassifierDescriptor;+109
j  kotlin.reflect.jvm.internal.impl.descriptors.FindClassInModuleKt.findClassAcrossModuleDependencies(Lkotlin/reflect/jvm/internal/impl/descriptors/ModuleDescriptor;Lkotlin/reflect/jvm/internal/impl/name/ClassId;)Lkotlin/reflect/jvm/internal/impl/descriptors/ClassDescriptor;+14
j  kotlin.reflect.jvm.internal.KClassImpl$Data$descriptor$2.invoke()Lkotlin/reflect/jvm/internal/impl/descriptors/ClassDescriptor;+48
j  kotlin.reflect.jvm.internal.KClassImpl$Data$descriptor$2.invoke()Ljava/lang/Object;+1
j  kotlin.reflect.jvm.internal.ReflectProperties$LazySoftVal.invoke()Ljava/lang/Object;+28
j  kotlin.reflect.jvm.internal.ReflectProperties$Val.getValue(Ljava/lang/Object;Ljava/lang/Object;)Ljava/lang/Object;+1
j  kotlin.reflect.jvm.internal.KClassImpl$Data.getDescriptor()Lkotlin/reflect/jvm/internal/impl/descriptors/ClassDescriptor;+10
j  kotlin.reflect.jvm.internal.KClassImpl.getDescriptor()Lkotlin/reflect/jvm/internal/impl/descriptors/ClassDescriptor;+10
j  kotlin.reflect.jvm.internal.KClassImpl.getMemberScope$kotlin_reflection()Lkotlin/reflect/jvm/internal/impl/resolve/scopes/MemberScope;+1
j  kotlin.reflect.jvm.internal.KClassImpl$Data$declaredNonStaticMembers$2.invoke()Ljava/util/Collection;+8
j  kotlin.reflect.jvm.internal.KClassImpl$Data$declaredNonStaticMembers$2.invoke()Ljava/lang/Object;+1
j  kotlin.reflect.jvm.internal.ReflectProperties$LazySoftVal.invoke()Ljava/lang/Object;+28
j  kotlin.reflect.jvm.internal.ReflectProperties$Val.getValue(Ljava/lang/Object;Ljava/lang/Object;)Ljava/lang/Object;+1
j  kotlin.reflect.jvm.internal.KClassImpl$Data.getDeclaredNonStaticMembers()Ljava/util/Collection;+11
j  kotlin.reflect.jvm.internal.KClassImpl$Data$allNonStaticMembers$2.invoke()Ljava/util/List;+4
j  kotlin.reflect.jvm.internal.KClassImpl$Data$allNonStaticMembers$2.invoke()Ljava/lang/Object;+1
j  kotlin.reflect.jvm.internal.ReflectProperties$LazySoftVal.invoke()Ljava/lang/Object;+28
j  kotlin.reflect.jvm.internal.ReflectProperties$Val.getValue(Ljava/lang/Object;Ljava/lang/Object;)Ljava/lang/Object;+1
j  kotlin.reflect.jvm.internal.KClassImpl$Data.getAllNonStaticMembers()Ljava/util/Collection;+11
j  kotlin.reflect.full.KClasses.getMemberProperties(Lkotlin/reflect/KClass;)Ljava/util/Collection;+19
j  org.jetbrains.kotlin.cli.common.arguments.ParseCommandLineArgumentsKt.parsePreprocessedCommandLineArguments(Ljava/util/List;Lorg/jetbrains/kotlin/cli/common/arguments/CommonToolArguments;Lorg/jetbrains/kotlin/cli/common/arguments/ArgumentParseErrors;Z)V+7
j  org.jetbrains.kotlin.cli.common.arguments.ParseCommandLineArgumentsKt.parseCommandLineArguments(Ljava/util/List;Lorg/jetbrains/kotlin/cli/common/arguments/CommonToolArguments;Z)V+71
j  org.jetbrains.kotlin.cli.common.arguments.ParseCommandLineArgumentsKt.parseCommandLineArguments$default(Ljava/util/List;Lorg/jetbrains/kotlin/cli/common/arguments/CommonToolArguments;ZILjava/lang/Object;)V+11
j  org.jetbrains.kotlin.cli.common.CLITool.exec(Ljava/io/PrintStream;Lorg/jetbrains/kotlin/config/Services;Lorg/jetbrains/kotlin/cli/common/messages/MessageRenderer;[Ljava/lang/String;)Lorg/jetbrains/kotlin/cli/common/ExitCode;+41
j  org.jetbrains.kotlin.cli.common.CLITool.exec(Ljava/io/PrintStream;Lorg/jetbrains/kotlin/cli/common/messages/MessageRenderer;[Ljava/lang/String;)Lorg/jetbrains/kotlin/cli/common/ExitCode;+25
j  org.jetbrains.kotlin.cli.common.CLITool$Companion.doMainNoExit(Lorg/jetbrains/kotlin/cli/common/CLITool;[Ljava/lang/String;Lorg/jetbrains/kotlin/cli/common/messages/MessageRenderer;)Lorg/jetbrains/kotlin/cli/common/ExitCode;+39
j  org.jetbrains.kotlin.cli.common.CLITool$Companion.doMainNoExit$default(Lorg/jetbrains/kotlin/cli/common/CLITool$Companion;Lorg/jetbrains/kotlin/cli/common/CLITool;[Ljava/lang/String;Lorg/jetbrains/kotlin/cli/common/messages/MessageRenderer;ILjava/lang/Object;)Lorg/jetbrains/kotlin/cli/common/ExitCode;+16
j  org.jetbrains.kotlin.cli.common.CLITool$Companion.doMain(Lorg/jetbrains/kotlin/cli/common/CLITool;[Ljava/lang/String;)V+57
j  org.jetbrains.kotlin.cli.jvm.K2JVMCompiler$Companion.main([Ljava/lang/String;)V+20
j  org.jetbrains.kotlin.cli.jvm.K2JVMCompiler.main([Ljava/lang/String;)V+4
v  ~StubRoutines::call_stub

---------------  P R O C E S S  ---------------

Threads class SMR info:
_java_thread_list=0x000001bd975b33e0, length=13, elements={
0x000001bdfca24e60, 0x000001bd96ba38d0, 0x000001bd96ba4740, 0x000001bd9744be20,
0x000001bd9744f7f0, 0x000001bd974501a0, 0x000001bd97450b50, 0x000001bd97451830,
0x000001bd97452c40, 0x000001bd97453240, 0x000001bd975c9a10, 0x000001bd975d47d0,
0x000001bd975e6220
}

Java Threads: ( => current thread )
=>0x000001bdfca24e60 JavaThread "main" [_thread_in_vm, id=700, stack(0x0000008f27300000,0x0000008f27400000)]
  0x000001bd96ba38d0 JavaThread "Reference Handler" daemon [_thread_blocked, id=21684, stack(0x0000008f27a00000,0x0000008f27b00000)]
  0x000001bd96ba4740 JavaThread "Finalizer" daemon [_thread_blocked, id=14028, stack(0x0000008f27b00000,0x0000008f27c00000)]
  0x000001bd9744be20 JavaThread "Signal Dispatcher" daemon [_thread_blocked, id=21628, stack(0x0000008f27c00000,0x0000008f27d00000)]
  0x000001bd9744f7f0 JavaThread "Attach Listener" daemon [_thread_blocked, id=15892, stack(0x0000008f27d00000,0x0000008f27e00000)]
  0x000001bd974501a0 JavaThread "Service Thread" daemon [_thread_blocked, id=23272, stack(0x0000008f27e00000,0x0000008f27f00000)]
  0x000001bd97450b50 JavaThread "Monitor Deflation Thread" daemon [_thread_blocked, id=14384, stack(0x0000008f27f00000,0x0000008f28000000)]
  0x000001bd97451830 JavaThread "C2 CompilerThread0" daemon [_thread_blocked, id=12176, stack(0x0000008f28000000,0x0000008f28100000)]
  0x000001bd97452c40 JavaThread "C1 CompilerThread0" daemon [_thread_blocked, id=9628, stack(0x0000008f28100000,0x0000008f28200000)]
  0x000001bd97453240 JavaThread "Sweeper thread" daemon [_thread_blocked, id=12420, stack(0x0000008f28200000,0x0000008f28300000)]
  0x000001bd975c9a10 JavaThread "Notification Thread" daemon [_thread_blocked, id=15896, stack(0x0000008f28300000,0x0000008f28400000)]
  0x000001bd975d47d0 JavaThread "Common-Cleaner" daemon [_thread_blocked, id=332, stack(0x0000008f28500000,0x0000008f28600000)]
  0x000001bd975e6220 JavaThread "C2 CompilerThread1" daemon [_thread_blocked, id=5412, stack(0x0000008f28600000,0x0000008f28700000)]

Other Threads:
  0x000001bd96b9fbb0 VMThread "VM Thread" [stack: 0x0000008f27900000,0x0000008f27a00000] [id=3852]
  0x000001bd96b2e3f0 WatcherThread [stack: 0x0000008f28400000,0x0000008f28500000] [id=21068]
  0x000001bdfca813f0 GCTaskThread "GC Thread#0" [stack: 0x0000008f27400000,0x0000008f27500000] [id=14400]
  0x000001bdfca92ec0 ConcurrentGCThread "G1 Main Marker" [stack: 0x0000008f27500000,0x0000008f27600000] [id=11040]
  0x000001bdfca938d0 ConcurrentGCThread "G1 Conc#0" [stack: 0x0000008f27600000,0x0000008f27700000] [id=20100]
  0x000001bd969fa110 ConcurrentGCThread "G1 Refine#0" [stack: 0x0000008f27700000,0x0000008f27800000] [id=17088]
  0x000001bd969fab30 ConcurrentGCThread "G1 Service" [stack: 0x0000008f27800000,0x0000008f27900000] [id=19644]

Threads with active compile tasks:

VM state: not at safepoint (normal execution)

VM Mutex/Monitor currently owned by a thread:  ([mutex/lock_event])
[0x000001bdfca1de30] Metaspace_lock - owner thread: 0x000001bdfca24e60

Heap address: 0x0000000082400000, size: 2012 MB, Compressed Oops mode: 32-bit

CDS archive(s) not mapped
Compressed class space mapped at: 0x0000000100000000-0x0000000140000000, reserved size: 1073741824
Narrow klass base: 0x0000000000000000, Narrow klass shift: 3, Narrow klass range: 0x140000000

GC Precious Log:
 CPUs: 12 total, 12 available
 Memory: 8042M
 Large Page Support: Disabled
 NUMA Support: Disabled
 Compressed Oops: Enabled (32-bit)
 Heap Region Size: 1M
 Heap Min Capacity: 8M
 Heap Initial Capacity: 126M
 Heap Max Capacity: 2012M
 Pre-touch: Disabled
 Parallel Workers: 10
 Concurrent Workers: 3
 Concurrent Refinement Workers: 10
 Periodic GC: Disabled

Heap:
 garbage-first heap   total 129024K, used 24576K [0x0000000082400000, 0x0000000100000000)
  region size 1024K, 21 young (21504K), 0 survivors (0K)
 Metaspace       used 12755K, committed 12864K, reserved 1064960K
  class space    used 1213K, committed 1280K, reserved 1048576K

Heap Regions: E=young(eden), S=young(survivor), O=old, HS=humongous(starts), HC=humongous(continues), CS=collection set, F=free, OA=open archive, CA=closed archive, TAMS=top-at-mark-start (previous, next)
|   0|0x0000000082400000, 0x0000000082500000, 0x0000000082500000|100%|HS|  |TAMS 0x0000000082400000, 0x0000000082400000| Complete 
|   1|0x0000000082500000, 0x0000000082600000, 0x0000000082600000|100%|HC|  |TAMS 0x0000000082500000, 0x0000000082500000| Complete 
|   2|0x0000000082600000, 0x0000000082700000, 0x0000000082700000|100%|HC|  |TAMS 0x0000000082600000, 0x0000000082600000| Complete 
|   3|0x0000000082700000, 0x0000000082800000, 0x0000000082800000|100%|HC|  |TAMS 0x0000000082700000, 0x0000000082700000| Complete 
|   4|0x0000000082800000, 0x0000000082900000, 0x0000000082900000|100%|HS|  |TAMS 0x0000000082800000, 0x0000000082800000| Complete 
|   5|0x0000000082900000, 0x0000000082900000, 0x0000000082a00000|  0%| F|  |TAMS 0x0000000082900000, 0x0000000082900000| Untracked 
|   6|0x0000000082a00000, 0x0000000082a00000, 0x0000000082b00000|  0%| F|  |TAMS 0x0000000082a00000, 0x0000000082a00000| Untracked 
|   7|0x0000000082b00000, 0x0000000082b00000, 0x0000000082c00000|  0%| F|  |TAMS 0x0000000082b00000, 0x0000000082b00000| Untracked 
|   8|0x0000000082c00000, 0x0000000082c00000, 0x0000000082d00000|  0%| F|  |TAMS 0x0000000082c00000, 0x0000000082c00000| Untracked 
|   9|0x0000000082d00000, 0x0000000082d00000, 0x0000000082e00000|  0%| F|  |TAMS 0x0000000082d00000, 0x0000000082d00000| Untracked 
|  10|0x0000000082e00000, 0x0000000082e00000, 0x0000000082f00000|  0%| F|  |TAMS 0x0000000082e00000, 0x0000000082e00000| Untracked 
|  11|0x0000000082f00000, 0x0000000082f00000, 0x0000000083000000|  0%| F|  |TAMS 0x0000000082f00000, 0x0000000082f00000| Untracked 
|  12|0x0000000083000000, 0x0000000083000000, 0x0000000083100000|  0%| F|  |TAMS 0x0000000083000000, 0x0000000083000000| Untracked 
|  13|0x0000000083100000, 0x0000000083100000, 0x0000000083200000|  0%| F|  |TAMS 0x0000000083100000, 0x0000000083100000| Untracked 
|  14|0x0000000083200000, 0x0000000083200000, 0x0000000083300000|  0%| F|  |TAMS 0x0000000083200000, 0x0000000083200000| Untracked 
|  15|0x0000000083300000, 0x0000000083300000, 0x0000000083400000|  0%| F|  |TAMS 0x0000000083300000, 0x0000000083300000| Untracked 
|  16|0x0000000083400000, 0x0000000083400000, 0x0000000083500000|  0%| F|  |TAMS 0x0000000083400000, 0x0000000083400000| Untracked 
|  17|0x0000000083500000, 0x0000000083500000, 0x0000000083600000|  0%| F|  |TAMS 0x0000000083500000, 0x0000000083500000| Untracked 
|  18|0x0000000083600000, 0x0000000083600000, 0x0000000083700000|  0%| F|  |TAMS 0x0000000083600000, 0x0000000083600000| Untracked 
|  19|0x0000000083700000, 0x0000000083700000, 0x0000000083800000|  0%| F|  |TAMS 0x0000000083700000, 0x0000000083700000| Untracked 
|  20|0x0000000083800000, 0x0000000083800000, 0x0000000083900000|  0%| F|  |TAMS 0x0000000083800000, 0x0000000083800000| Untracked 
|  21|0x0000000083900000, 0x0000000083900000, 0x0000000083a00000|  0%| F|  |TAMS 0x0000000083900000, 0x0000000083900000| Untracked 
|  22|0x0000000083a00000, 0x0000000083a00000, 0x0000000083b00000|  0%| F|  |TAMS 0x0000000083a00000, 0x0000000083a00000| Untracked 
|  23|0x0000000083b00000, 0x0000000083b00000, 0x0000000083c00000|  0%| F|  |TAMS 0x0000000083b00000, 0x0000000083b00000| Untracked 
|  24|0x0000000083c00000, 0x0000000083c00000, 0x0000000083d00000|  0%| F|  |TAMS 0x0000000083c00000, 0x0000000083c00000| Untracked 
|  25|0x0000000083d00000, 0x0000000083d00000, 0x0000000083e00000|  0%| F|  |TAMS 0x0000000083d00000, 0x0000000083d00000| Untracked 
|  26|0x0000000083e00000, 0x0000000083e00000, 0x0000000083f00000|  0%| F|  |TAMS 0x0000000083e00000, 0x0000000083e00000| Untracked 
|  27|0x0000000083f00000, 0x0000000083f00000, 0x0000000084000000|  0%| F|  |TAMS 0x0000000083f00000, 0x0000000083f00000| Untracked 
|  28|0x0000000084000000, 0x0000000084000000, 0x0000000084100000|  0%| F|  |TAMS 0x0000000084000000, 0x0000000084000000| Untracked 
|  29|0x0000000084100000, 0x0000000084100000, 0x0000000084200000|  0%| F|  |TAMS 0x0000000084100000, 0x0000000084100000| Untracked 
|  30|0x0000000084200000, 0x0000000084200000, 0x0000000084300000|  0%| F|  |TAMS 0x0000000084200000, 0x0000000084200000| Untracked 
|  31|0x0000000084300000, 0x0000000084300000, 0x0000000084400000|  0%| F|  |TAMS 0x0000000084300000, 0x0000000084300000| Untracked 
|  32|0x0000000084400000, 0x0000000084400000, 0x0000000084500000|  0%| F|  |TAMS 0x0000000084400000, 0x0000000084400000| Untracked 
|  33|0x0000000084500000, 0x0000000084500000, 0x0000000084600000|  0%| F|  |TAMS 0x0000000084500000, 0x0000000084500000| Untracked 
|  34|0x0000000084600000, 0x0000000084600000, 0x0000000084700000|  0%| F|  |TAMS 0x0000000084600000, 0x0000000084600000| Untracked 
|  35|0x0000000084700000, 0x0000000084700000, 0x0000000084800000|  0%| F|  |TAMS 0x0000000084700000, 0x0000000084700000| Untracked 
|  36|0x0000000084800000, 0x0000000084800000, 0x0000000084900000|  0%| F|  |TAMS 0x0000000084800000, 0x0000000084800000| Untracked 
|  37|0x0000000084900000, 0x0000000084900000, 0x0000000084a00000|  0%| F|  |TAMS 0x0000000084900000, 0x0000000084900000| Untracked 
|  38|0x0000000084a00000, 0x0000000084a00000, 0x0000000084b00000|  0%| F|  |TAMS 0x0000000084a00000, 0x0000000084a00000| Untracked 
|  39|0x0000000084b00000, 0x0000000084b00000, 0x0000000084c00000|  0%| F|  |TAMS 0x0000000084b00000, 0x0000000084b00000| Untracked 
|  40|0x0000000084c00000, 0x0000000084c00000, 0x0000000084d00000|  0%| F|  |TAMS 0x0000000084c00000, 0x0000000084c00000| Untracked 
|  41|0x0000000084d00000, 0x0000000084d00000, 0x0000000084e00000|  0%| F|  |TAMS 0x0000000084d00000, 0x0000000084d00000| Untracked 
|  42|0x0000000084e00000, 0x0000000084e00000, 0x0000000084f00000|  0%| F|  |TAMS 0x0000000084e00000, 0x0000000084e00000| Untracked 
|  43|0x0000000084f00000, 0x0000000084f00000, 0x0000000085000000|  0%| F|  |TAMS 0x0000000084f00000, 0x0000000084f00000| Untracked 
|  44|0x0000000085000000, 0x0000000085000000, 0x0000000085100000|  0%| F|  |TAMS 0x0000000085000000, 0x0000000085000000| Untracked 
|  45|0x0000000085100000, 0x0000000085100000, 0x0000000085200000|  0%| F|  |TAMS 0x0000000085100000, 0x0000000085100000| Untracked 
|  46|0x0000000085200000, 0x0000000085200000, 0x0000000085300000|  0%| F|  |TAMS 0x0000000085200000, 0x0000000085200000| Untracked 
|  47|0x0000000085300000, 0x0000000085300000, 0x0000000085400000|  0%| F|  |TAMS 0x0000000085300000, 0x0000000085300000| Untracked 
|  48|0x0000000085400000, 0x0000000085400000, 0x0000000085500000|  0%| F|  |TAMS 0x0000000085400000, 0x0000000085400000| Untracked 
|  49|0x0000000085500000, 0x0000000085500000, 0x0000000085600000|  0%| F|  |TAMS 0x0000000085500000, 0x0000000085500000| Untracked 
|  50|0x0000000085600000, 0x0000000085600000, 0x0000000085700000|  0%| F|  |TAMS 0x0000000085600000, 0x0000000085600000| Untracked 
|  51|0x0000000085700000, 0x0000000085700000, 0x0000000085800000|  0%| F|  |TAMS 0x0000000085700000, 0x0000000085700000| Untracked 
|  52|0x0000000085800000, 0x0000000085800000, 0x0000000085900000|  0%| F|  |TAMS 0x0000000085800000, 0x0000000085800000| Untracked 
|  53|0x0000000085900000, 0x0000000085900000, 0x0000000085a00000|  0%| F|  |TAMS 0x0000000085900000, 0x0000000085900000| Untracked 
|  54|0x0000000085a00000, 0x0000000085a00000, 0x0000000085b00000|  0%| F|  |TAMS 0x0000000085a00000, 0x0000000085a00000| Untracked 
|  55|0x0000000085b00000, 0x0000000085b00000, 0x0000000085c00000|  0%| F|  |TAMS 0x0000000085b00000, 0x0000000085b00000| Untracked 
|  56|0x0000000085c00000, 0x0000000085c00000, 0x0000000085d00000|  0%| F|  |TAMS 0x0000000085c00000, 0x0000000085c00000| Untracked 
|  57|0x0000000085d00000, 0x0000000085d00000, 0x0000000085e00000|  0%| F|  |TAMS 0x0000000085d00000, 0x0000000085d00000| Untracked 
|  58|0x0000000085e00000, 0x0000000085e00000, 0x0000000085f00000|  0%| F|  |TAMS 0x0000000085e00000, 0x0000000085e00000| Untracked 
|  59|0x0000000085f00000, 0x0000000085f00000, 0x0000000086000000|  0%| F|  |TAMS 0x0000000085f00000, 0x0000000085f00000| Untracked 
|  60|0x0000000086000000, 0x0000000086000000, 0x0000000086100000|  0%| F|  |TAMS 0x0000000086000000, 0x0000000086000000| Untracked 
|  61|0x0000000086100000, 0x0000000086100000, 0x0000000086200000|  0%| F|  |TAMS 0x0000000086100000, 0x0000000086100000| Untracked 
|  62|0x0000000086200000, 0x0000000086200000, 0x0000000086300000|  0%| F|  |TAMS 0x0000000086200000, 0x0000000086200000| Untracked 
|  63|0x0000000086300000, 0x0000000086300000, 0x0000000086400000|  0%| F|  |TAMS 0x0000000086300000, 0x0000000086300000| Untracked 
|  64|0x0000000086400000, 0x0000000086400000, 0x0000000086500000|  0%| F|  |TAMS 0x0000000086400000, 0x0000000086400000| Untracked 
|  65|0x0000000086500000, 0x0000000086500000, 0x0000000086600000|  0%| F|  |TAMS 0x0000000086500000, 0x0000000086500000| Untracked 
|  66|0x0000000086600000, 0x0000000086600000, 0x0000000086700000|  0%| F|  |TAMS 0x0000000086600000, 0x0000000086600000| Untracked 
|  67|0x0000000086700000, 0x0000000086700000, 0x0000000086800000|  0%| F|  |TAMS 0x0000000086700000, 0x0000000086700000| Untracked 
|  68|0x0000000086800000, 0x0000000086800000, 0x0000000086900000|  0%| F|  |TAMS 0x0000000086800000, 0x0000000086800000| Untracked 
|  69|0x0000000086900000, 0x0000000086900000, 0x0000000086a00000|  0%| F|  |TAMS 0x0000000086900000, 0x0000000086900000| Untracked 
|  70|0x0000000086a00000, 0x0000000086a00000, 0x0000000086b00000|  0%| F|  |TAMS 0x0000000086a00000, 0x0000000086a00000| Untracked 
|  71|0x0000000086b00000, 0x0000000086b00000, 0x0000000086c00000|  0%| F|  |TAMS 0x0000000086b00000, 0x0000000086b00000| Untracked 
|  72|0x0000000086c00000, 0x0000000086c00000, 0x0000000086d00000|  0%| F|  |TAMS 0x0000000086c00000, 0x0000000086c00000| Untracked 
|  73|0x0000000086d00000, 0x0000000086d00000, 0x0000000086e00000|  0%| F|  |TAMS 0x0000000086d00000, 0x0000000086d00000| Untracked 
|  74|0x0000000086e00000, 0x0000000086e00000, 0x0000000086f00000|  0%| F|  |TAMS 0x0000000086e00000, 0x0000000086e00000| Untracked 
|  75|0x0000000086f00000, 0x0000000086f00000, 0x0000000087000000|  0%| F|  |TAMS 0x0000000086f00000, 0x0000000086f00000| Untracked 
|  76|0x0000000087000000, 0x0000000087000000, 0x0000000087100000|  0%| F|  |TAMS 0x0000000087000000, 0x0000000087000000| Untracked 
|  77|0x0000000087100000, 0x0000000087100000, 0x0000000087200000|  0%| F|  |TAMS 0x0000000087100000, 0x0000000087100000| Untracked 
|  78|0x0000000087200000, 0x0000000087200000, 0x0000000087300000|  0%| F|  |TAMS 0x0000000087200000, 0x0000000087200000| Untracked 
|  79|0x0000000087300000, 0x0000000087300000, 0x0000000087400000|  0%| F|  |TAMS 0x0000000087300000, 0x0000000087300000| Untracked 
|  80|0x0000000087400000, 0x0000000087400000, 0x0000000087500000|  0%| F|  |TAMS 0x0000000087400000, 0x0000000087400000| Untracked 
|  81|0x0000000087500000, 0x0000000087500000, 0x0000000087600000|  0%| F|  |TAMS 0x0000000087500000, 0x0000000087500000| Untracked 
|  82|0x0000000087600000, 0x0000000087600000, 0x0000000087700000|  0%| F|  |TAMS 0x0000000087600000, 0x0000000087600000| Untracked 
|  83|0x0000000087700000, 0x0000000087700000, 0x0000000087800000|  0%| F|  |TAMS 0x0000000087700000, 0x0000000087700000| Untracked 
|  84|0x0000000087800000, 0x0000000087800000, 0x0000000087900000|  0%| F|  |TAMS 0x0000000087800000, 0x0000000087800000| Untracked 
|  85|0x0000000087900000, 0x0000000087900000, 0x0000000087a00000|  0%| F|  |TAMS 0x0000000087900000, 0x0000000087900000| Untracked 
|  86|0x0000000087a00000, 0x0000000087a00000, 0x0000000087b00000|  0%| F|  |TAMS 0x0000000087a00000, 0x0000000087a00000| Untracked 
|  87|0x0000000087b00000, 0x0000000087b00000, 0x0000000087c00000|  0%| F|  |TAMS 0x0000000087b00000, 0x0000000087b00000| Untracked 
|  88|0x0000000087c00000, 0x0000000087c00000, 0x0000000087d00000|  0%| F|  |TAMS 0x0000000087c00000, 0x0000000087c00000| Untracked 
|  89|0x0000000087d00000, 0x0000000087d00000, 0x0000000087e00000|  0%| F|  |TAMS 0x0000000087d00000, 0x0000000087d00000| Untracked 
|  90|0x0000000087e00000, 0x0000000087e00000, 0x0000000087f00000|  0%| F|  |TAMS 0x0000000087e00000, 0x0000000087e00000| Untracked 
|  91|0x0000000087f00000, 0x0000000087f00000, 0x0000000088000000|  0%| F|  |TAMS 0x0000000087f00000, 0x0000000087f00000| Untracked 
|  92|0x0000000088000000, 0x0000000088000000, 0x0000000088100000|  0%| F|  |TAMS 0x0000000088000000, 0x0000000088000000| Untracked 
|  93|0x0000000088100000, 0x0000000088100000, 0x0000000088200000|  0%| F|  |TAMS 0x0000000088100000, 0x0000000088100000| Untracked 
|  94|0x0000000088200000, 0x0000000088200000, 0x0000000088300000|  0%| F|  |TAMS 0x0000000088200000, 0x0000000088200000| Untracked 
|  95|0x0000000088300000, 0x0000000088300000, 0x0000000088400000|  0%| F|  |TAMS 0x0000000088300000, 0x0000000088300000| Untracked 
|  96|0x0000000088400000, 0x0000000088400000, 0x0000000088500000|  0%| F|  |TAMS 0x0000000088400000, 0x0000000088400000| Untracked 
|  97|0x0000000088500000, 0x0000000088500000, 0x0000000088600000|  0%| F|  |TAMS 0x0000000088500000, 0x0000000088500000| Untracked 
|  98|0x0000000088600000, 0x0000000088600000, 0x0000000088700000|  0%| F|  |TAMS 0x0000000088600000, 0x0000000088600000| Untracked 
|  99|0x0000000088700000, 0x0000000088700000, 0x0000000088800000|  0%| F|  |TAMS 0x0000000088700000, 0x0000000088700000| Untracked 
| 100|0x0000000088800000, 0x0000000088800000, 0x0000000088900000|  0%| F|  |TAMS 0x0000000088800000, 0x0000000088800000| Untracked 
| 101|0x0000000088900000, 0x0000000088900000, 0x0000000088a00000|  0%| F|  |TAMS 0x0000000088900000, 0x0000000088900000| Untracked 
| 102|0x0000000088a00000, 0x0000000088a00000, 0x0000000088b00000|  0%| F|  |TAMS 0x0000000088a00000, 0x0000000088a00000| Untracked 
| 103|0x0000000088b00000, 0x0000000088b00000, 0x0000000088c00000|  0%| F|  |TAMS 0x0000000088b00000, 0x0000000088b00000| Untracked 
| 104|0x0000000088c00000, 0x0000000088c00000, 0x0000000088d00000|  0%| F|  |TAMS 0x0000000088c00000, 0x0000000088c00000| Untracked 
| 105|0x0000000088d00000, 0x0000000088dec6d8, 0x0000000088e00000| 92%| E|  |TAMS 0x0000000088d00000, 0x0000000088d00000| Complete 
| 106|0x0000000088e00000, 0x0000000088f00000, 0x0000000088f00000|100%| E|CS|TAMS 0x0000000088e00000, 0x0000000088e00000| Complete 
| 107|0x0000000088f00000, 0x0000000089000000, 0x0000000089000000|100%| E|CS|TAMS 0x0000000088f00000, 0x0000000088f00000| Complete 
| 108|0x0000000089000000, 0x0000000089100000, 0x0000000089100000|100%| E|CS|TAMS 0x0000000089000000, 0x0000000089000000| Complete 
| 109|0x0000000089100000, 0x0000000089200000, 0x0000000089200000|100%| E|CS|TAMS 0x0000000089100000, 0x0000000089100000| Complete 
| 110|0x0000000089200000, 0x0000000089300000, 0x0000000089300000|100%| E|CS|TAMS 0x0000000089200000, 0x0000000089200000| Complete 
| 111|0x0000000089300000, 0x0000000089400000, 0x0000000089400000|100%| E|CS|TAMS 0x0000000089300000, 0x0000000089300000| Complete 
| 112|0x0000000089400000, 0x0000000089500000, 0x0000000089500000|100%| E|CS|TAMS 0x0000000089400000, 0x0000000089400000| Complete 
| 113|0x0000000089500000, 0x0000000089600000, 0x0000000089600000|100%| E|CS|TAMS 0x0000000089500000, 0x0000000089500000| Complete 
| 114|0x0000000089600000, 0x0000000089700000, 0x0000000089700000|100%| E|  |TAMS 0x0000000089600000, 0x0000000089600000| Complete 
| 115|0x0000000089700000, 0x0000000089800000, 0x0000000089800000|100%| E|CS|TAMS 0x0000000089700000, 0x0000000089700000| Complete 
| 116|0x0000000089800000, 0x0000000089900000, 0x0000000089900000|100%| E|CS|TAMS 0x0000000089800000, 0x0000000089800000| Complete 
| 117|0x0000000089900000, 0x0000000089a00000, 0x0000000089a00000|100%| E|CS|TAMS 0x0000000089900000, 0x0000000089900000| Complete 
| 118|0x0000000089a00000, 0x0000000089b00000, 0x0000000089b00000|100%| E|CS|TAMS 0x0000000089a00000, 0x0000000089a00000| Complete 
| 119|0x0000000089b00000, 0x0000000089c00000, 0x0000000089c00000|100%| E|CS|TAMS 0x0000000089b00000, 0x0000000089b00000| Complete 
| 120|0x0000000089c00000, 0x0000000089d00000, 0x0000000089d00000|100%| E|CS|TAMS 0x0000000089c00000, 0x0000000089c00000| Complete 
| 121|0x0000000089d00000, 0x0000000089e00000, 0x0000000089e00000|100%| E|CS|TAMS 0x0000000089d00000, 0x0000000089d00000| Complete 
| 122|0x0000000089e00000, 0x0000000089f00000, 0x0000000089f00000|100%| E|CS|TAMS 0x0000000089e00000, 0x0000000089e00000| Complete 
| 123|0x0000000089f00000, 0x000000008a000000, 0x000000008a000000|100%| E|CS|TAMS 0x0000000089f00000, 0x0000000089f00000| Complete 
| 124|0x000000008a000000, 0x000000008a100000, 0x000000008a100000|100%| E|CS|TAMS 0x000000008a000000, 0x000000008a000000| Complete 
| 125|0x000000008a100000, 0x000000008a200000, 0x000000008a200000|100%| E|CS|TAMS 0x000000008a100000, 0x000000008a100000| Complete 

Card table byte_map: [0x000001bd8f830000,0x000001bd8fc20000] _byte_map_base: 0x000001bd8f41e000

Marking Bits (Prev, Next): (CMBitMap*) 0x000001bdfca81a00, (CMBitMap*) 0x000001bdfca81a40
 Prev Bits: [0x000001bd90010000, 0x000001bd91f80000)
 Next Bits: [0x000001bd91f80000, 0x000001bd93ef0000)

Polling page: 0x000001bdfa9c0000

Metaspace:

Usage:
  Non-class:     11.27 MB used.
      Class:      1.19 MB used.
       Both:     12.46 MB used.

Virtual space:
  Non-class space:       16.00 MB reserved,      11.31 MB ( 71%) committed,  2 nodes.
      Class space:        1.00 GB reserved,       1.25 MB ( <1%) committed,  1 nodes.
             Both:        1.02 GB reserved,      12.56 MB (  1%) committed. 

Chunk freelists:
   Non-Class:  3.98 MB
       Class:  2.73 MB
        Both:  6.72 MB

MaxMetaspaceSize: unlimited
CompressedClassSpaceSize: 1.00 GB
Initial GC threshold: 21.00 MB
Current GC threshold: 21.00 MB
CDS: off
MetaspaceReclaimPolicy: balanced
 - commit_granule_bytes: 65536.
 - commit_granule_words: 8192.
 - virtual_space_node_default_size: 1048576.
 - enlarge_chunks_in_place: 1.
 - new_chunks_are_fully_committed: 0.
 - uncommit_free_chunks: 1.
 - use_allocation_guard: 0.
 - handle_deallocations: 1.


Internal statistics:

num_allocs_failed_limit: 0.
num_arena_births: 6.
num_arena_deaths: 0.
num_vsnodes_births: 3.
num_vsnodes_deaths: 0.
num_space_committed: 201.
num_space_uncommitted: 0.
num_chunks_returned_to_freelist: 0.
num_chunks_taken_from_freelist: 190.
num_chunk_merges: 0.
num_chunk_splits: 168.
num_chunks_enlarged: 160.
num_purges: 0.
num_inconsistent_stats: 0.

CodeHeap 'non-profiled nmethods': size=120000Kb used=154Kb max_used=154Kb free=119845Kb
 bounds [0x000001bd87ad0000, 0x000001bd87d40000, 0x000001bd8f000000]
CodeHeap 'profiled nmethods': size=120000Kb used=1127Kb max_used=1127Kb free=118872Kb
 bounds [0x000001bd80000000, 0x000001bd80270000, 0x000001bd87530000]
CodeHeap 'non-nmethods': size=5760Kb used=1139Kb max_used=1158Kb free=4620Kb
 bounds [0x000001bd87530000, 0x000001bd877a0000, 0x000001bd87ad0000]
 total_blobs=1026 nmethods=601 adapters=338
 compilation: enabled
              stopped_count=0, restarted_count=0
 full_count=0

Compilation events (20 events):
Event: 0.626 Thread 0x000001bd97452c40  589       3       jdk.internal.org.objectweb.asm.Frame::merge (317 bytes)
Event: 0.627 Thread 0x000001bd97452c40 nmethod 589 0x000001bd80116110 code [0x000001bd80116340, 0x000001bd80116cc8]
Event: 0.627 Thread 0x000001bd97452c40  593       3       jdk.internal.misc.Unsafe::getShortUnaligned (33 bytes)
Event: 0.627 Thread 0x000001bd97452c40 nmethod 593 0x000001bd80116f10 code [0x000001bd801170e0, 0x000001bd80117498]
Event: 0.627 Thread 0x000001bd97452c40  594       3       jdk.internal.misc.Unsafe::convEndian (16 bytes)
Event: 0.627 Thread 0x000001bd97452c40 nmethod 594 0x000001bd80117610 code [0x000001bd801177a0, 0x000001bd80117958]
Event: 0.627 Thread 0x000001bd97452c40  595       3       java.lang.Short::reverseBytes (14 bytes)
Event: 0.627 Thread 0x000001bd97452c40 nmethod 595 0x000001bd80117a10 code [0x000001bd80117ba0, 0x000001bd80117c98]
Event: 0.627 Thread 0x000001bd97452c40  597       3       jdk.internal.misc.Unsafe::getShortUnaligned (12 bytes)
Event: 0.627 Thread 0x000001bd97452c40 nmethod 597 0x000001bd80117d10 code [0x000001bd80117ec0, 0x000001bd801180f8]
Event: 0.627 Thread 0x000001bd97452c40  590       3       jdk.internal.org.objectweb.asm.Frame::push (109 bytes)
Event: 0.628 Thread 0x000001bd97452c40 nmethod 590 0x000001bd80118210 code [0x000001bd801183e0, 0x000001bd80118948]
Event: 0.628 Thread 0x000001bd97452c40  592       1       jdk.internal.org.objectweb.asm.SymbolTable::getMajorVersion (5 bytes)
Event: 0.628 Thread 0x000001bd97452c40 nmethod 592 0x000001bd87af6890 code [0x000001bd87af6a20, 0x000001bd87af6af8]
Event: 0.629 Thread 0x000001bd97452c40  599       3       java.util.LinkedHashMap::newNode (23 bytes)
Event: 0.629 Thread 0x000001bd97452c40 nmethod 599 0x000001bd80118b10 code [0x000001bd80118ce0, 0x000001bd801190c8]
Event: 0.629 Thread 0x000001bd97452c40  600       3       java.util.LinkedHashMap$Entry::<init> (10 bytes)
Event: 0.629 Thread 0x000001bd97452c40 nmethod 600 0x000001bd80119290 code [0x000001bd80119440, 0x000001bd80119718]
Event: 0.630 Thread 0x000001bd97452c40  601       3       kotlin.reflect.jvm.internal.impl.load.kotlin.header.ReadKotlinClassHeaderAnnotationVisitor$CollectStringArrayAnnotationVisitor::visit (22 bytes)
Event: 0.630 Thread 0x000001bd97452c40 nmethod 601 0x000001bd80119810 code [0x000001bd801199c0, 0x000001bd80119da8]

GC Heap History (0 events):
No events

Dll operation events (1 events):
Event: 0.011 Loaded shared library D:\programs\AndroidStudio\jbr\bin\java.dll

Deoptimization events (20 events):
Event: 0.195 Thread 0x000001bdfca24e60 DEOPT PACKING pc=0x000001bd80016c0c sp=0x0000008f273fd810
Event: 0.195 Thread 0x000001bdfca24e60 DEOPT UNPACKING pc=0x000001bd87587143 sp=0x0000008f273fcca0 mode 0
Event: 0.195 Thread 0x000001bdfca24e60 DEOPT PACKING pc=0x000001bd80016c0c sp=0x0000008f273fd810
Event: 0.195 Thread 0x000001bdfca24e60 DEOPT UNPACKING pc=0x000001bd87587143 sp=0x0000008f273fcca0 mode 0
Event: 0.240 Thread 0x000001bdfca24e60 Uncommon trap: trap_request=0xffffff45 fr.pc=0x000001bd87ad5394 relative=0x00000000000006b4
Event: 0.240 Thread 0x000001bdfca24e60 Uncommon trap: reason=unstable_if action=reinterpret pc=0x000001bd87ad5394 method=java.util.zip.ZipFile$Source.checkAndAddEntry(II)I @ 50 c2
Event: 0.240 Thread 0x000001bdfca24e60 DEOPT PACKING pc=0x000001bd87ad5394 sp=0x0000008f273fe3f0
Event: 0.240 Thread 0x000001bdfca24e60 DEOPT UNPACKING pc=0x000001bd875869a3 sp=0x0000008f273fe368 mode 2
Event: 0.307 Thread 0x000001bdfca24e60 DEOPT PACKING pc=0x000001bd800152e7 sp=0x0000008f273fbb60
Event: 0.307 Thread 0x000001bdfca24e60 DEOPT UNPACKING pc=0x000001bd87587143 sp=0x0000008f273faf80 mode 0
Event: 0.322 Thread 0x000001bdfca24e60 DEOPT PACKING pc=0x000001bd80014651 sp=0x0000008f273fd450
Event: 0.322 Thread 0x000001bdfca24e60 DEOPT UNPACKING pc=0x000001bd87587143 sp=0x0000008f273fc8c8 mode 0
Event: 0.534 Thread 0x000001bdfca24e60 DEOPT PACKING pc=0x000001bd8007c647 sp=0x0000008f273fc8b0
Event: 0.534 Thread 0x000001bdfca24e60 DEOPT UNPACKING pc=0x000001bd87587143 sp=0x0000008f273fbd10 mode 0
Event: 0.577 Thread 0x000001bdfca24e60 DEOPT PACKING pc=0x000001bd8002f4d6 sp=0x0000008f273fa130
Event: 0.577 Thread 0x000001bdfca24e60 DEOPT UNPACKING pc=0x000001bd87587143 sp=0x0000008f273f95b8 mode 0
Event: 0.591 Thread 0x000001bdfca24e60 DEOPT PACKING pc=0x000001bd8004fa38 sp=0x0000008f273fc810
Event: 0.591 Thread 0x000001bdfca24e60 DEOPT UNPACKING pc=0x000001bd87587143 sp=0x0000008f273fbd28 mode 0
Event: 0.591 Thread 0x000001bdfca24e60 DEOPT PACKING pc=0x000001bd8004ba65 sp=0x0000008f273fc4b0
Event: 0.591 Thread 0x000001bdfca24e60 DEOPT UNPACKING pc=0x000001bd87587143 sp=0x0000008f273fb900 mode 0

Classes unloaded (0 events):
No events

Classes redefined (0 events):
No events

Internal exceptions (0 events):
No events

VM Operations (6 events):
Event: 0.202 Executing VM operation: HandshakeAllThreads
Event: 0.202 Executing VM operation: HandshakeAllThreads done
Event: 0.333 Executing VM operation: HandshakeAllThreads
Event: 0.333 Executing VM operation: HandshakeAllThreads done
Event: 0.472 Executing VM operation: HandshakeAllThreads
Event: 0.472 Executing VM operation: HandshakeAllThreads done

Events (20 events):
Event: 0.619 loading class jdk/internal/org/objectweb/asm/Edge
Event: 0.619 loading class jdk/internal/org/objectweb/asm/Edge done
Event: 0.620 loading class java/lang/reflect/Proxy$ProxyBuilder$1
Event: 0.620 loading class java/lang/reflect/Proxy$ProxyBuilder$1 done
Event: 0.620 loading class java/lang/annotation/Target
Event: 0.621 loading class java/lang/annotation/Target done
Event: 0.625 loading class java/lang/NoSuchMethodError
Event: 0.625 loading class java/lang/NoSuchMethodError done
Event: 0.625 loading class java/lang/reflect/UndeclaredThrowableException
Event: 0.625 loading class java/lang/reflect/UndeclaredThrowableException done
Event: 0.627 loading class java/lang/Class$AnnotationData
Event: 0.627 loading class java/lang/Class$AnnotationData done
Event: 0.628 loading class java/lang/annotation/ElementType
Event: 0.628 loading class java/lang/annotation/ElementType done
Event: 0.628 loading class java/lang/Deprecated
Event: 0.628 loading class java/lang/Deprecated done
Event: 0.628 loading class java/lang/annotation/Documented
Event: 0.628 loading class java/lang/annotation/Documented done
Event: 0.631 loading class java/lang/SecurityException
Event: 0.631 loading class java/lang/SecurityException done


Dynamic libraries:
0x00007ff7e6860000 - 0x00007ff7e686a000 	D:\programs\AndroidStudio\jbr\bin\java.exe
0x00007ffbd00d0000 - 0x00007ffbd02e7000 	C:\Windows\SYSTEM32\ntdll.dll
0x00007ffbcedf0000 - 0x00007ffbceeb4000 	C:\Windows\System32\KERNEL32.DLL
0x00007ffbcd990000 - 0x00007ffbcdd36000 	C:\Windows\System32\KERNELBASE.dll
0x00007ffbcd7d0000 - 0x00007ffbcd8e1000 	C:\Windows\System32\ucrtbase.dll
0x00007ffbb5d00000 - 0x00007ffbb5d1b000 	D:\programs\AndroidStudio\jbr\bin\VCRUNTIME140.dll
0x00007ffbc74f0000 - 0x00007ffbc7507000 	D:\programs\AndroidStudio\jbr\bin\jli.dll
0x00007ffbcfd90000 - 0x00007ffbcff3e000 	C:\Windows\System32\USER32.dll
0x00007ffbb9250000 - 0x00007ffbb94e3000 	C:\Windows\WinSxS\amd64_microsoft.windows.common-controls_6595b64144ccf1df_6.0.22621.2506_none_270c5ae97388e100\COMCTL32.dll
0x00007ffbcdd40000 - 0x00007ffbcdd66000 	C:\Windows\System32\win32u.dll
0x00007ffbcfca0000 - 0x00007ffbcfd47000 	C:\Windows\System32\msvcrt.dll
0x00007ffbcfa50000 - 0x00007ffbcfa79000 	C:\Windows\System32\GDI32.dll
0x00007ffbcd6b0000 - 0x00007ffbcd7c8000 	C:\Windows\System32\gdi32full.dll
0x00007ffbcd8f0000 - 0x00007ffbcd98a000 	C:\Windows\System32\msvcp_win.dll
0x00007ffbcfd50000 - 0x00007ffbcfd81000 	C:\Windows\System32\IMM32.DLL
0x00007ffbcafc0000 - 0x00007ffbcafcc000 	D:\programs\AndroidStudio\jbr\bin\vcruntime140_1.dll
0x00007ffb93b90000 - 0x00007ffb93c1d000 	D:\programs\AndroidStudio\jbr\bin\msvcp140.dll
0x00007ffb73710000 - 0x00007ffb7437e000 	D:\programs\AndroidStudio\jbr\bin\server\jvm.dll
0x00007ffbcf990000 - 0x00007ffbcfa43000 	C:\Windows\System32\ADVAPI32.dll
0x00007ffbce9a0000 - 0x00007ffbcea48000 	C:\Windows\System32\sechost.dll
0x00007ffbcddf0000 - 0x00007ffbcde18000 	C:\Windows\System32\bcrypt.dll
0x00007ffbcecd0000 - 0x00007ffbcede7000 	C:\Windows\System32\RPCRT4.dll
0x00007ffbc6990000 - 0x00007ffbc69c4000 	C:\Windows\SYSTEM32\WINMM.dll
0x00007ffbcaec0000 - 0x00007ffbcaeca000 	C:\Windows\SYSTEM32\VERSION.dll
0x00007ffbcac00000 - 0x00007ffbcac09000 	C:\Windows\SYSTEM32\WSOCK32.dll
0x00007ffbcde40000 - 0x00007ffbcdeb1000 	C:\Windows\System32\WS2_32.dll
0x00007ffbcc400000 - 0x00007ffbcc418000 	C:\Windows\SYSTEM32\kernel.appcore.dll
0x00007ffbcaef0000 - 0x00007ffbcaefa000 	D:\programs\AndroidStudio\jbr\bin\jimage.dll
0x00007ffbc4340000 - 0x00007ffbc4573000 	C:\Windows\SYSTEM32\DBGHELP.DLL
0x00007ffbcf080000 - 0x00007ffbcf409000 	C:\Windows\System32\combase.dll
0x00007ffbcfa80000 - 0x00007ffbcfb57000 	C:\Windows\System32\OLEAUT32.dll
0x00007ffbc3fb0000 - 0x00007ffbc3fe2000 	C:\Windows\SYSTEM32\dbgcore.DLL
0x00007ffbcdd70000 - 0x00007ffbcddea000 	C:\Windows\System32\bcryptPrimitives.dll
0x00007ffba6380000 - 0x00007ffba63a5000 	D:\programs\AndroidStudio\jbr\bin\java.dll
0x00007ffbb5140000 - 0x00007ffbb5158000 	D:\programs\AndroidStudio\jbr\bin\zip.dll
0x00007ffbcdfc0000 - 0x00007ffbce81a000 	C:\Windows\System32\SHELL32.dll
0x00007ffbcb310000 - 0x00007ffbcbc06000 	C:\Windows\SYSTEM32\windows.storage.dll
0x00007ffbcb1d0000 - 0x00007ffbcb30e000 	C:\Windows\SYSTEM32\wintypes.dll
0x00007ffbcdec0000 - 0x00007ffbcdfb3000 	C:\Windows\System32\SHCORE.dll
0x00007ffbce890000 - 0x00007ffbce8ee000 	C:\Windows\System32\shlwapi.dll
0x00007ffbcd340000 - 0x00007ffbcd366000 	C:\Windows\SYSTEM32\profapi.dll
0x00007ffbb34e0000 - 0x00007ffbb34f9000 	D:\programs\AndroidStudio\jbr\bin\net.dll
0x00007ffbc7650000 - 0x00007ffbc7787000 	C:\Windows\SYSTEM32\WINHTTP.dll
0x00007ffbcc880000 - 0x00007ffbcc8e9000 	C:\Windows\system32\mswsock.dll
0x00007ffbb1b10000 - 0x00007ffbb1b26000 	D:\programs\AndroidStudio\jbr\bin\nio.dll

dbghelp: loaded successfully - version: 4.0.5 - missing functions: none
symbol engine: initialized successfully - sym options: 0x614 - pdb path: .;D:\programs\AndroidStudio\jbr\bin;C:\Windows\SYSTEM32;C:\Windows\WinSxS\amd64_microsoft.windows.common-controls_6595b64144ccf1df_6.0.22621.2506_none_270c5ae97388e100;D:\programs\AndroidStudio\jbr\bin\server

VM Arguments:
java_command: org.jetbrains.kotlin.cli.jvm.K2JVMCompiler @D:\Programing\summer_note\build\share_plus\20240113_11369266892908391045.compiler.options
java_class_path (initial): C:\Users\SENESH\.gradle\caches\modules-2\files-2.1\org.jetbrains.kotlin\kotlin-compiler-embeddable\1.8.10\b0757fd774344d54ce93f5ad6c30ba1c1731c8ff\kotlin-compiler-embeddable-1.8.10.jar;C:\Users\SENESH\.gradle\caches\modules-2\files-2.1\org.jetbrains.kotlin\kotlin-stdlib\1.8.10\6d5560a229477df9406943d5feda5618e98eb64c\kotlin-stdlib-1.8.10.jar;C:\Users\SENESH\.gradle\caches\modules-2\files-2.1\org.jetbrains.kotlin\kotlin-script-runtime\1.8.10\b13ea9c7e46d589139e56086a878763290e20bd5\kotlin-script-runtime-1.8.10.jar;C:\Users\SENESH\.gradle\caches\modules-2\files-2.1\org.jetbrains.kotlin\kotlin-reflect\1.6.10\1cbe9c92c12a94eea200d23c2bbaedaf3daf5132\kotlin-reflect-1.6.10.jar;C:\Users\SENESH\.gradle\caches\modules-2\files-2.1\org.jetbrains.kotlin\kotlin-daemon-embeddable\1.8.10\ad8541d9bc1cf9e52c3204161247910c2cf601d4\kotlin-daemon-embeddable-1.8.10.jar;C:\Users\SENESH\.gradle\caches\modules-2\files-2.1\org.jetbrains.intellij.deps\trove4j\1.0.20200330\3afb14d5f9ceb459d724e907a21145e8ff394f02\trove4j-1.0.20200330.jar;C:\Users\SENESH\.gradle\caches\modules-2\files-2.1\net.java.dev.jna\jna\5.6.0\330f2244e9030119ab3030fc3fededc86713d9cc\jna-5.6.0.jar;C:\Users\SENESH\.gradle\caches\modules-2\files-2.1\org.jetbrains.kotlin\kotlin-stdlib-common\1.8.10\a61b182458550492c12aee66157d7b524a63a5ec\kotlin-stdlib-common-1.8.10.jar;C:\Users\SENESH\.gradle\caches\modules-2\files-2.1\org.jetbrains\annotations\13.0\919f0dfe192fb4e063e7dacadee7f8bb9a2672a9\annotations-13.0.jar
Launcher Type: SUN_STANDARD

[Global flags]
     intx CICompilerCount                          = 4                                         {product} {ergonomic}
     uint ConcGCThreads                            = 3                                         {product} {ergonomic}
     uint G1ConcRefinementThreads                  = 10                                        {product} {ergonomic}
   size_t G1HeapRegionSize                         = 1048576                                   {product} {ergonomic}
    uintx GCDrainStackTargetSize                   = 64                                        {product} {ergonomic}
   size_t InitialHeapSize                          = 132120576                                 {product} {ergonomic}
   size_t MarkStackSize                            = 4194304                                   {product} {ergonomic}
   size_t MaxHeapSize                              = 2109734912                                {product} {ergonomic}
   size_t MaxNewSize                               = 1265631232                                {product} {ergonomic}
   size_t MinHeapDeltaBytes                        = 1048576                                   {product} {ergonomic}
   size_t MinHeapSize                              = 8388608                                   {product} {ergonomic}
    uintx NonNMethodCodeHeapSize                   = 5839372                                {pd product} {ergonomic}
    uintx NonProfiledCodeHeapSize                  = 122909434                              {pd product} {ergonomic}
    uintx ProfiledCodeHeapSize                     = 122909434                              {pd product} {ergonomic}
    uintx ReservedCodeCacheSize                    = 251658240                              {pd product} {ergonomic}
     bool SegmentedCodeCache                       = true                                      {product} {ergonomic}
   size_t SoftMaxHeapSize                          = 2109734912                             {manageable} {ergonomic}
     bool UseCompressedClassPointers               = true                           {product lp64_product} {ergonomic}
     bool UseCompressedOops                        = true                           {product lp64_product} {ergonomic}
     bool UseG1GC                                  = true                                      {product} {ergonomic}
     bool UseLargePagesIndividualAllocation        = false                                  {pd product} {ergonomic}

Logging:
Log output configuration:
 #0: stdout all=warning uptime,level,tags
 #1: stderr all=off uptime,level,tags

Environment Variables:
JAVA_HOME=D:\programs\AndroidStudio\jbr
CLASSPATH=D:\Programing\summer_note\android\\gradle\wrapper\gradle-wrapper.jar
PATH=D:\programs\AndroidStudio\jbr\bin;D:\programs\flutter\bin\;;D:\programs\VULKAN\Bin;C:\Program Files\Common Files\Oracle\Java\javapath;C:\Windows\system32;C:\Windows;C:\Windows\System32\Wbem;C:\Windows\System32\WindowsPowerShell\v1.0\;C:\Windows\System32\OpenSSH\;C:\Program Files\NVIDIA Corporation\NVIDIA NvDLISR;C:\Program Files\Microsoft SQL Server\150\Tools\Binn\;C:\Program Files\Microsoft SQL Server\Client SDK\ODBC\170\Tools\Binn\;C:\Program Files (x86)\NVIDIA Corporation\PhysX\Common;D:\programs\Microsoft VS Code\bin;D:\programs\Node\;D:\programs\Git\cmd;C:\Program Files\dotnet\;C:\Program Files (x86)\Windows Kits\10\Windows Performance Toolkit\;C:\ProgramData\chocolatey\bin;D:\programs\Anaconda;D:\programs\Anaconda\Library\mingw-w64\bin;D:\programs\Anaconda\Library\usr\bin;D:\programs\Anaconda\Library\bin;D:\programs\Anaconda\Scripts;C:\Users\SENESH\.cargo\bin;D:\programs\Python\Scripts\;D:\programs\Python\;C:\Users\SENESH\AppData\Local\Programs\Python\Launcher\;C:\Users\SENESH\AppData\Local\Microsoft\WindowsApps;C:\Users\SENESH\AppData\Roaming\npm;C:\Users\SENESH\AppData\Local\Programs\oh-my-posh\bin;D:\programs\LLVM\bin;D:\programs\CMake\bin;D:\programs\flutter\bin;D:\programs\ChocoTools\dart-sdk\bin;C:\Users\SENESH\AppData\Local\Pub\Cache\bin;D:\programs\ChocoTools\dart-sdk;D:\programs\JDK 21bin;D:\programs\Tomcat\apache-tomcat-10.0.27\bin;C:\Users\SENESH\.dotnet\tools;D:\programs\flutter\bin\mingit\cmd
USERNAME=SENESH
LANG=en_US.UTF-8
OS=Windows_NT
PROCESSOR_IDENTIFIER=Intel64 Family 6 Model 158 Stepping 10, GenuineIntel
TMP=C:\Users\SENESH\AppData\Local\Temp
TEMP=C:\Users\SENESH\AppData\Local\Temp


JNI global refs:
JNI global refs: 8, weak refs: 0

JNI global refs memory usage: 843, weak refs: 841


---------------  S Y S T E M  ---------------

OS:
 Windows 11 , 64 bit Build 22621 (10.0.22621.2506)
OS uptime: 2 days 1:12 hours
Hyper-V role detected

CPU: total 12 (initial active 12) (6 cores per cpu, 2 threads per core) family 6 model 158 stepping 10 microcode 0xde, cx8, cmov, fxsr, ht, mmx, 3dnowpref, sse, sse2, sse3, ssse3, sse4.1, sse4.2, popcnt, lzcnt, tsc, tscinvbit, avx, avx2, aes, erms, clmul, bmi1, bmi2, adx, fma, vzeroupper, clflush, clflushopt, hv

Memory: 4k page, system-wide physical 8042M (551M free)
TotalPageFile size 24426M (AvailPageFile size 443M)
current process WorkingSet (physical memory assigned to process): 70M, peak: 70M
current process commit charge ("private bytes"): 218M, peak: 218M

vm_info: OpenJDK 64-Bit Server VM (17.0.6+0-b2043.56-10027231) for windows-amd64 JRE (17.0.6+0-b2043.56-10027231), built on Apr 28 2023 00:43:19 by "androidbuild" with MS VC++ 16.10 / 16.11 (VS2019)

END.
