#
# There is insufficient memory for the Java Runtime Environment to continue.
# Native memory allocation (malloc) failed to allocate 146624 bytes for Chunk::new
# Possible reasons:
#   The system is out of physical RAM or swap space
#   The process is running with CompressedOops enabled, and the Java Heap may be blocking the growth of the native heap
# Possible solutions:
#   Reduce memory load on the system
#   Increase physical memory or swap space
#   Check if swap backing store is full
#   Decrease Java heap size (-Xmx/-Xms)
#   Decrease number of Java threads
#   Decrease Java thread stack sizes (-Xss)
#   Set larger code cache with -XX:ReservedCodeCacheSize=
#   JVM is running with Unscaled Compressed Oops mode in which the Java heap is
#     placed in the first 4GB address space. The Java Heap base address is the
#     maximum limit for the native heap growth. Please use -XX:HeapBaseMinAddress
#     to set the Java Heap base and to place the Java Heap above 4GB virtual address.
# This output file may be truncated or incomplete.
#
#  Out of Memory Error (arena.cpp:189), pid=15052, tid=23412
#
# JRE version: OpenJDK Runtime Environment (17.0.6) (build 17.0.6+0-b2043.56-10027231)
# Java VM: OpenJDK 64-Bit Server VM (17.0.6+0-b2043.56-10027231, mixed mode, tiered, compressed oops, compressed class ptrs, g1 gc, windows-amd64)
# No core dump will be written. Minidumps are not enabled by default on client versions of Windows
#

---------------  S U M M A R Y ------------

Command Line: -Dorg.gradle.appname=gradlew org.gradle.wrapper.GradleWrapperMain -q -Ptarget-platform=android-arm,android-arm64,android-x64 -Ptarget=lib\main.dart -Pbase-application-name=android.app.Application -Pdart-obfuscation=false -Ptrack-widget-creation=true -Ptree-shake-icons=true assembleRelease

Host: Intel(R) Core(TM) i7-9750H CPU @ 2.60GHz, 12 cores, 7G,  Windows 11 , 64 bit Build 22621 (10.0.22621.2506)
Time: Sat Jan 13 17:45:32 2024 Sri Lanka Standard Time elapsed time: 129.778557 seconds (0d 0h 2m 9s)

---------------  T H R E A D  ---------------

Current thread (0x000002023984cdd0):  JavaThread "C2 CompilerThread0" daemon [_thread_in_native, id=23412, stack(0x0000005855900000,0x0000005855a00000)]


Current CompileTask:
C2: 129778 1729   !   4       org.gradle.internal.logging.sink.OutputEventTransformer::invokeListener (28 bytes)

Stack: [0x0000005855900000,0x0000005855a00000]
Native frames: (J=compiled Java code, j=interpreted, Vv=VM code, C=native code)
V  [jvm.dll+0x683c9a]
V  [jvm.dll+0x8427a4]
V  [jvm.dll+0x843f9e]
V  [jvm.dll+0x844603]
V  [jvm.dll+0x249b75]
V  [jvm.dll+0xabcac]
V  [jvm.dll+0xac27c]
V  [jvm.dll+0x368857]
V  [jvm.dll+0x332f31]
V  [jvm.dll+0x3323da]
V  [jvm.dll+0x21c201]
V  [jvm.dll+0x21b621]
V  [jvm.dll+0x1a4fdd]
V  [jvm.dll+0x22b098]
V  [jvm.dll+0x229159]
V  [jvm.dll+0x7f81ec]
V  [jvm.dll+0x7f274a]
V  [jvm.dll+0x682ad5]
C  [ucrtbase.dll+0x29363]
C  [KERNEL32.DLL+0x1257d]
C  [ntdll.dll+0x5aa58]


---------------  P R O C E S S  ---------------

Threads class SMR info:
_java_thread_list=0x000002023acf93c0, length=15, elements={
0x000002021edb0b30, 0x0000020238f01eb0, 0x0000020238f034c0, 0x00000202398475a0,
0x000002023984ae80, 0x000002023984b740, 0x000002023984c0f0, 0x000002023984cdd0,
0x000002023984e010, 0x000002023984ea00, 0x00000202399b2610, 0x00000202399b6af0,
0x0000020239e75600, 0x000002023ab10ff0, 0x000002023ad3e090
}

Java Threads: ( => current thread )
  0x000002021edb0b30 JavaThread "main" [_thread_in_native, id=19672, stack(0x0000005854c00000,0x0000005854d00000)]
  0x0000020238f01eb0 JavaThread "Reference Handler" daemon [_thread_blocked, id=10016, stack(0x0000005855300000,0x0000005855400000)]
  0x0000020238f034c0 JavaThread "Finalizer" daemon [_thread_blocked, id=14328, stack(0x0000005855400000,0x0000005855500000)]
  0x00000202398475a0 JavaThread "Signal Dispatcher" daemon [_thread_blocked, id=17056, stack(0x0000005855500000,0x0000005855600000)]
  0x000002023984ae80 JavaThread "Attach Listener" daemon [_thread_blocked, id=16692, stack(0x0000005855600000,0x0000005855700000)]
  0x000002023984b740 JavaThread "Service Thread" daemon [_thread_blocked, id=3812, stack(0x0000005855700000,0x0000005855800000)]
  0x000002023984c0f0 JavaThread "Monitor Deflation Thread" daemon [_thread_blocked, id=20476, stack(0x0000005855800000,0x0000005855900000)]
=>0x000002023984cdd0 JavaThread "C2 CompilerThread0" daemon [_thread_in_native, id=23412, stack(0x0000005855900000,0x0000005855a00000)]
  0x000002023984e010 JavaThread "C1 CompilerThread0" daemon [_thread_blocked, id=13296, stack(0x0000005855a00000,0x0000005855b00000)]
  0x000002023984ea00 JavaThread "Sweeper thread" daemon [_thread_blocked, id=23260, stack(0x0000005855b00000,0x0000005855c00000)]
  0x00000202399b2610 JavaThread "Notification Thread" daemon [_thread_blocked, id=13216, stack(0x0000005855c00000,0x0000005855d00000)]
  0x00000202399b6af0 JavaThread "Common-Cleaner" daemon [_thread_blocked, id=6092, stack(0x0000005855e00000,0x0000005855f00000)]
  0x0000020239e75600 JavaThread "pool-1-thread-1" [_thread_blocked, id=20760, stack(0x0000005856500000,0x0000005856600000)]
  0x000002023ab10ff0 JavaThread "DisconnectableInputStream source reader" daemon [_thread_in_native, id=15364, stack(0x0000005856600000,0x0000005856700000)]
  0x000002023ad3e090 JavaThread "Forward input" [_thread_blocked, id=23508, stack(0x0000005856700000,0x0000005856800000)]

Other Threads:
  0x0000020238efd9f0 VMThread "VM Thread" [stack: 0x0000005855200000,0x0000005855300000] [id=22752]
  0x000002021ee26370 WatcherThread [stack: 0x0000005855d00000,0x0000005855e00000] [id=328]
  0x000002021ee0d0c0 GCTaskThread "GC Thread#0" [stack: 0x0000005854d00000,0x0000005854e00000] [id=6764]
  0x000002023a1059b0 GCTaskThread "GC Thread#1" [stack: 0x0000005856100000,0x0000005856200000] [id=11748]
  0x000002023a4fe1d0 GCTaskThread "GC Thread#2" [stack: 0x0000005856200000,0x0000005856300000] [id=19560]
  0x000002023a819870 GCTaskThread "GC Thread#3" [stack: 0x0000005856300000,0x0000005856400000] [id=11492]
  0x000002023a824530 GCTaskThread "GC Thread#4" [stack: 0x0000005856400000,0x0000005856500000] [id=5984]
  0x000002021ee1fba0 ConcurrentGCThread "G1 Main Marker" [stack: 0x0000005854e00000,0x0000005854f00000] [id=14116]
  0x000002021ee205b0 ConcurrentGCThread "G1 Conc#0" [stack: 0x0000005854f00000,0x0000005855000000] [id=21796]
  0x000002021ee6e530 ConcurrentGCThread "G1 Refine#0" [stack: 0x0000005855000000,0x0000005855100000] [id=15976]
  0x0000020238d460e0 ConcurrentGCThread "G1 Service" [stack: 0x0000005855100000,0x0000005855200000] [id=19356]

Threads with active compile tasks:
C2 CompilerThread0   129803 1729   !   4       org.gradle.internal.logging.sink.OutputEventTransformer::invokeListener (28 bytes)

VM state: not at safepoint (normal execution)

VM Mutex/Monitor currently owned by a thread: None

Heap address: 0x0000000082400000, size: 2012 MB, Compressed Oops mode: 32-bit

CDS archive(s) not mapped
Compressed class space mapped at: 0x0000000100000000-0x0000000140000000, reserved size: 1073741824
Narrow klass base: 0x0000000000000000, Narrow klass shift: 3, Narrow klass range: 0x140000000

GC Precious Log:
 CPUs: 12 total, 12 available
 Memory: 8042M
 Large Page Support: Disabled
 NUMA Support: Disabled
 Compressed Oops: Enabled (32-bit)
 Heap Region Size: 1M
 Heap Min Capacity: 8M
 Heap Initial Capacity: 126M
 Heap Max Capacity: 2012M
 Pre-touch: Disabled
 Parallel Workers: 10
 Concurrent Workers: 3
 Concurrent Refinement Workers: 10
 Periodic GC: Disabled

Heap:
 garbage-first heap   total 129024K, used 34976K [0x0000000082400000, 0x0000000100000000)
  region size 1024K, 28 young (28672K), 3 survivors (3072K)
 Metaspace       used 18395K, committed 18560K, reserved 1073152K
  class space    used 2094K, committed 2176K, reserved 1048576K

Heap Regions: E=young(eden), S=young(survivor), O=old, HS=humongous(starts), HC=humongous(continues), CS=collection set, F=free, OA=open archive, CA=closed archive, TAMS=top-at-mark-start (previous, next)
|   0|0x0000000082400000, 0x0000000082500000, 0x0000000082500000|100%|HS|  |TAMS 0x0000000082400000, 0x0000000082400000| Complete 
|   1|0x0000000082500000, 0x0000000082600000, 0x0000000082600000|100%|HC|  |TAMS 0x0000000082500000, 0x0000000082500000| Complete 
|   2|0x0000000082600000, 0x0000000082700000, 0x0000000082700000|100%|HC|  |TAMS 0x0000000082600000, 0x0000000082600000| Complete 
|   3|0x0000000082700000, 0x0000000082800000, 0x0000000082800000|100%|HC|  |TAMS 0x0000000082700000, 0x0000000082700000| Complete 
|   4|0x0000000082800000, 0x0000000082900000, 0x0000000082900000|100%| O|  |TAMS 0x0000000082800000, 0x0000000082800000| Untracked 
|   5|0x0000000082900000, 0x0000000082a00000, 0x0000000082a00000|100%| O|  |TAMS 0x0000000082900000, 0x0000000082900000| Untracked 
|   6|0x0000000082a00000, 0x0000000082b00000, 0x0000000082b00000|100%| O|  |TAMS 0x0000000082a00000, 0x0000000082a00000| Untracked 
|   7|0x0000000082b00000, 0x0000000082b28000, 0x0000000082c00000| 15%| O|  |TAMS 0x0000000082b00000, 0x0000000082b00000| Untracked 
|   8|0x0000000082c00000, 0x0000000082c00000, 0x0000000082d00000|  0%| F|  |TAMS 0x0000000082c00000, 0x0000000082c00000| Untracked 
|   9|0x0000000082d00000, 0x0000000082d00000, 0x0000000082e00000|  0%| F|  |TAMS 0x0000000082d00000, 0x0000000082d00000| Untracked 
|  10|0x0000000082e00000, 0x0000000082e00000, 0x0000000082f00000|  0%| F|  |TAMS 0x0000000082e00000, 0x0000000082e00000| Untracked 
|  11|0x0000000082f00000, 0x0000000082f00000, 0x0000000083000000|  0%| F|  |TAMS 0x0000000082f00000, 0x0000000082f00000| Untracked 
|  12|0x0000000083000000, 0x0000000083000000, 0x0000000083100000|  0%| F|  |TAMS 0x0000000083000000, 0x0000000083000000| Untracked 
|  13|0x0000000083100000, 0x0000000083100000, 0x0000000083200000|  0%| F|  |TAMS 0x0000000083100000, 0x0000000083100000| Untracked 
|  14|0x0000000083200000, 0x0000000083200000, 0x0000000083300000|  0%| F|  |TAMS 0x0000000083200000, 0x0000000083200000| Untracked 
|  15|0x0000000083300000, 0x0000000083300000, 0x0000000083400000|  0%| F|  |TAMS 0x0000000083300000, 0x0000000083300000| Untracked 
|  16|0x0000000083400000, 0x0000000083400000, 0x0000000083500000|  0%| F|  |TAMS 0x0000000083400000, 0x0000000083400000| Untracked 
|  17|0x0000000083500000, 0x0000000083500000, 0x0000000083600000|  0%| F|  |TAMS 0x0000000083500000, 0x0000000083500000| Untracked 
|  18|0x0000000083600000, 0x0000000083600000, 0x0000000083700000|  0%| F|  |TAMS 0x0000000083600000, 0x0000000083600000| Untracked 
|  19|0x0000000083700000, 0x0000000083700000, 0x0000000083800000|  0%| F|  |TAMS 0x0000000083700000, 0x0000000083700000| Untracked 
|  20|0x0000000083800000, 0x0000000083800000, 0x0000000083900000|  0%| F|  |TAMS 0x0000000083800000, 0x0000000083800000| Untracked 
|  21|0x0000000083900000, 0x0000000083900000, 0x0000000083a00000|  0%| F|  |TAMS 0x0000000083900000, 0x0000000083900000| Untracked 
|  22|0x0000000083a00000, 0x0000000083a00000, 0x0000000083b00000|  0%| F|  |TAMS 0x0000000083a00000, 0x0000000083a00000| Untracked 
|  23|0x0000000083b00000, 0x0000000083b00000, 0x0000000083c00000|  0%| F|  |TAMS 0x0000000083b00000, 0x0000000083b00000| Untracked 
|  24|0x0000000083c00000, 0x0000000083c00000, 0x0000000083d00000|  0%| F|  |TAMS 0x0000000083c00000, 0x0000000083c00000| Untracked 
|  25|0x0000000083d00000, 0x0000000083d00000, 0x0000000083e00000|  0%| F|  |TAMS 0x0000000083d00000, 0x0000000083d00000| Untracked 
|  26|0x0000000083e00000, 0x0000000083e00000, 0x0000000083f00000|  0%| F|  |TAMS 0x0000000083e00000, 0x0000000083e00000| Untracked 
|  27|0x0000000083f00000, 0x0000000083f00000, 0x0000000084000000|  0%| F|  |TAMS 0x0000000083f00000, 0x0000000083f00000| Untracked 
|  28|0x0000000084000000, 0x0000000084000000, 0x0000000084100000|  0%| F|  |TAMS 0x0000000084000000, 0x0000000084000000| Untracked 
|  29|0x0000000084100000, 0x0000000084100000, 0x0000000084200000|  0%| F|  |TAMS 0x0000000084100000, 0x0000000084100000| Untracked 
|  30|0x0000000084200000, 0x0000000084200000, 0x0000000084300000|  0%| F|  |TAMS 0x0000000084200000, 0x0000000084200000| Untracked 
|  31|0x0000000084300000, 0x0000000084300000, 0x0000000084400000|  0%| F|  |TAMS 0x0000000084300000, 0x0000000084300000| Untracked 
|  32|0x0000000084400000, 0x0000000084400000, 0x0000000084500000|  0%| F|  |TAMS 0x0000000084400000, 0x0000000084400000| Untracked 
|  33|0x0000000084500000, 0x0000000084500000, 0x0000000084600000|  0%| F|  |TAMS 0x0000000084500000, 0x0000000084500000| Untracked 
|  34|0x0000000084600000, 0x0000000084600000, 0x0000000084700000|  0%| F|  |TAMS 0x0000000084600000, 0x0000000084600000| Untracked 
|  35|0x0000000084700000, 0x0000000084700000, 0x0000000084800000|  0%| F|  |TAMS 0x0000000084700000, 0x0000000084700000| Untracked 
|  36|0x0000000084800000, 0x0000000084800000, 0x0000000084900000|  0%| F|  |TAMS 0x0000000084800000, 0x0000000084800000| Untracked 
|  37|0x0000000084900000, 0x0000000084900000, 0x0000000084a00000|  0%| F|  |TAMS 0x0000000084900000, 0x0000000084900000| Untracked 
|  38|0x0000000084a00000, 0x0000000084a00000, 0x0000000084b00000|  0%| F|  |TAMS 0x0000000084a00000, 0x0000000084a00000| Untracked 
|  39|0x0000000084b00000, 0x0000000084b00000, 0x0000000084c00000|  0%| F|  |TAMS 0x0000000084b00000, 0x0000000084b00000| Untracked 
|  40|0x0000000084c00000, 0x0000000084c00000, 0x0000000084d00000|  0%| F|  |TAMS 0x0000000084c00000, 0x0000000084c00000| Untracked 
|  41|0x0000000084d00000, 0x0000000084d00000, 0x0000000084e00000|  0%| F|  |TAMS 0x0000000084d00000, 0x0000000084d00000| Untracked 
|  42|0x0000000084e00000, 0x0000000084e00000, 0x0000000084f00000|  0%| F|  |TAMS 0x0000000084e00000, 0x0000000084e00000| Untracked 
|  43|0x0000000084f00000, 0x0000000084f00000, 0x0000000085000000|  0%| F|  |TAMS 0x0000000084f00000, 0x0000000084f00000| Untracked 
|  44|0x0000000085000000, 0x0000000085000000, 0x0000000085100000|  0%| F|  |TAMS 0x0000000085000000, 0x0000000085000000| Untracked 
|  45|0x0000000085100000, 0x0000000085100000, 0x0000000085200000|  0%| F|  |TAMS 0x0000000085100000, 0x0000000085100000| Untracked 
|  46|0x0000000085200000, 0x0000000085200000, 0x0000000085300000|  0%| F|  |TAMS 0x0000000085200000, 0x0000000085200000| Untracked 
|  47|0x0000000085300000, 0x0000000085300000, 0x0000000085400000|  0%| F|  |TAMS 0x0000000085300000, 0x0000000085300000| Untracked 
|  48|0x0000000085400000, 0x0000000085400000, 0x0000000085500000|  0%| F|  |TAMS 0x0000000085400000, 0x0000000085400000| Untracked 
|  49|0x0000000085500000, 0x0000000085500000, 0x0000000085600000|  0%| F|  |TAMS 0x0000000085500000, 0x0000000085500000| Untracked 
|  50|0x0000000085600000, 0x0000000085600000, 0x0000000085700000|  0%| F|  |TAMS 0x0000000085600000, 0x0000000085600000| Untracked 
|  51|0x0000000085700000, 0x0000000085700000, 0x0000000085800000|  0%| F|  |TAMS 0x0000000085700000, 0x0000000085700000| Untracked 
|  52|0x0000000085800000, 0x0000000085800000, 0x0000000085900000|  0%| F|  |TAMS 0x0000000085800000, 0x0000000085800000| Untracked 
|  53|0x0000000085900000, 0x0000000085900000, 0x0000000085a00000|  0%| F|  |TAMS 0x0000000085900000, 0x0000000085900000| Untracked 
|  54|0x0000000085a00000, 0x0000000085a00000, 0x0000000085b00000|  0%| F|  |TAMS 0x0000000085a00000, 0x0000000085a00000| Untracked 
|  55|0x0000000085b00000, 0x0000000085b00000, 0x0000000085c00000|  0%| F|  |TAMS 0x0000000085b00000, 0x0000000085b00000| Untracked 
|  56|0x0000000085c00000, 0x0000000085c00000, 0x0000000085d00000|  0%| F|  |TAMS 0x0000000085c00000, 0x0000000085c00000| Untracked 
|  57|0x0000000085d00000, 0x0000000085d00000, 0x0000000085e00000|  0%| F|  |TAMS 0x0000000085d00000, 0x0000000085d00000| Untracked 
|  58|0x0000000085e00000, 0x0000000085e00000, 0x0000000085f00000|  0%| F|  |TAMS 0x0000000085e00000, 0x0000000085e00000| Untracked 
|  59|0x0000000085f00000, 0x0000000085f00000, 0x0000000086000000|  0%| F|  |TAMS 0x0000000085f00000, 0x0000000085f00000| Untracked 
|  60|0x0000000086000000, 0x0000000086000000, 0x0000000086100000|  0%| F|  |TAMS 0x0000000086000000, 0x0000000086000000| Untracked 
|  61|0x0000000086100000, 0x0000000086100000, 0x0000000086200000|  0%| F|  |TAMS 0x0000000086100000, 0x0000000086100000| Untracked 
|  62|0x0000000086200000, 0x0000000086200000, 0x0000000086300000|  0%| F|  |TAMS 0x0000000086200000, 0x0000000086200000| Untracked 
|  63|0x0000000086300000, 0x0000000086300000, 0x0000000086400000|  0%| F|  |TAMS 0x0000000086300000, 0x0000000086300000| Untracked 
|  64|0x0000000086400000, 0x0000000086400000, 0x0000000086500000|  0%| F|  |TAMS 0x0000000086400000, 0x0000000086400000| Untracked 
|  65|0x0000000086500000, 0x0000000086500000, 0x0000000086600000|  0%| F|  |TAMS 0x0000000086500000, 0x0000000086500000| Untracked 
|  66|0x0000000086600000, 0x0000000086600000, 0x0000000086700000|  0%| F|  |TAMS 0x0000000086600000, 0x0000000086600000| Untracked 
|  67|0x0000000086700000, 0x0000000086700000, 0x0000000086800000|  0%| F|  |TAMS 0x0000000086700000, 0x0000000086700000| Untracked 
|  68|0x0000000086800000, 0x0000000086800000, 0x0000000086900000|  0%| F|  |TAMS 0x0000000086800000, 0x0000000086800000| Untracked 
|  69|0x0000000086900000, 0x0000000086900000, 0x0000000086a00000|  0%| F|  |TAMS 0x0000000086900000, 0x0000000086900000| Untracked 
|  70|0x0000000086a00000, 0x0000000086a00000, 0x0000000086b00000|  0%| F|  |TAMS 0x0000000086a00000, 0x0000000086a00000| Untracked 
|  71|0x0000000086b00000, 0x0000000086b00000, 0x0000000086c00000|  0%| F|  |TAMS 0x0000000086b00000, 0x0000000086b00000| Untracked 
|  72|0x0000000086c00000, 0x0000000086c00000, 0x0000000086d00000|  0%| F|  |TAMS 0x0000000086c00000, 0x0000000086c00000| Untracked 
|  73|0x0000000086d00000, 0x0000000086d00000, 0x0000000086e00000|  0%| F|  |TAMS 0x0000000086d00000, 0x0000000086d00000| Untracked 
|  74|0x0000000086e00000, 0x0000000086e00000, 0x0000000086f00000|  0%| F|  |TAMS 0x0000000086e00000, 0x0000000086e00000| Untracked 
|  75|0x0000000086f00000, 0x0000000086f00000, 0x0000000087000000|  0%| F|  |TAMS 0x0000000086f00000, 0x0000000086f00000| Untracked 
|  76|0x0000000087000000, 0x0000000087000000, 0x0000000087100000|  0%| F|  |TAMS 0x0000000087000000, 0x0000000087000000| Untracked 
|  77|0x0000000087100000, 0x0000000087100000, 0x0000000087200000|  0%| F|  |TAMS 0x0000000087100000, 0x0000000087100000| Untracked 
|  78|0x0000000087200000, 0x0000000087200000, 0x0000000087300000|  0%| F|  |TAMS 0x0000000087200000, 0x0000000087200000| Untracked 
|  79|0x0000000087300000, 0x0000000087300000, 0x0000000087400000|  0%| F|  |TAMS 0x0000000087300000, 0x0000000087300000| Untracked 
|  80|0x0000000087400000, 0x0000000087400000, 0x0000000087500000|  0%| F|  |TAMS 0x0000000087400000, 0x0000000087400000| Untracked 
|  81|0x0000000087500000, 0x0000000087500000, 0x0000000087600000|  0%| F|  |TAMS 0x0000000087500000, 0x0000000087500000| Untracked 
|  82|0x0000000087600000, 0x0000000087600000, 0x0000000087700000|  0%| F|  |TAMS 0x0000000087600000, 0x0000000087600000| Untracked 
|  83|0x0000000087700000, 0x0000000087700000, 0x0000000087800000|  0%| F|  |TAMS 0x0000000087700000, 0x0000000087700000| Untracked 
|  84|0x0000000087800000, 0x0000000087800000, 0x0000000087900000|  0%| F|  |TAMS 0x0000000087800000, 0x0000000087800000| Untracked 
|  85|0x0000000087900000, 0x0000000087900000, 0x0000000087a00000|  0%| F|  |TAMS 0x0000000087900000, 0x0000000087900000| Untracked 
|  86|0x0000000087a00000, 0x0000000087a00000, 0x0000000087b00000|  0%| F|  |TAMS 0x0000000087a00000, 0x0000000087a00000| Untracked 
|  87|0x0000000087b00000, 0x0000000087b00000, 0x0000000087c00000|  0%| F|  |TAMS 0x0000000087b00000, 0x0000000087b00000| Untracked 
|  88|0x0000000087c00000, 0x0000000087c00000, 0x0000000087d00000|  0%| F|  |TAMS 0x0000000087c00000, 0x0000000087c00000| Untracked 
|  89|0x0000000087d00000, 0x0000000087d00000, 0x0000000087e00000|  0%| F|  |TAMS 0x0000000087d00000, 0x0000000087d00000| Untracked 
|  90|0x0000000087e00000, 0x0000000087e00000, 0x0000000087f00000|  0%| F|  |TAMS 0x0000000087e00000, 0x0000000087e00000| Untracked 
|  91|0x0000000087f00000, 0x0000000087f00000, 0x0000000088000000|  0%| F|  |TAMS 0x0000000087f00000, 0x0000000087f00000| Untracked 
|  92|0x0000000088000000, 0x0000000088000000, 0x0000000088100000|  0%| F|  |TAMS 0x0000000088000000, 0x0000000088000000| Untracked 
|  93|0x0000000088100000, 0x0000000088100000, 0x0000000088200000|  0%| F|  |TAMS 0x0000000088100000, 0x0000000088100000| Untracked 
|  94|0x0000000088200000, 0x0000000088200000, 0x0000000088300000|  0%| F|  |TAMS 0x0000000088200000, 0x0000000088200000| Untracked 
|  95|0x0000000088300000, 0x0000000088300000, 0x0000000088400000|  0%| F|  |TAMS 0x0000000088300000, 0x0000000088300000| Untracked 
|  96|0x0000000088400000, 0x0000000088400000, 0x0000000088500000|  0%| F|  |TAMS 0x0000000088400000, 0x0000000088400000| Untracked 
|  97|0x0000000088500000, 0x0000000088500000, 0x0000000088600000|  0%| F|  |TAMS 0x0000000088500000, 0x0000000088500000| Untracked 
|  98|0x0000000088600000, 0x0000000088680800, 0x0000000088700000| 50%| E|  |TAMS 0x0000000088600000, 0x0000000088600000| Complete 
|  99|0x0000000088700000, 0x0000000088800000, 0x0000000088800000|100%| E|CS|TAMS 0x0000000088700000, 0x0000000088700000| Complete 
| 100|0x0000000088800000, 0x0000000088900000, 0x0000000088900000|100%| S|CS|TAMS 0x0000000088800000, 0x0000000088800000| Complete 
| 101|0x0000000088900000, 0x0000000088a00000, 0x0000000088a00000|100%| S|CS|TAMS 0x0000000088900000, 0x0000000088900000| Complete 
| 102|0x0000000088a00000, 0x0000000088b00000, 0x0000000088b00000|100%| S|CS|TAMS 0x0000000088a00000, 0x0000000088a00000| Complete 
| 103|0x0000000088b00000, 0x0000000088c00000, 0x0000000088c00000|100%| E|CS|TAMS 0x0000000088b00000, 0x0000000088b00000| Complete 
| 104|0x0000000088c00000, 0x0000000088d00000, 0x0000000088d00000|100%| E|CS|TAMS 0x0000000088c00000, 0x0000000088c00000| Complete 
| 105|0x0000000088d00000, 0x0000000088e00000, 0x0000000088e00000|100%| E|CS|TAMS 0x0000000088d00000, 0x0000000088d00000| Complete 
| 106|0x0000000088e00000, 0x0000000088f00000, 0x0000000088f00000|100%| E|CS|TAMS 0x0000000088e00000, 0x0000000088e00000| Complete 
| 107|0x0000000088f00000, 0x0000000089000000, 0x0000000089000000|100%| E|CS|TAMS 0x0000000088f00000, 0x0000000088f00000| Complete 
| 108|0x0000000089000000, 0x0000000089100000, 0x0000000089100000|100%| E|CS|TAMS 0x0000000089000000, 0x0000000089000000| Complete 
| 109|0x0000000089100000, 0x0000000089200000, 0x0000000089200000|100%| E|CS|TAMS 0x0000000089100000, 0x0000000089100000| Complete 
| 110|0x0000000089200000, 0x0000000089300000, 0x0000000089300000|100%| E|CS|TAMS 0x0000000089200000, 0x0000000089200000| Complete 
| 111|0x0000000089300000, 0x0000000089400000, 0x0000000089400000|100%| E|CS|TAMS 0x0000000089300000, 0x0000000089300000| Complete 
| 112|0x0000000089400000, 0x0000000089500000, 0x0000000089500000|100%| E|CS|TAMS 0x0000000089400000, 0x0000000089400000| Complete 
| 113|0x0000000089500000, 0x0000000089600000, 0x0000000089600000|100%| E|CS|TAMS 0x0000000089500000, 0x0000000089500000| Complete 
| 114|0x0000000089600000, 0x0000000089700000, 0x0000000089700000|100%| E|CS|TAMS 0x0000000089600000, 0x0000000089600000| Complete 
| 115|0x0000000089700000, 0x0000000089800000, 0x0000000089800000|100%| E|CS|TAMS 0x0000000089700000, 0x0000000089700000| Complete 
| 116|0x0000000089800000, 0x0000000089900000, 0x0000000089900000|100%| E|CS|TAMS 0x0000000089800000, 0x0000000089800000| Complete 
| 117|0x0000000089900000, 0x0000000089a00000, 0x0000000089a00000|100%| E|CS|TAMS 0x0000000089900000, 0x0000000089900000| Complete 
| 118|0x0000000089a00000, 0x0000000089b00000, 0x0000000089b00000|100%| E|CS|TAMS 0x0000000089a00000, 0x0000000089a00000| Complete 
| 119|0x0000000089b00000, 0x0000000089c00000, 0x0000000089c00000|100%| E|CS|TAMS 0x0000000089b00000, 0x0000000089b00000| Complete 
| 120|0x0000000089c00000, 0x0000000089d00000, 0x0000000089d00000|100%| E|CS|TAMS 0x0000000089c00000, 0x0000000089c00000| Complete 
| 121|0x0000000089d00000, 0x0000000089e00000, 0x0000000089e00000|100%| E|CS|TAMS 0x0000000089d00000, 0x0000000089d00000| Complete 
| 122|0x0000000089e00000, 0x0000000089f00000, 0x0000000089f00000|100%| E|CS|TAMS 0x0000000089e00000, 0x0000000089e00000| Complete 
| 123|0x0000000089f00000, 0x000000008a000000, 0x000000008a000000|100%| E|CS|TAMS 0x0000000089f00000, 0x0000000089f00000| Complete 
| 124|0x000000008a000000, 0x000000008a100000, 0x000000008a100000|100%| E|CS|TAMS 0x000000008a000000, 0x000000008a000000| Complete 
| 125|0x000000008a100000, 0x000000008a200000, 0x000000008a200000|100%| E|CS|TAMS 0x000000008a100000, 0x000000008a100000| Complete 

Card table byte_map: [0x0000020231bb0000,0x0000020231fa0000] _byte_map_base: 0x000002023179e000

Marking Bits (Prev, Next): (CMBitMap*) 0x000002021ee0d6d0, (CMBitMap*) 0x000002021ee0d710
 Prev Bits: [0x0000020232390000, 0x0000020234300000)
 Next Bits: [0x0000020234300000, 0x0000020236270000)

Polling page: 0x000002021cd90000

Metaspace:

Usage:
  Non-class:     15.92 MB used.
      Class:      2.05 MB used.
       Both:     17.96 MB used.

Virtual space:
  Non-class space:       24.00 MB reserved,      16.00 MB ( 67%) committed,  3 nodes.
      Class space:        1.00 GB reserved,       2.12 MB ( <1%) committed,  1 nodes.
             Both:        1.02 GB reserved,      18.12 MB (  2%) committed. 

Chunk freelists:
   Non-Class:  3.95 MB
       Class:  1.70 MB
        Both:  5.66 MB

MaxMetaspaceSize: unlimited
CompressedClassSpaceSize: 1.00 GB
Initial GC threshold: 21.00 MB
Current GC threshold: 21.00 MB
CDS: off
MetaspaceReclaimPolicy: balanced
 - commit_granule_bytes: 65536.
 - commit_granule_words: 8192.
 - virtual_space_node_default_size: 1048576.
 - enlarge_chunks_in_place: 1.
 - new_chunks_are_fully_committed: 0.
 - uncommit_free_chunks: 1.
 - use_allocation_guard: 0.
 - handle_deallocations: 1.


Internal statistics:

num_allocs_failed_limit: 0.
num_arena_births: 88.
num_arena_deaths: 0.
num_vsnodes_births: 4.
num_vsnodes_deaths: 0.
num_space_committed: 290.
num_space_uncommitted: 0.
num_chunks_returned_to_freelist: 0.
num_chunks_taken_from_freelist: 355.
num_chunk_merges: 0.
num_chunk_splits: 229.
num_chunks_enlarged: 183.
num_purges: 0.
num_inconsistent_stats: 0.

CodeHeap 'non-profiled nmethods': size=120000Kb used=799Kb max_used=799Kb free=119200Kb
 bounds [0x0000020229d40000, 0x0000020229fb0000, 0x0000020231270000]
CodeHeap 'profiled nmethods': size=120000Kb used=3236Kb max_used=3236Kb free=116763Kb
 bounds [0x0000020222270000, 0x00000202225a0000, 0x00000202297a0000]
CodeHeap 'non-nmethods': size=5760Kb used=1178Kb max_used=1217Kb free=4581Kb
 bounds [0x00000202297a0000, 0x0000020229a10000, 0x0000020229d40000]
 total_blobs=2205 nmethods=1728 adapters=390
 compilation: enabled
              stopped_count=0, restarted_count=0
 full_count=0

Compilation events (20 events):
Event: 112.945 Thread 0x000002023984e010 nmethod 1719 0x0000020222598a90 code [0x0000020222598c80, 0x0000020222599198]
Event: 115.138 Thread 0x000002023984cdd0 1720       4       jdk.internal.misc.Unsafe::weakCompareAndSetInt (11 bytes)
Event: 115.138 Thread 0x000002023984cdd0 nmethod 1720 0x0000020229e00090 code [0x0000020229e00200, 0x0000020229e00298]
Event: 115.341 Thread 0x000002023984cdd0 1721       4       org.gradle.internal.logging.events.ProgressCompleteEvent::getLogLevel (4 bytes)
Event: 115.341 Thread 0x000002023984cdd0 nmethod 1721 0x0000020229e00390 code [0x0000020229e00500, 0x0000020229e00578]
Event: 115.886 Thread 0x000002023984cdd0 1722       4       java.nio.MappedByteBuffer::flip (5 bytes)
Event: 115.887 Thread 0x000002023984cdd0 nmethod 1722 0x0000020229e00690 code [0x0000020229e00800, 0x0000020229e00898]
Event: 115.887 Thread 0x000002023984cdd0 1723   !   4       org.gradle.internal.remote.internal.inet.SocketConnection$SocketInputStream::read (155 bytes)
Event: 115.944 Thread 0x000002023984cdd0 nmethod 1723 0x0000020229e00990 code [0x0000020229e00cc0, 0x0000020229e046e0]
Event: 117.412 Thread 0x000002023984cdd0 1724       4       org.gradle.internal.operations.OperationIdentifier::equals (47 bytes)
Event: 117.413 Thread 0x000002023984cdd0 nmethod 1724 0x0000020229e06e90 code [0x0000020229e07020, 0x0000020229e07138]
Event: 128.140 Thread 0x000002023984cdd0 1725       4       jdk.internal.misc.Unsafe::putIntOpaque (9 bytes)
Event: 128.141 Thread 0x000002023984cdd0 nmethod 1725 0x0000020229e07290 code [0x0000020229e07400, 0x0000020229e07498]
Event: 128.538 Thread 0x000002023984cdd0 1726       4       java.util.concurrent.ThreadPoolExecutor::beforeExecute (1 bytes)
Event: 128.538 Thread 0x000002023984cdd0 nmethod 1726 0x0000020229e07590 code [0x0000020229e07700, 0x0000020229e07778]
Event: 128.633 Thread 0x000002023984cdd0 1727       4       java.lang.Thread::interrupted (23 bytes)
Event: 128.633 Thread 0x000002023984cdd0 nmethod 1727 0x0000020229e07890 code [0x0000020229e07a20, 0x0000020229e07ac8]
Event: 128.633 Thread 0x000002023984cdd0 1728       4       java.util.concurrent.ThreadPoolExecutor::afterExecute (1 bytes)
Event: 128.634 Thread 0x000002023984cdd0 nmethod 1728 0x0000020229e07b90 code [0x0000020229e07d00, 0x0000020229e07d78]
Event: 129.770 Thread 0x000002023984cdd0 1729   !   4       org.gradle.internal.logging.sink.OutputEventTransformer::invokeListener (28 bytes)

GC Heap History (2 events):
Event: 0.790 GC heap before
{Heap before GC invocations=0 (full 0):
 garbage-first heap   total 129024K, used 26624K [0x0000000082400000, 0x0000000100000000)
  region size 1024K, 23 young (23552K), 0 survivors (0K)
 Metaspace       used 11258K, committed 11392K, reserved 1064960K
  class space    used 1179K, committed 1280K, reserved 1048576K
}
Event: 0.796 GC heap after
{Heap after GC invocations=1 (full 0):
 garbage-first heap   total 129024K, used 10400K [0x0000000082400000, 0x0000000100000000)
  region size 1024K, 3 young (3072K), 3 survivors (3072K)
 Metaspace       used 11258K, committed 11392K, reserved 1064960K
  class space    used 1179K, committed 1280K, reserved 1048576K
}

Dll operation events (2 events):
Event: 0.006 Loaded shared library D:\programs\AndroidStudio\jbr\bin\java.dll
Event: 0.116 Loaded shared library D:\programs\AndroidStudio\jbr\bin\verify.dll

Deoptimization events (20 events):
Event: 129.770 Thread 0x000002021edb0b30 Uncommon trap: trap_request=0xffffff45 fr.pc=0x0000020229deade8 relative=0x00000000000001a8
Event: 129.770 Thread 0x000002021edb0b30 Uncommon trap: reason=unstable_if action=reinterpret pc=0x0000020229deade8 method=org.gradle.internal.logging.sink.OutputEventRenderer.onOutput(Lorg/gradle/internal/logging/events/OutputEvent;)V @ 24 c2
Event: 129.770 Thread 0x000002021edb0b30 DEOPT PACKING pc=0x0000020229deade8 sp=0x0000005854cfc7d0
Event: 129.770 Thread 0x000002021edb0b30 DEOPT UNPACKING pc=0x00000202297f69a3 sp=0x0000005854cfc770 mode 2
Event: 129.770 Thread 0x000002021edb0b30 Uncommon trap: trap_request=0xffffffde fr.pc=0x0000020229dee88c relative=0x000000000000316c
Event: 129.770 Thread 0x000002021edb0b30 Uncommon trap: reason=class_check action=maybe_recompile pc=0x0000020229dee88c method=org.gradle.internal.logging.sink.OutputEventTransformer.onOutput(Lorg/gradle/internal/logging/events/OutputEvent;)V @ 272 c2
Event: 129.770 Thread 0x000002021edb0b30 DEOPT PACKING pc=0x0000020229dee88c sp=0x0000005854cfc6d0
Event: 129.770 Thread 0x000002021edb0b30 DEOPT UNPACKING pc=0x00000202297f69a3 sp=0x0000005854cfc6e8 mode 2
Event: 129.770 Thread 0x000002021edb0b30 Uncommon trap: trap_request=0xffffffde fr.pc=0x0000020229dee88c relative=0x000000000000316c
Event: 129.770 Thread 0x000002021edb0b30 Uncommon trap: reason=class_check action=maybe_recompile pc=0x0000020229dee88c method=org.gradle.internal.logging.sink.OutputEventTransformer.onOutput(Lorg/gradle/internal/logging/events/OutputEvent;)V @ 272 c2
Event: 129.770 Thread 0x000002021edb0b30 DEOPT PACKING pc=0x0000020229dee88c sp=0x0000005854cfc6e0
Event: 129.770 Thread 0x000002021edb0b30 DEOPT UNPACKING pc=0x00000202297f69a3 sp=0x0000005854cfc6f8 mode 2
Event: 129.770 Thread 0x000002021edb0b30 Uncommon trap: trap_request=0xffffffde fr.pc=0x0000020229dee88c relative=0x000000000000316c
Event: 129.770 Thread 0x000002021edb0b30 Uncommon trap: reason=class_check action=maybe_recompile pc=0x0000020229dee88c method=org.gradle.internal.logging.sink.OutputEventTransformer.onOutput(Lorg/gradle/internal/logging/events/OutputEvent;)V @ 272 c2
Event: 129.770 Thread 0x000002021edb0b30 DEOPT PACKING pc=0x0000020229dee88c sp=0x0000005854cfc6e0
Event: 129.770 Thread 0x000002021edb0b30 DEOPT UNPACKING pc=0x00000202297f69a3 sp=0x0000005854cfc6f8 mode 2
Event: 129.770 Thread 0x000002021edb0b30 Uncommon trap: trap_request=0xffffff45 fr.pc=0x0000020229de7fe0 relative=0x0000000000000be0
Event: 129.770 Thread 0x000002021edb0b30 Uncommon trap: reason=unstable_if action=reinterpret pc=0x0000020229de7fe0 method=com.esotericsoftware.kryo.io.Input.readString()Ljava/lang/String; @ 98 c2
Event: 129.770 Thread 0x000002021edb0b30 DEOPT PACKING pc=0x0000020229de7fe0 sp=0x0000005854cfc420
Event: 129.770 Thread 0x000002021edb0b30 DEOPT UNPACKING pc=0x00000202297f69a3 sp=0x0000005854cfc328 mode 2

Classes unloaded (0 events):
No events

Classes redefined (0 events):
No events

Internal exceptions (20 events):
Event: 0.770 Thread 0x000002021edb0b30 Exception <a 'java/lang/NoSuchMethodError'{0x0000000088b85cd8}: 'java.lang.Object java.lang.invoke.DirectMethodHandle$Holder.invokeVirtual(java.lang.Object, java.lang.Object, java.lang.Object, java.lang.Object, java.lang.Object, java.lang.Object, java.lang.Object)'> (0x0000000088b85cd8) 
thrown [s\src\hotspot\share\interpreter\linkResolver.cpp, line 771]
Event: 0.771 Thread 0x000002021edb0b30 Exception <a 'java/lang/NoSuchMethodError'{0x0000000088b972e8}: 'java.lang.Object java.lang.invoke.Invokers$Holder.invoker(java.lang.Object, java.lang.Object, java.lang.Object)'> (0x0000000088b972e8) 
thrown [s\src\hotspot\share\interpreter\linkResolver.cpp, line 771]
Event: 0.774 Thread 0x000002021edb0b30 Exception <a 'java/lang/NoSuchMethodError'{0x0000000088ba0390}: 'java.lang.Object java.lang.invoke.DirectMethodHandle$Holder.invokeStatic(java.lang.Object, java.lang.Object, int)'> (0x0000000088ba0390) 
thrown [s\src\hotspot\share\interpreter\linkResolver.cpp, line 771]
Event: 0.777 Thread 0x000002021edb0b30 Exception <a 'java/lang/NoSuchMethodError'{0x0000000088bac080}: 'void java.lang.invoke.DelegatingMethodHandle$Holder.delegate(java.lang.Object, java.lang.Object, int, java.lang.Object)'> (0x0000000088bac080) 
thrown [s\src\hotspot\share\interpreter\linkResolver.cpp, line 771]
Event: 0.777 Thread 0x000002021edb0b30 Exception <a 'java/lang/NoSuchMethodError'{0x0000000088bb01c8}: 'int java.lang.invoke.DirectMethodHandle$Holder.invokeSpecial(java.lang.Object, java.lang.Object, java.lang.Object)'> (0x0000000088bb01c8) 
thrown [s\src\hotspot\share\interpreter\linkResolver.cpp, line 771]
Event: 0.780 Thread 0x000002021edb0b30 Exception <a 'java/lang/NoSuchMethodError'{0x0000000088bc33e8}: 'java.lang.Object java.lang.invoke.Invokers$Holder.invokeExact_MT(java.lang.Object, java.lang.Object, java.lang.Object, java.lang.Object)'> (0x0000000088bc33e8) 
thrown [s\src\hotspot\share\interpreter\linkResolver.cpp, line 771]
Event: 0.925 Thread 0x000002021edb0b30 Exception <a 'java/lang/NoSuchMethodError'{0x0000000089dc6d68}: 'void java.lang.invoke.DirectMethodHandle$Holder.invokeSpecial(java.lang.Object, java.lang.Object, java.lang.Object)'> (0x0000000089dc6d68) 
thrown [s\src\hotspot\share\interpreter\linkResolver.cpp, line 771]
Event: 0.935 Thread 0x000002021edb0b30 Implicit null exception at 0x0000020229d9608f to 0x0000020229d96604
Event: 0.935 Thread 0x000002021edb0b30 Implicit null exception at 0x0000020229d81e0f to 0x0000020229d8238c
Event: 0.950 Thread 0x000002021edb0b30 Exception <a 'java/lang/NoSuchMethodError'{0x0000000089b1fd58}: 'java.lang.Object java.lang.invoke.DirectMethodHandle$Holder.invokeStaticInit(java.lang.Object)'> (0x0000000089b1fd58) 
thrown [s\src\hotspot\share\interpreter\linkResolver.cpp, line 771]
Event: 1.043 Thread 0x000002021edb0b30 Exception <a 'java/lang/NoSuchMethodError'{0x00000000898d7140}: 'java.lang.Object java.lang.invoke.DirectMethodHandle$Holder.invokeStaticInit(java.lang.Object, int, int, int, int)'> (0x00000000898d7140) 
thrown [s\src\hotspot\share\interpreter\linkResolver.cpp, line 771]
Event: 1.097 Thread 0x000002021edb0b30 Exception <a 'java/lang/NoSuchMethodError'{0x00000000897963e0}: 'java.lang.Object java.lang.invoke.DirectMethodHandle$Holder.invokeStaticInit(java.lang.Object, java.lang.Object, int, int, int, int)'> (0x00000000897963e0) 
thrown [s\src\hotspot\share\interpreter\linkResolver.cpp, line 771]
Event: 1.240 Thread 0x000002021edb0b30 Exception <a 'java/lang/NoSuchMethodError'{0x00000000897c45c8}: 'void java.lang.invoke.DirectMethodHandle$Holder.invokeStatic(java.lang.Object, java.lang.Object, java.lang.Object)'> (0x00000000897c45c8) 
thrown [s\src\hotspot\share\interpreter\linkResolver.cpp, line 771]
Event: 1.256 Thread 0x000002021edb0b30 Implicit null exception at 0x0000020229d73972 to 0x0000020229d73f8c
Event: 1.256 Thread 0x000002021edb0b30 Implicit null exception at 0x0000020229d878f2 to 0x0000020229d87f0c
Event: 1.409 Thread 0x000002023ac7dc30 Exception <a 'java/lang/NoSuchMethodError'{0x0000000088f8b448}: 'void java.lang.invoke.DirectMethodHandle$Holder.invokeStatic(java.lang.Object, long)'> (0x0000000088f8b448) 
thrown [s\src\hotspot\share\interpreter\linkResolver.cpp, line 771]
Event: 1.409 Thread 0x000002023ac7dc30 Exception <a 'java/lang/NoSuchMethodError'{0x0000000088f90af8}: 'java.lang.Object java.lang.invoke.DirectMethodHandle$Holder.newInvokeSpecial(java.lang.Object, long)'> (0x0000000088f90af8) 
thrown [s\src\hotspot\share\interpreter\linkResolver.cpp, line 771]
Event: 1.410 Thread 0x000002023ac7dc30 Exception <a 'java/lang/NoSuchMethodError'{0x0000000088f9b6a0}: 'java.lang.Object java.lang.invoke.DirectMethodHandle$Holder.invokeStaticInit(java.lang.Object, java.lang.Object, long, java.lang.Object)'> (0x0000000088f9b6a0) 
thrown [s\src\hotspot\share\interpreter\linkResolver.cpp, line 771]
Event: 1.411 Thread 0x000002023ac7dc30 Exception <a 'java/lang/NoSuchMethodError'{0x0000000088fa1d28}: 'java.lang.Object java.lang.invoke.DirectMethodHandle$Holder.newInvokeSpecial(java.lang.Object, java.lang.Object, long)'> (0x0000000088fa1d28) 
thrown [s\src\hotspot\share\interpreter\linkResolver.cpp, line 771]
Event: 1.411 Thread 0x000002023ac7dc30 Exception <a 'java/lang/NoSuchMethodError'{0x0000000088fa6018}: 'java.lang.Object java.lang.invoke.Invokers$Holder.linkToTargetMethod(java.lang.Object, long, java.lang.Object)'> (0x0000000088fa6018) 
thrown [s\src\hotspot\share\interpreter\linkResolver.cpp, line 771]

VM Operations (20 events):
Event: 67.984 Executing VM operation: Cleanup
Event: 67.984 Executing VM operation: Cleanup done
Event: 81.082 Executing VM operation: Cleanup
Event: 81.082 Executing VM operation: Cleanup done
Event: 85.132 Executing VM operation: Cleanup
Event: 85.132 Executing VM operation: Cleanup done
Event: 90.184 Executing VM operation: Cleanup
Event: 90.184 Executing VM operation: Cleanup done
Event: 91.186 Executing VM operation: Cleanup
Event: 91.186 Executing VM operation: Cleanup done
Event: 100.271 Executing VM operation: Cleanup
Event: 100.271 Executing VM operation: Cleanup done
Event: 112.395 Executing VM operation: Cleanup
Event: 112.395 Executing VM operation: Cleanup done
Event: 113.399 Executing VM operation: Cleanup
Event: 113.399 Executing VM operation: Cleanup done
Event: 116.405 Executing VM operation: Cleanup
Event: 116.405 Executing VM operation: Cleanup done
Event: 118.430 Executing VM operation: Cleanup
Event: 118.430 Executing VM operation: Cleanup done

Events (20 events):
Event: 7.238 loading class jdk/internal/reflect/ByteVectorImpl
Event: 7.238 loading class jdk/internal/reflect/ByteVector
Event: 7.238 loading class jdk/internal/reflect/ByteVector done
Event: 7.238 loading class jdk/internal/reflect/ByteVectorImpl done
Event: 7.238 loading class jdk/internal/reflect/ClassFileAssembler
Event: 7.238 loading class jdk/internal/reflect/ClassFileAssembler done
Event: 7.238 loading class jdk/internal/reflect/UTF8
Event: 7.238 loading class jdk/internal/reflect/UTF8 done
Event: 7.239 loading class jdk/internal/reflect/Label
Event: 7.239 loading class jdk/internal/reflect/Label done
Event: 7.239 loading class jdk/internal/reflect/Label$PatchInfo
Event: 7.239 loading class jdk/internal/reflect/Label$PatchInfo done
Event: 7.239 loading class jdk/internal/reflect/MethodAccessorGenerator$1
Event: 7.239 loading class jdk/internal/reflect/MethodAccessorGenerator$1 done
Event: 7.239 loading class jdk/internal/reflect/ClassDefiner
Event: 7.239 loading class jdk/internal/reflect/ClassDefiner done
Event: 7.239 loading class jdk/internal/reflect/ClassDefiner$1
Event: 7.239 loading class jdk/internal/reflect/ClassDefiner$1 done
Event: 112.458 loading class jdk/internal/misc/ScopedMemoryAccess$Scope$Handle
Event: 112.458 loading class jdk/internal/misc/ScopedMemoryAccess$Scope$Handle done


Dynamic libraries:
0x00007ff7e6860000 - 0x00007ff7e686a000 	D:\programs\AndroidStudio\jbr\bin\java.exe
0x00007ffbd00d0000 - 0x00007ffbd02e7000 	C:\Windows\SYSTEM32\ntdll.dll
0x00007ffbcedf0000 - 0x00007ffbceeb4000 	C:\Windows\System32\KERNEL32.DLL
0x00007ffbcd990000 - 0x00007ffbcdd36000 	C:\Windows\System32\KERNELBASE.dll
0x00007ffbcd7d0000 - 0x00007ffbcd8e1000 	C:\Windows\System32\ucrtbase.dll
0x00007ffbb5d00000 - 0x00007ffbb5d1b000 	D:\programs\AndroidStudio\jbr\bin\VCRUNTIME140.dll
0x00007ffbc74f0000 - 0x00007ffbc7507000 	D:\programs\AndroidStudio\jbr\bin\jli.dll
0x00007ffbcfd90000 - 0x00007ffbcff3e000 	C:\Windows\System32\USER32.dll
0x00007ffbcdd40000 - 0x00007ffbcdd66000 	C:\Windows\System32\win32u.dll
0x00007ffbb9250000 - 0x00007ffbb94e3000 	C:\Windows\WinSxS\amd64_microsoft.windows.common-controls_6595b64144ccf1df_6.0.22621.2506_none_270c5ae97388e100\COMCTL32.dll
0x00007ffbcfca0000 - 0x00007ffbcfd47000 	C:\Windows\System32\msvcrt.dll
0x00007ffbcfa50000 - 0x00007ffbcfa79000 	C:\Windows\System32\GDI32.dll
0x00007ffbcd6b0000 - 0x00007ffbcd7c8000 	C:\Windows\System32\gdi32full.dll
0x00007ffbcd8f0000 - 0x00007ffbcd98a000 	C:\Windows\System32\msvcp_win.dll
0x00007ffbcfd50000 - 0x00007ffbcfd81000 	C:\Windows\System32\IMM32.DLL
0x00007ffbcafc0000 - 0x00007ffbcafcc000 	D:\programs\AndroidStudio\jbr\bin\vcruntime140_1.dll
0x00007ffb93b90000 - 0x00007ffb93c1d000 	D:\programs\AndroidStudio\jbr\bin\msvcp140.dll
0x00007ffb73710000 - 0x00007ffb7437e000 	D:\programs\AndroidStudio\jbr\bin\server\jvm.dll
0x00007ffbcf990000 - 0x00007ffbcfa43000 	C:\Windows\System32\ADVAPI32.dll
0x00007ffbce9a0000 - 0x00007ffbcea48000 	C:\Windows\System32\sechost.dll
0x00007ffbcddf0000 - 0x00007ffbcde18000 	C:\Windows\System32\bcrypt.dll
0x00007ffbcecd0000 - 0x00007ffbcede7000 	C:\Windows\System32\RPCRT4.dll
0x00007ffbc6990000 - 0x00007ffbc69c4000 	C:\Windows\SYSTEM32\WINMM.dll
0x00007ffbcac00000 - 0x00007ffbcac09000 	C:\Windows\SYSTEM32\WSOCK32.dll
0x00007ffbcaec0000 - 0x00007ffbcaeca000 	C:\Windows\SYSTEM32\VERSION.dll
0x00007ffbcde40000 - 0x00007ffbcdeb1000 	C:\Windows\System32\WS2_32.dll
0x00007ffbcc400000 - 0x00007ffbcc418000 	C:\Windows\SYSTEM32\kernel.appcore.dll
0x00007ffbcaef0000 - 0x00007ffbcaefa000 	D:\programs\AndroidStudio\jbr\bin\jimage.dll
0x00007ffbc4340000 - 0x00007ffbc4573000 	C:\Windows\SYSTEM32\DBGHELP.DLL
0x00007ffbcf080000 - 0x00007ffbcf409000 	C:\Windows\System32\combase.dll
0x00007ffbcfa80000 - 0x00007ffbcfb57000 	C:\Windows\System32\OLEAUT32.dll
0x00007ffbc3fb0000 - 0x00007ffbc3fe2000 	C:\Windows\SYSTEM32\dbgcore.DLL
0x00007ffbcdd70000 - 0x00007ffbcddea000 	C:\Windows\System32\bcryptPrimitives.dll
0x00007ffba6380000 - 0x00007ffba63a5000 	D:\programs\AndroidStudio\jbr\bin\java.dll
0x00007ffbb5140000 - 0x00007ffbb5158000 	D:\programs\AndroidStudio\jbr\bin\zip.dll
0x00007ffbcdfc0000 - 0x00007ffbce81a000 	C:\Windows\System32\SHELL32.dll
0x00007ffbcb310000 - 0x00007ffbcbc06000 	C:\Windows\SYSTEM32\windows.storage.dll
0x00007ffbcb1d0000 - 0x00007ffbcb30e000 	C:\Windows\SYSTEM32\wintypes.dll
0x00007ffbcdec0000 - 0x00007ffbcdfb3000 	C:\Windows\System32\SHCORE.dll
0x00007ffbce890000 - 0x00007ffbce8ee000 	C:\Windows\System32\shlwapi.dll
0x00007ffbcd340000 - 0x00007ffbcd366000 	C:\Windows\SYSTEM32\profapi.dll
0x00007ffbb34e0000 - 0x00007ffbb34f9000 	D:\programs\AndroidStudio\jbr\bin\net.dll
0x00007ffbc7650000 - 0x00007ffbc7787000 	C:\Windows\SYSTEM32\WINHTTP.dll
0x00007ffbcc880000 - 0x00007ffbcc8e9000 	C:\Windows\system32\mswsock.dll
0x00007ffbb1b10000 - 0x00007ffbb1b26000 	D:\programs\AndroidStudio\jbr\bin\nio.dll
0x00007ffbca570000 - 0x00007ffbca580000 	D:\programs\AndroidStudio\jbr\bin\verify.dll
0x00007ffba6440000 - 0x00007ffba6467000 	C:\Users\SENESH\.gradle\native\68d5fa5c4cc2d200863cafc0d521ce42e7d3e7ee720ec0a83991735586a16f82\windows-amd64\native-platform.dll
0x00007ffbca2e0000 - 0x00007ffbca2e9000 	D:\programs\AndroidStudio\jbr\bin\management.dll
0x00007ffbc7ae0000 - 0x00007ffbc7aeb000 	D:\programs\AndroidStudio\jbr\bin\management_ext.dll
0x00007ffbcf500000 - 0x00007ffbcf508000 	C:\Windows\System32\PSAPI.DLL
0x00007ffbccb20000 - 0x00007ffbccb3b000 	C:\Windows\SYSTEM32\CRYPTSP.dll
0x00007ffbcc360000 - 0x00007ffbcc395000 	C:\Windows\system32\rsaenh.dll
0x00007ffbcc940000 - 0x00007ffbcc96c000 	C:\Windows\SYSTEM32\USERENV.dll
0x00007ffbccb50000 - 0x00007ffbccb5c000 	C:\Windows\SYSTEM32\CRYPTBASE.dll
0x00007ffbcbeb0000 - 0x00007ffbcbedd000 	C:\Windows\SYSTEM32\IPHLPAPI.DLL
0x00007ffbcf4f0000 - 0x00007ffbcf4f9000 	C:\Windows\System32\NSI.dll
0x00007ffbc7110000 - 0x00007ffbc7129000 	C:\Windows\SYSTEM32\dhcpcsvc6.DLL
0x00007ffbc70a0000 - 0x00007ffbc70bf000 	C:\Windows\SYSTEM32\dhcpcsvc.DLL
0x00007ffbcbee0000 - 0x00007ffbcbfd9000 	C:\Windows\SYSTEM32\DNSAPI.dll
0x00007ffbb7920000 - 0x00007ffbb7928000 	C:\Windows\system32\wshunix.dll

dbghelp: loaded successfully - version: 4.0.5 - missing functions: none
symbol engine: initialized successfully - sym options: 0x614 - pdb path: .;D:\programs\AndroidStudio\jbr\bin;C:\Windows\SYSTEM32;C:\Windows\WinSxS\amd64_microsoft.windows.common-controls_6595b64144ccf1df_6.0.22621.2506_none_270c5ae97388e100;D:\programs\AndroidStudio\jbr\bin\server;C:\Users\SENESH\.gradle\native\68d5fa5c4cc2d200863cafc0d521ce42e7d3e7ee720ec0a83991735586a16f82\windows-amd64

VM Arguments:
jvm_args: -Dorg.gradle.appname=gradlew 
java_command: org.gradle.wrapper.GradleWrapperMain -q -Ptarget-platform=android-arm,android-arm64,android-x64 -Ptarget=lib\main.dart -Pbase-application-name=android.app.Application -Pdart-obfuscation=false -Ptrack-widget-creation=true -Ptree-shake-icons=true assembleRelease
java_class_path (initial): D:\Programing\summer_note\android\\gradle\wrapper\gradle-wrapper.jar
Launcher Type: SUN_STANDARD

[Global flags]
     intx CICompilerCount                          = 4                                         {product} {ergonomic}
     uint ConcGCThreads                            = 3                                         {product} {ergonomic}
     uint G1ConcRefinementThreads                  = 10                                        {product} {ergonomic}
   size_t G1HeapRegionSize                         = 1048576                                   {product} {ergonomic}
    uintx GCDrainStackTargetSize                   = 64                                        {product} {ergonomic}
   size_t InitialHeapSize                          = 132120576                                 {product} {ergonomic}
   size_t MarkStackSize                            = 4194304                                   {product} {ergonomic}
   size_t MaxHeapSize                              = 2109734912                                {product} {ergonomic}
   size_t MaxNewSize                               = 1265631232                                {product} {ergonomic}
   size_t MinHeapDeltaBytes                        = 1048576                                   {product} {ergonomic}
   size_t MinHeapSize                              = 8388608                                   {product} {ergonomic}
    uintx NonNMethodCodeHeapSize                   = 5839372                                {pd product} {ergonomic}
    uintx NonProfiledCodeHeapSize                  = 122909434                              {pd product} {ergonomic}
    uintx ProfiledCodeHeapSize                     = 122909434                              {pd product} {ergonomic}
    uintx ReservedCodeCacheSize                    = 251658240                              {pd product} {ergonomic}
     bool SegmentedCodeCache                       = true                                      {product} {ergonomic}
   size_t SoftMaxHeapSize                          = 2109734912                             {manageable} {ergonomic}
     bool UseCompressedClassPointers               = true                           {product lp64_product} {ergonomic}
     bool UseCompressedOops                        = true                           {product lp64_product} {ergonomic}
     bool UseG1GC                                  = true                                      {product} {ergonomic}
     bool UseLargePagesIndividualAllocation        = false                                  {pd product} {ergonomic}

Logging:
Log output configuration:
 #0: stdout all=warning uptime,level,tags
 #1: stderr all=off uptime,level,tags

Environment Variables:
JAVA_HOME=D:\programs\AndroidStudio\jbr
CLASSPATH=D:\Programing\summer_note\android\\gradle\wrapper\gradle-wrapper.jar
PATH=D:\programs\AndroidStudio\jbr\bin;D:\programs\flutter\bin\;;D:\programs\VULKAN\Bin;C:\Program Files\Common Files\Oracle\Java\javapath;C:\Windows\system32;C:\Windows;C:\Windows\System32\Wbem;C:\Windows\System32\WindowsPowerShell\v1.0\;C:\Windows\System32\OpenSSH\;C:\Program Files\NVIDIA Corporation\NVIDIA NvDLISR;C:\Program Files\Microsoft SQL Server\150\Tools\Binn\;C:\Program Files\Microsoft SQL Server\Client SDK\ODBC\170\Tools\Binn\;C:\Program Files (x86)\NVIDIA Corporation\PhysX\Common;D:\programs\Microsoft VS Code\bin;D:\programs\Node\;D:\programs\Git\cmd;C:\Program Files\dotnet\;C:\Program Files (x86)\Windows Kits\10\Windows Performance Toolkit\;C:\ProgramData\chocolatey\bin;D:\programs\Anaconda;D:\programs\Anaconda\Library\mingw-w64\bin;D:\programs\Anaconda\Library\usr\bin;D:\programs\Anaconda\Library\bin;D:\programs\Anaconda\Scripts;C:\Users\SENESH\.cargo\bin;D:\programs\Python\Scripts\;D:\programs\Python\;C:\Users\SENESH\AppData\Local\Programs\Python\Launcher\;C:\Users\SENESH\AppData\Local\Microsoft\WindowsApps;C:\Users\SENESH\AppData\Roaming\npm;C:\Users\SENESH\AppData\Local\Programs\oh-my-posh\bin;D:\programs\LLVM\bin;D:\programs\CMake\bin;D:\programs\flutter\bin;D:\programs\ChocoTools\dart-sdk\bin;C:\Users\SENESH\AppData\Local\Pub\Cache\bin;D:\programs\ChocoTools\dart-sdk;D:\programs\JDK 21bin;D:\programs\Tomcat\apache-tomcat-10.0.27\bin;C:\Users\SENESH\.dotnet\tools;D:\programs\flutter\bin\mingit\cmd
USERNAME=SENESH
LANG=en_US.UTF-8
OS=Windows_NT
PROCESSOR_IDENTIFIER=Intel64 Family 6 Model 158 Stepping 10, GenuineIntel
TMP=C:\Users\SENESH\AppData\Local\Temp
TEMP=C:\Users\SENESH\AppData\Local\Temp


JNI global refs:
JNI global refs: 20, weak refs: 1

JNI global refs memory usage: 843, weak refs: 841


---------------  S Y S T E M  ---------------

OS:
 Windows 11 , 64 bit Build 22621 (10.0.22621.2506)
OS uptime: 2 days 1:12 hours
Hyper-V role detected

CPU: total 12 (initial active 12) (6 cores per cpu, 2 threads per core) family 6 model 158 stepping 10 microcode 0xde, cx8, cmov, fxsr, ht, mmx, 3dnowpref, sse, sse2, sse3, ssse3, sse4.1, sse4.2, popcnt, lzcnt, tsc, tscinvbit, avx, avx2, aes, erms, clmul, bmi1, bmi2, adx, fma, vzeroupper, clflush, clflushopt, hv

Memory: 4k page, system-wide physical 8042M (339M free)
TotalPageFile size 24426M (AvailPageFile size 0M)
current process WorkingSet (physical memory assigned to process): 41M, peak: 103M
current process commit charge ("private bytes"): 233M, peak: 240M

vm_info: OpenJDK 64-Bit Server VM (17.0.6+0-b2043.56-10027231) for windows-amd64 JRE (17.0.6+0-b2043.56-10027231), built on Apr 28 2023 00:43:19 by "androidbuild" with MS VC++ 16.10 / 16.11 (VS2019)

END.
